#
# There is insufficient memory for the Java Runtime Environment to continue.
# Native memory allocation (mmap) failed to map 73400320 bytes for committing reserved memory.
# Possible reasons:
#   The system is out of physical RAM or swap space
#   The process is running with CompressedOops enabled, and the Java Heap may be blocking the growth of the native heap
# Possible solutions:
#   Reduce memory load on the system
#   Increase physical memory or swap space
#   Check if swap backing store is full
#   Decrease Java heap size (-Xmx/-Xms)
#   Decrease number of Java threads
#   Decrease Java thread stack sizes (-Xss)
#   Set larger code cache with -XX:ReservedCodeCacheSize=
#   JVM is running with Unscaled Compressed Oops mode in which the Java heap is
#     placed in the first 4GB address space. The Java Heap base address is the
#     maximum limit for the native heap growth. Please use -XX:HeapBaseMinAddress
#     to set the Java Heap base and to place the Java Heap above 4GB virtual address.
# This output file may be truncated or incomplete.
#
#  Out of Memory Error (os_linux.cpp:2757), pid=3991, tid=0x00007f7c1c9f9700
#
# JRE version: OpenJDK Runtime Environment (8.0_252-b09) (build 1.8.0_252-8u252-b09-1~16.04-b09)
# Java VM: OpenJDK 64-Bit Server VM (25.252-b09 mixed mode linux-amd64 compressed oops)
# Failed to write core dump. Core dumps have been disabled. To enable core dumping, try "ulimit -c unlimited" before starting Java again
#

---------------  T H R E A D  ---------------

Current thread (0x00007f7c2c13f800):  VMThread [stack: 0x00007f7c1c8f9000,0x00007f7c1c9fa000] [id=4000]

Stack: [0x00007f7c1c8f9000,0x00007f7c1c9fa000],  sp=0x00007f7c1c9f8370,  free space=1020k
Native frames: (J=compiled Java code, j=interpreted, Vv=VM code, C=native code)
V  [libjvm.so+0xa7af9b]
V  [libjvm.so+0x4ccc7c]
V  [libjvm.so+0x8c8ce8]
V  [libjvm.so+0x8c032e]
V  [libjvm.so+0x93e076]
V  [libjvm.so+0x93f3a3]
V  [libjvm.so+0x93ba84]
V  [libjvm.so+0x9348d9]
V  [libjvm.so+0x44efc3]
V  [libjvm.so+0xa7c5b9]
V  [libjvm.so+0xa81db7]
V  [libjvm.so+0xa7f5c7]
V  [libjvm.so+0xa80855]
V  [libjvm.so+0xa80e22]
V  [libjvm.so+0x8c6042]

VM_Operation (0x00007f7c36452ab0): CollectForMetadataAllocation, mode: safepoint, requested by thread 0x00007f7c2c00b000


---------------  P R O C E S S  ---------------

Java Threads: ( => current thread )
  0x00007f7c2c18f800 JavaThread "Service Thread" daemon [_thread_blocked, id=4007, stack(0x00007f7c1c05a000,0x00007f7c1c15b000)]
  0x00007f7c2c184000 JavaThread "C1 CompilerThread2" daemon [_thread_blocked, id=4006, stack(0x00007f7c1c15b000,0x00007f7c1c25c000)]
  0x00007f7c2c182800 JavaThread "C2 CompilerThread1" daemon [_thread_blocked, id=4005, stack(0x00007f7c1c25c000,0x00007f7c1c35d000)]
  0x00007f7c2c17f800 JavaThread "C2 CompilerThread0" daemon [_thread_blocked, id=4004, stack(0x00007f7c1c35d000,0x00007f7c1c45e000)]
  0x00007f7c2c17e000 JavaThread "Signal Dispatcher" daemon [_thread_blocked, id=4003, stack(0x00007f7c1c45e000,0x00007f7c1c55f000)]
  0x00007f7c2c14d800 JavaThread "Finalizer" daemon [_thread_blocked, id=4002, stack(0x00007f7c1c6f7000,0x00007f7c1c7f8000)]
  0x00007f7c2c149000 JavaThread "Reference Handler" daemon [_thread_blocked, id=4001, stack(0x00007f7c1c7f8000,0x00007f7c1c8f9000)]
  0x00007f7c2c00b000 JavaThread "main" [_thread_blocked, id=3993, stack(0x00007f7c3635a000,0x00007f7c3645b000)]

Other Threads:
=>0x00007f7c2c13f800 VMThread [stack: 0x00007f7c1c8f9000,0x00007f7c1c9fa000] [id=4000]
  0x00007f7c2c191800 WatcherThread [stack: 0x00007f7c17eff000,0x00007f7c18000000] [id=4008]

VM state:at safepoint (normal execution)

VM Mutex/Monitor currently owned by a thread:  ([mutex/lock_event])
[0x00007f7c2c007110] Threads_lock - owner thread: 0x00007f7c2c13f800
[0x00007f7c2c007610] Heap_lock - owner thread: 0x00007f7c2c00b000

heap address: 0x00000000e0c00000, size: 500 MB, Compressed Oops mode: 32-bit
Narrow klass base: 0x0000000000000000, Narrow klass shift: 3
Compressed class space size: 1073741824 Address: 0x0000000100000000

Heap:
 PSYoungGen      total 73216K, used 4583K [0x00000000f5980000, 0x00000000fa680000, 0x0000000100000000)
  eden space 68608K, 0% used [0x00000000f5980000,0x00000000f5980000,0x00000000f9c80000)
  from space 4608K, 99% used [0x00000000f9c80000,0x00000000fa0f9c28,0x00000000fa100000)
  to   space 3584K, 0% used [0x00000000fa100000,0x00000000fa100000,0x00000000fa480000)
 ParOldGen       total 22016K, used 9751K [0x00000000e0c00000, 0x00000000e2180000, 0x00000000f5980000)
  object space 22016K, 44% used [0x00000000e0c00000,0x00000000e1585db0,0x00000000e2180000)
 Metaspace       used 20821K, capacity 20986K, committed 21248K, reserved 1067008K
  class space    used 2674K, capacity 2717K, committed 2816K, reserved 1048576K

Card table byte_map: [0x00007f7c328f1000,0x00007f7c329ec000] byte_map_base: 0x00007f7c321eb000

Marking Bits: (ParMarkBitMap*) 0x00007f7c356135a0
 Begin Bits: [0x00007f7c3154d000, 0x00007f7c31d1d000)
 End Bits:   [0x00007f7c31d1d000, 0x00007f7c324ed000)

Polling page: 0x00007f7c36467000

CodeCache: size=245760Kb used=6541Kb max_used=6554Kb free=239218Kb
 bounds [0x00007f7c1d000000, 0x00007f7c1d670000, 0x00007f7c2c000000]
 total_blobs=2118 nmethods=1735 adapters=297
 compilation: enabled

Compilation events (10 events):
Event: 16.896 Thread 0x00007f7c2c184000 1735       3       java.util.concurrent.ConcurrentHashMap$Traverser::advance (188 bytes)
Event: 17.986 Thread 0x00007f7c2c184000 nmethod 1735 0x00007f7c1d6512d0 code [0x00007f7c1d6514e0, 0x00007f7c1d652138]
Event: 17.986 Thread 0x00007f7c2c184000 1734       3       java.util.TreeSet::add (22 bytes)
Event: 17.986 Thread 0x00007f7c2c184000 nmethod 1734 0x00007f7c1d646710 code [0x00007f7c1d646880, 0x00007f7c1d646b08]
Event: 18.882 Thread 0x00007f7c2c17f800 nmethod 1732 0x00007f7c1d66ba50 code [0x00007f7c1d66bc80, 0x00007f7c1d66d268]
Event: 19.044 Thread 0x00007f7c2c17f800 1736       4       java.lang.String::compareTo (78 bytes)
Event: 20.317 Thread 0x00007f7c2c182800 nmethod 1733% 0x00007f7c1d668f10 code [0x00007f7c1d6690a0, 0x00007f7c1d669da8]
Event: 20.317 Thread 0x00007f7c2c182800 1739       4       java.lang.String::compareTo (9 bytes)
Event: 20.323 Thread 0x00007f7c2c182800 nmethod 1739 0x00007f7c1d64e910 code [0x00007f7c1d64ea60, 0x00007f7c1d64ec18]
Event: 20.326 Thread 0x00007f7c2c17f800 nmethod 1736 0x00007f7c1d64e510 code [0x00007f7c1d64e660, 0x00007f7c1d64e7d8]

GC Heap History (10 events):
Event: 0.961 GC heap after
Heap after GC invocations=2 (full 0):
 PSYoungGen      total 18432K, used 1011K [0x00000000f5980000, 0x00000000f6c80000, 0x0000000100000000)
  eden space 17408K, 0% used [0x00000000f5980000,0x00000000f5980000,0x00000000f6a80000)
  from space 1024K, 98% used [0x00000000f6b80000,0x00000000f6c7cef0,0x00000000f6c80000)
  to   space 1024K, 0% used [0x00000000f6a80000,0x00000000f6a80000,0x00000000f6b80000)
 ParOldGen       total 22016K, used 1138K [0x00000000e0c00000, 0x00000000e2180000, 0x00000000f5980000)
  object space 22016K, 5% used [0x00000000e0c00000,0x00000000e0d1c848,0x00000000e2180000)
 Metaspace       used 5044K, capacity 5620K, committed 5760K, reserved 1056768K
  class space    used 583K, capacity 596K, committed 640K, reserved 1048576K
}
Event: 1.722 GC heap before
{Heap before GC invocations=3 (full 0):
 PSYoungGen      total 18432K, used 18419K [0x00000000f5980000, 0x00000000f6c80000, 0x0000000100000000)
  eden space 17408K, 100% used [0x00000000f5980000,0x00000000f6a80000,0x00000000f6a80000)
  from space 1024K, 98% used [0x00000000f6b80000,0x00000000f6c7cef0,0x00000000f6c80000)
  to   space 1024K, 0% used [0x00000000f6a80000,0x00000000f6a80000,0x00000000f6b80000)
 ParOldGen       total 22016K, used 1138K [0x00000000e0c00000, 0x00000000e2180000, 0x00000000f5980000)
  object space 22016K, 5% used [0x00000000e0c00000,0x00000000e0d1c848,0x00000000e2180000)
 Metaspace       used 9859K, capacity 10020K, committed 10240K, reserved 1058816K
  class space    used 1184K, capacity 1204K, committed 1280K, reserved 1048576K
Event: 1.732 GC heap after
Heap after GC invocations=3 (full 0):
 PSYoungGen      total 18432K, used 997K [0x00000000f5980000, 0x00000000f7d80000, 0x0000000100000000)
  eden space 17408K, 0% used [0x00000000f5980000,0x00000000f5980000,0x00000000f6a80000)
  from space 1024K, 97% used [0x00000000f6a80000,0x00000000f6b79418,0x00000000f6b80000)
  to   space 1024K, 0% used [0x00000000f7c80000,0x00000000f7c80000,0x00000000f7d80000)
 ParOldGen       total 22016K, used 3200K [0x00000000e0c00000, 0x00000000e2180000, 0x00000000f5980000)
  object space 22016K, 14% used [0x00000000e0c00000,0x00000000e0f203b0,0x00000000e2180000)
 Metaspace       used 9859K, capacity 10020K, committed 10240K, reserved 1058816K
  class space    used 1184K, capacity 1204K, committed 1280K, reserved 1048576K
}
Event: 2.013 GC heap before
{Heap before GC invocations=4 (full 0):
 PSYoungGen      total 18432K, used 18405K [0x00000000f5980000, 0x00000000f7d80000, 0x0000000100000000)
  eden space 17408K, 100% used [0x00000000f5980000,0x00000000f6a80000,0x00000000f6a80000)
  from space 1024K, 97% used [0x00000000f6a80000,0x00000000f6b79418,0x00000000f6b80000)
  to   space 1024K, 0% used [0x00000000f7c80000,0x00000000f7c80000,0x00000000f7d80000)
 ParOldGen       total 22016K, used 3200K [0x00000000e0c00000, 0x00000000e2180000, 0x00000000f5980000)
  object space 22016K, 14% used [0x00000000e0c00000,0x00000000e0f203b0,0x00000000e2180000)
 Metaspace       used 11106K, capacity 11248K, committed 11392K, reserved 1058816K
  class space    used 1352K, capacity 1398K, committed 1408K, reserved 1048576K
Event: 2.034 GC heap after
Heap after GC invocations=4 (full 0):
 PSYoungGen      total 35840K, used 997K [0x00000000f5980000, 0x00000000f7d80000, 0x0000000100000000)
  eden space 34816K, 0% used [0x00000000f5980000,0x00000000f5980000,0x00000000f7b80000)
  from space 1024K, 97% used [0x00000000f7c80000,0x00000000f7d79418,0x00000000f7d80000)
  to   space 1024K, 0% used [0x00000000f7b80000,0x00000000f7b80000,0x00000000f7c80000)
 ParOldGen       total 22016K, used 4468K [0x00000000e0c00000, 0x00000000e2180000, 0x00000000f5980000)
  object space 22016K, 20% used [0x00000000e0c00000,0x00000000e105d258,0x00000000e2180000)
 Metaspace       used 11106K, capacity 11248K, committed 11392K, reserved 1058816K
  class space    used 1352K, capacity 1398K, committed 1408K, reserved 1048576K
}
Event: 2.379 GC heap before
{Heap before GC invocations=5 (full 0):
 PSYoungGen      total 35840K, used 35813K [0x00000000f5980000, 0x00000000f7d80000, 0x0000000100000000)
  eden space 34816K, 100% used [0x00000000f5980000,0x00000000f7b80000,0x00000000f7b80000)
  from space 1024K, 97% used [0x00000000f7c80000,0x00000000f7d79418,0x00000000f7d80000)
  to   space 1024K, 0% used [0x00000000f7b80000,0x00000000f7b80000,0x00000000f7c80000)
 ParOldGen       total 22016K, used 4468K [0x00000000e0c00000, 0x00000000e2180000, 0x00000000f5980000)
  object space 22016K, 20% used [0x00000000e0c00000,0x00000000e105d258,0x00000000e2180000)
 Metaspace       used 12765K, capacity 12976K, committed 13184K, reserved 1060864K
  class space    used 1610K, capacity 1654K, committed 1664K, reserved 1048576K
Event: 2.395 GC heap after
Heap after GC invocations=5 (full 0):
 PSYoungGen      total 35840K, used 1018K [0x00000000f5980000, 0x00000000fa480000, 0x0000000100000000)
  eden space 34816K, 0% used [0x00000000f5980000,0x00000000f5980000,0x00000000f7b80000)
  from space 1024K, 99% used [0x00000000f7b80000,0x00000000f7c7e800,0x00000000f7c80000)
  to   space 3584K, 0% used [0x00000000fa100000,0x00000000fa100000,0x00000000fa480000)
 ParOldGen       total 22016K, used 6305K [0x00000000e0c00000, 0x00000000e2180000, 0x00000000f5980000)
  object space 22016K, 28% used [0x00000000e0c00000,0x00000000e1228460,0x00000000e2180000)
 Metaspace       used 12765K, capacity 12976K, committed 13184K, reserved 1060864K
  class space    used 1610K, capacity 1654K, committed 1664K, reserved 1048576K
}
Event: 3.626 GC heap before
{Heap before GC invocations=6 (full 0):
 PSYoungGen      total 35840K, used 35834K [0x00000000f5980000, 0x00000000fa480000, 0x0000000100000000)
  eden space 34816K, 100% used [0x00000000f5980000,0x00000000f7b80000,0x00000000f7b80000)
  from space 1024K, 99% used [0x00000000f7b80000,0x00000000f7c7e800,0x00000000f7c80000)
  to   space 3584K, 0% used [0x00000000fa100000,0x00000000fa100000,0x00000000fa480000)
 ParOldGen       total 22016K, used 6305K [0x00000000e0c00000, 0x00000000e2180000, 0x00000000f5980000)
  object space 22016K, 28% used [0x00000000e0c00000,0x00000000e1228460,0x00000000e2180000)
 Metaspace       used 17013K, capacity 17218K, committed 17536K, reserved 1064960K
  class space    used 2119K, capacity 2169K, committed 2176K, reserved 1048576K
Event: 3.660 GC heap after
Heap after GC invocations=6 (full 0):
 PSYoungGen      total 72192K, used 3559K [0x00000000f5980000, 0x00000000fa680000, 0x0000000100000000)
  eden space 68608K, 0% used [0x00000000f5980000,0x00000000f5980000,0x00000000f9c80000)
  from space 3584K, 99% used [0x00000000fa100000,0x00000000fa479d68,0x00000000fa480000)
  to   space 4608K, 0% used [0x00000000f9c80000,0x00000000f9c80000,0x00000000fa100000)
 ParOldGen       total 22016K, used 7516K [0x00000000e0c00000, 0x00000000e2180000, 0x00000000f5980000)
  object space 22016K, 34% used [0x00000000e0c00000,0x00000000e13573b8,0x00000000e2180000)
 Metaspace       used 17013K, capacity 17218K, committed 17536K, reserved 1064960K
  class space    used 2119K, capacity 2169K, committed 2176K, reserved 1048576K
}
Event: 20.869 GC heap before
{Heap before GC invocations=7 (full 0):
 PSYoungGen      total 72192K, used 58353K [0x00000000f5980000, 0x00000000fa680000, 0x0000000100000000)
  eden space 68608K, 79% used [0x00000000f5980000,0x00000000f8f02868,0x00000000f9c80000)
  from space 3584K, 99% used [0x00000000fa100000,0x00000000fa479d68,0x00000000fa480000)
  to   space 4608K, 0% used [0x00000000f9c80000,0x00000000f9c80000,0x00000000fa100000)
 ParOldGen       total 22016K, used 7516K [0x00000000e0c00000, 0x00000000e2180000, 0x00000000f5980000)
  object space 22016K, 34% used [0x00000000e0c00000,0x00000000e13573b8,0x00000000e2180000)
 Metaspace       used 20821K, capacity 20986K, committed 21248K, reserved 1067008K
  class space    used 2674K, capacity 2717K, committed 2816K, reserved 1048576K

Deoptimization events (10 events):
Event: 4.337 Thread 0x00007f7c2c00b000 Uncommon trap: reason=class_check action=maybe_recompile pc=0x00007f7c1d53e34c method=java.util.concurrent.ConcurrentHashMap.putVal(Ljava/lang/Object;Ljava/lang/Object;Z)Ljava/lang/Object; @ 192
Event: 4.338 Thread 0x00007f7c2c00b000 Uncommon trap: reason=class_check action=maybe_recompile pc=0x00007f7c1d53e34c method=java.util.concurrent.ConcurrentHashMap.putVal(Ljava/lang/Object;Ljava/lang/Object;Z)Ljava/lang/Object; @ 192
Event: 4.338 Thread 0x00007f7c2c00b000 Uncommon trap: reason=class_check action=maybe_recompile pc=0x00007f7c1d53e34c method=java.util.concurrent.ConcurrentHashMap.putVal(Ljava/lang/Object;Ljava/lang/Object;Z)Ljava/lang/Object; @ 192
Event: 4.430 Thread 0x00007f7c2c00b000 Uncommon trap: reason=class_check action=maybe_recompile pc=0x00007f7c1d53e34c method=java.util.concurrent.ConcurrentHashMap.putVal(Ljava/lang/Object;Ljava/lang/Object;Z)Ljava/lang/Object; @ 192
Event: 4.501 Thread 0x00007f7c2c00b000 Uncommon trap: reason=bimorphic action=maybe_recompile pc=0x00007f7c1d2ffb78 method=java.util.HashMap.putVal(ILjava/lang/Object;Ljava/lang/Object;ZZ)Ljava/lang/Object; @ 253
Event: 4.502 Thread 0x00007f7c2c00b000 Uncommon trap: reason=bimorphic action=maybe_recompile pc=0x00007f7c1d2ffb78 method=java.util.HashMap.putVal(ILjava/lang/Object;Ljava/lang/Object;ZZ)Ljava/lang/Object; @ 253
Event: 4.578 Thread 0x00007f7c2c00b000 Uncommon trap: reason=bimorphic action=maybe_recompile pc=0x00007f7c1d2fe890 method=java.util.HashMap.putVal(ILjava/lang/Object;Ljava/lang/Object;ZZ)Ljava/lang/Object; @ 253
Event: 4.584 Thread 0x00007f7c2c00b000 Uncommon trap: reason=unstable_if action=reinterpret pc=0x00007f7c1d1e9a60 method=java.util.zip.ZipCoder.getBytes(Ljava/lang/String;)[B @ 32
Event: 4.584 Thread 0x00007f7c2c00b000 Uncommon trap: reason=unstable_if action=reinterpret pc=0x00007f7c1d1c0c90 method=java.util.zip.ZipCoder.getBytes(Ljava/lang/String;)[B @ 32
Event: 4.584 Thread 0x00007f7c2c00b000 Uncommon trap: reason=unstable_if action=reinterpret pc=0x00007f7c1d379d7c method=java.net.URLStreamHandler.parseURL(Ljava/net/URL;Ljava/lang/String;II)V @ 57

Classes redefined (0 events):
No events

Internal exceptions (10 events):
Event: 4.311 Thread 0x00007f7c2c00b000 Exception <a 'java/lang/ClassNotFoundException': org/springframework/aop/support/AbstractBeanFactoryPointcutAdvisorCustomizer> (0x00000000f7717000) thrown at [/build/openjdk-8-uwNjBd/openjdk-8-8u252-b09/src/hotspot/src/share/vm/classfile/systemDictionary.
Event: 4.312 Thread 0x00007f7c2c00b000 Exception <a 'java/lang/ClassNotFoundException': org/springframework/transaction/interceptor/BeanFactoryTransactionAttributeSourceAdvisorCustomizer> (0x00000000f7749bc0) thrown at [/build/openjdk-8-uwNjBd/openjdk-8-8u252-b09/src/hotspot/src/share/vm/class
Event: 4.316 Thread 0x00007f7c2c00b000 Exception <a 'java/lang/ClassNotFoundException': org/springframework/transaction/annotation/AnnotationTransactionAttributeSourceBeanInfo> (0x00000000f7788250) thrown at [/build/openjdk-8-uwNjBd/openjdk-8-8u252-b09/src/hotspot/src/share/vm/classfile/system
Event: 4.317 Thread 0x00007f7c2c00b000 Exception <a 'java/lang/ClassNotFoundException': org/springframework/transaction/interceptor/AbstractFallbackTransactionAttributeSourceBeanInfo> (0x00000000f77b1c98) thrown at [/build/openjdk-8-uwNjBd/openjdk-8-8u252-b09/src/hotspot/src/share/vm/classfile
Event: 4.318 Thread 0x00007f7c2c00b000 Exception <a 'java/lang/ClassNotFoundException': org/springframework/transaction/interceptor/AbstractFallbackTransactionAttributeSourceCustomizer> (0x00000000f77dc410) thrown at [/build/openjdk-8-uwNjBd/openjdk-8-8u252-b09/src/hotspot/src/share/vm/classfi
Event: 4.319 Thread 0x00007f7c2c00b000 Exception <a 'java/lang/ClassNotFoundException': org/springframework/transaction/annotation/AnnotationTransactionAttributeSourceCustomizer> (0x00000000f7806f48) thrown at [/build/openjdk-8-uwNjBd/openjdk-8-8u252-b09/src/hotspot/src/share/vm/classfile/syst
Event: 4.388 Thread 0x00007f7c2c00b000 Exception <a 'java/lang/ClassNotFoundException': org/apache/tomcat/jdbc/pool/DataSourceBeanInfo> (0x00000000f794f710) thrown at [/build/openjdk-8-uwNjBd/openjdk-8-8u252-b09/src/hotspot/src/share/vm/classfile/systemDictionary.cpp, line 210]
Event: 4.389 Thread 0x00007f7c2c00b000 Exception <a 'java/lang/ClassNotFoundException': org/apache/tomcat/jdbc/pool/DataSourceProxyBeanInfo> (0x00000000f796a950) thrown at [/build/openjdk-8-uwNjBd/openjdk-8-8u252-b09/src/hotspot/src/share/vm/classfile/systemDictionary.cpp, line 210]
Event: 4.390 Thread 0x00007f7c2c00b000 Exception <a 'java/lang/ClassNotFoundException': org/apache/tomcat/jdbc/pool/DataSourceProxyCustomizer> (0x00000000f7986638) thrown at [/build/openjdk-8-uwNjBd/openjdk-8-8u252-b09/src/hotspot/src/share/vm/classfile/systemDictionary.cpp, line 210]
Event: 4.403 Thread 0x00007f7c2c00b000 Exception <a 'java/lang/ClassNotFoundException': org/apache/tomcat/jdbc/pool/DataSourceCustomizer> (0x00000000f7a31d18) thrown at [/build/openjdk-8-uwNjBd/openjdk-8-8u252-b09/src/hotspot/src/share/vm/classfile/systemDictionary.cpp, line 210]

Events (10 events):
Event: 20.488 loading class org/hibernate/jmx/spi/JmxService done
Event: 20.488 loading class org/hibernate/persister/internal/PersisterClassResolverInitiator
Event: 20.488 loading class org/hibernate/persister/internal/PersisterClassResolverInitiator done
Event: 20.490 loading class org/hibernate/persister/spi/PersisterClassResolver
Event: 20.490 loading class org/hibernate/persister/spi/PersisterClassResolver done
Event: 20.491 loading class org/hibernate/persister/internal/PersisterFactoryInitiator
Event: 20.491 loading class org/hibernate/persister/internal/PersisterFactoryInitiator done
Event: 20.491 loading class org/hibernate/persister/spi/PersisterFactory
Event: 20.491 loading class org/hibernate/persister/spi/PersisterFactory done
Event: 20.798 Executing VM operation: CollectForMetadataAllocation


Dynamic libraries:
e0c00000-e2180000 rw-p 00000000 00:00 0 
e2180000-f5980000 ---p 00000000 00:00 0 
f5980000-fa680000 rw-p 00000000 00:00 0 
fec80000-100000000 ---p 00000000 00:00 0 
100000000-1002c0000 rw-p 00000000 00:00 0 
1002c0000-140000000 ---p 00000000 00:00 0 
5624c8c13000-5624c8c14000 r-xp 00000000 08:01 267578                     /usr/lib/jvm/java-8-openjdk-amd64/jre/bin/java
5624c8e13000-5624c8e14000 r--p 00000000 08:01 267578                     /usr/lib/jvm/java-8-openjdk-amd64/jre/bin/java
5624c8e14000-5624c8e15000 rw-p 00001000 08:01 267578                     /usr/lib/jvm/java-8-openjdk-amd64/jre/bin/java
5624c9529000-5624c954a000 rw-p 00000000 00:00 0                          [heap]
7f7be0000000-7f7be0021000 rw-p 00000000 00:00 0 
7f7be0021000-7f7be4000000 ---p 00000000 00:00 0 
7f7be8000000-7f7be84d1000 rw-p 00000000 00:00 0 
7f7be84d1000-7f7bec000000 ---p 00000000 00:00 0 
7f7bec000000-7f7bec021000 rw-p 00000000 00:00 0 
7f7bec021000-7f7bf0000000 ---p 00000000 00:00 0 
7f7bf0000000-7f7bf06d3000 rw-p 00000000 00:00 0 
7f7bf06d3000-7f7bf4000000 ---p 00000000 00:00 0 
7f7bf4000000-7f7bf44c6000 rw-p 00000000 00:00 0 
7f7bf44c6000-7f7bf8000000 ---p 00000000 00:00 0 
7f7bf8000000-7f7bf8021000 rw-p 00000000 00:00 0 
7f7bf8021000-7f7bfc000000 ---p 00000000 00:00 0 
7f7bfc000000-7f7bfc021000 rw-p 00000000 00:00 0 
7f7bfc021000-7f7c00000000 ---p 00000000 00:00 0 
7f7c00000000-7f7c00021000 rw-p 00000000 00:00 0 
7f7c00021000-7f7c04000000 ---p 00000000 00:00 0 
7f7c04000000-7f7c04021000 rw-p 00000000 00:00 0 
7f7c04021000-7f7c08000000 ---p 00000000 00:00 0 
7f7c08000000-7f7c08021000 rw-p 00000000 00:00 0 
7f7c08021000-7f7c0c000000 ---p 00000000 00:00 0 
7f7c0c000000-7f7c0c021000 rw-p 00000000 00:00 0 
7f7c0c021000-7f7c10000000 ---p 00000000 00:00 0 
7f7c10000000-7f7c10021000 rw-p 00000000 00:00 0 
7f7c10021000-7f7c14000000 ---p 00000000 00:00 0 
7f7c16c62000-7f7c16e62000 rw-p 00000000 00:00 0 
7f7c16e62000-7f7c17062000 rw-p 00000000 00:00 0 
7f7c17062000-7f7c17262000 rw-p 00000000 00:00 0 
7f7c17262000-7f7c17462000 rw-p 00000000 00:00 0 
7f7c17462000-7f7c17662000 rw-p 00000000 00:00 0 
7f7c176a9000-7f7c176bc000 r--s 00346000 08:01 267548                     /usr/lib/jvm/java-8-openjdk-amd64/jre/lib/resources.jar
7f7c176bc000-7f7c176c5000 r-xp 00000000 08:01 267523                     /usr/lib/jvm/java-8-openjdk-amd64/jre/lib/amd64/libmanagement.so
7f7c176c5000-7f7c178c4000 ---p 00009000 08:01 267523                     /usr/lib/jvm/java-8-openjdk-amd64/jre/lib/amd64/libmanagement.so
7f7c178c4000-7f7c178c5000 r--p 00008000 08:01 267523                     /usr/lib/jvm/java-8-openjdk-amd64/jre/lib/amd64/libmanagement.so
7f7c178c5000-7f7c178c6000 rw-p 00009000 08:01 267523                     /usr/lib/jvm/java-8-openjdk-amd64/jre/lib/amd64/libmanagement.so
7f7c178c6000-7f7c178c9000 r--s 00011000 08:01 518862                     /home/vagrant/.m2/repository/org/apache/maven/surefire/surefire-junit4/2.13/surefire-junit4-2.13.jar
7f7c178c9000-7f7c178ca000 r--s 00005000 08:01 519778                     /home/vagrant/.m2/repository/com/googlecode/json-simple/json-simple/1.1.1/json-simple-1.1.1.jar
7f7c178ca000-7f7c178e0000 r--s 001ec000 08:01 519776                     /home/vagrant/.m2/repository/com/itextpdf/itextpdf/5.4.5/itextpdf-5.4.5.jar
7f7c178e0000-7f7c178e1000 r--s 00001000 08:01 519773                     /home/vagrant/.m2/repository/com/github/dandelion/datatables-export-itext/1.1.0/datatables-export-itext-1.1.0.jar
7f7c178e1000-7f7c178ef000 r--s 0007f000 08:01 519771                     /home/vagrant/.m2/repository/commons-collections/commons-collections/3.2.1/commons-collections-3.2.1.jar
7f7c178ef000-7f7c178f4000 r--s 00035000 08:01 519770                     /home/vagrant/.m2/repository/commons-beanutils/commons-beanutils/1.9.2/commons-beanutils-1.9.2.jar
7f7c178f4000-7f7c17900000 r--s 0010d000 08:01 519767                     /home/vagrant/.m2/repository/com/github/dandelion/datatables-core/1.1.0/datatables-core-1.1.0.jar
7f7c17900000-7f7c17902000 r--s 00009000 08:01 519766                     /home/vagrant/.m2/repository/com/github/dandelion/datatables-jsp/1.1.0/datatables-jsp-1.1.0.jar
7f7c17902000-7f7c17913000 r--s 000f7000 08:01 519765                     /home/vagrant/.m2/repository/com/fasterxml/jackson/core/jackson-databind/2.4.6/jackson-databind-2.4.6.jar
7f7c17913000-7f7c17916000 r--s 00007000 08:01 519761                     /home/vagrant/.m2/repository/com/fasterxml/jackson/core/jackson-annotations/2.4.6/jackson-annotations-2.4.6.jar
7f7c17916000-7f7c1791a000 r--s 00034000 08:01 519759                     /home/vagrant/.m2/repository/com/fasterxml/jackson/core/jackson-core/2.4.6/jackson-core-2.4.6.jar
7f7c1791a000-7f7c1791e000 r--s 0002a000 08:01 519758                     /home/vagrant/.m2/repository/commons-io/commons-io/2.4/commons-io-2.4.jar
7f7c1791e000-7f7c17926000 r--s 00090000 08:01 519757                     /home/vagrant/.m2/repository/com/github/dandelion/dandelion-core/1.1.1/dandelion-core-1.1.1.jar
7f7c17926000-7f7c17927000 r--s 00001000 08:01 519753                     /home/vagrant/.m2/repository/com/github/dandelion/dandelion-jsp/1.1.1/dandelion-jsp-1.1.1.jar
7f7c17927000-7f7c17935000 r--s 0009d000 08:01 519752                     /home/vagrant/.m2/repository/org/assertj/assertj-core/2.2.0/assertj-core-2.2.0.jar
7f7c17935000-7f7c17937000 r--s 00009000 08:01 519749                     /home/vagrant/.m2/repository/org/hamcrest/hamcrest-core/1.3/hamcrest-core-1.3.jar
7f7c17937000-7f7c1793d000 r--s 00036000 08:01 519748                     /home/vagrant/.m2/repository/junit/junit/4.11/junit-4.11.jar
7f7c1793d000-7f7c17949000 r--s 0006f000 08:01 519746                     /home/vagrant/.m2/repository/org/springframework/spring-test/4.1.7.RELEASE/spring-test-4.1.7.RELEASE.jar
7f7c17949000-7f7c1794a000 r--s 00025000 08:01 519744                     /home/vagrant/.m2/repository/org/webjars/jquery/2.0.3-1/jquery-2.0.3-1.jar
7f7c1794a000-7f7c17955000 r--s 0008d000 08:01 519741                     /home/vagrant/.m2/repository/org/webjars/jquery-ui/1.10.3/jquery-ui-1.10.3.jar
7f7c17955000-7f7c17958000 r--s 00020000 08:01 519740                     /home/vagrant/.m2/repository/org/webjars/bootstrap/2.3.0/bootstrap-2.3.0.jar
7f7c17958000-7f7c17973000 r--s 0012e000 08:01 519739                     /home/vagrant/.m2/repository/net/sf/ehcache/ehcache-core/2.6.10/ehcache-core-2.6.10.jar
7f7c17973000-7f7c17977000 r--s 0001e000 08:01 519737                     /home/vagrant/.m2/repository/org/hibernate/hibernate-ehcache/4.3.10.Final/hibernate-ehcache-4.3.10.Final.jar
7f7c17977000-7f7c17979000 r--s 0000d000 08:01 519733                     /home/vagrant/.m2/repository/com/fasterxml/classmate/1.0.0/classmate-1.0.0.jar
7f7c17979000-7f7c1797d000 r--s 0000c000 08:01 519732                     /home/vagrant/.m2/repository/javax/validation/validation-api/1.1.0.Final/validation-api-1.1.0.Final.jar
7f7c1797d000-7f7c1798b000 r--s 0008d000 08:01 519729                     /home/vagrant/.m2/repository/org/hibernate/hibernate-validator/5.1.3.Final/hibernate-validator-5.1.3.Final.jar
7f7c1798b000-7f7c17995000 r--s 000a5000 08:01 519728                     /home/vagrant/.m2/repository/org/javassist/javassist/3.18.1-GA/javassist-3.18.1-GA.jar
7f7c17995000-7f7c17996000 r--s 00006000 08:01 519725                     /home/vagrant/.m2/repository/org/jboss/spec/javax/transaction/jboss-transaction-api_1.2_spec/1.0.0.Final/jboss-transaction-api_1.2_spec-1.0.0.Final.jar
7f7c17996000-7f7c1799b000 r--s 00017000 08:01 519724                     /home/vagrant/.m2/repository/org/hibernate/javax/persistence/hibernate-jpa-2.1-api/1.0.0.Final/hibernate-jpa-2.1-api-1.0.0.Final.jar
7f7c1799b000-7f7c1799e000 r--s 00010000 08:01 519722                     /home/vagrant/.m2/repository/org/hibernate/common/hibernate-commons-annotations/4.0.5.Final/hibernate-commons-annotations-4.0.5.Final.jar
7f7c1799e000-7f7c179a3000 r--s 00016000 08:01 519719                     /home/vagrant/.m2/repository/xml-apis/xml-apis/1.0.b2/xml-apis-1.0.b2.jar
7f7c179a3000-7f7c179a8000 r--s 00048000 08:01 519718                     /home/vagrant/.m2/repository/dom4j/dom4j/1.6.1/dom4j-1.6.1.jar
7f7c179a8000-7f7c179aa000 r--s 00011000 08:01 519715                     /home/vagrant/.m2/repository/org/jboss/jandex/1.1.0.Final/jandex-1.1.0.Final.jar
7f7c179aa000-7f7c179af000 r--s 00068000 08:01 519714                     /home/vagrant/.m2/repository/antlr/antlr/2.7.7/antlr-2.7.7.jar
7f7c179af000-7f7c17a0e000 r--s 004ab000 08:01 519713                     /home/vagrant/.m2/repository/org/hibernate/hibernate-core/4.3.10.Final/hibernate-core-4.3.10.Final.jar
7f7c17a0e000-7f7c17a0f000 r--s 00002000 08:01 519709                     /home/vagrant/.m2/repository/org/jboss/logging/jboss-logging-annotations/1.2.0.Beta1/jboss-logging-annotations-1.2.0.Beta1.jar
7f7c17a0f000-7f7c17a11000 r--s 0000c000 08:01 519708                     /home/vagrant/.m2/repository/org/jboss/logging/jboss-logging/3.1.3.GA/jboss-logging-3.1.3.GA.jar
7f7c17a11000-7f7c17a1f000 r--s 00091000 08:01 519705                     /home/vagrant/.m2/repository/org/hibernate/hibernate-entitymanager/4.3.10.Final/hibernate-entitymanager-4.3.10.Final.jar
7f7c17a1f000-7f7c17a2d000 r--s 0015f000 08:01 519704                     /home/vagrant/.m2/repository/org/hsqldb/hsqldb/2.3.3/hsqldb-2.3.3.jar
7f7c17a2d000-7f7c17a2f000 r--s 00007000 08:01 519701                     /home/vagrant/.m2/repository/joda-time/joda-time-jsptags/1.1.1/joda-time-jsptags-1.1.1.jar
7f7c17a2f000-7f7c17a31000 r--s 00007000 08:01 519699                     /home/vagrant/.m2/repository/joda-time/joda-time-hibernate/1.4/joda-time-hibernate-1.4.jar
7f7c17a31000-7f7c17a40000 r--s 00081000 08:01 519698                     /home/vagrant/.m2/repository/joda-time/joda-time/2.5/joda-time-2.5.jar
7f7c17a40000-7f7c17a4b000 r--s 00065000 08:01 519697                     /home/vagrant/.m2/repository/ch/qos/logback/logback-core/1.1.3/logback-core-1.1.3.jar
7f7c17a4b000-7f7c17a51000 r--s 0003f000 08:01 519695                     /home/vagrant/.m2/repository/ch/qos/logback/logback-classic/1.1.3/logback-classic-1.1.3.jar
7f7c17a51000-7f7c17a52000 r--s 00007000 08:01 519692                     /home/vagrant/.m2/repository/org/slf4j/slf4j-api/1.7.12/slf4j-api-1.7.12.jar
7f7c17a52000-7f7c17a54000 r--s 00008000 08:01 519690                     /home/vagrant/.m2/repository/org/apache/tomcat/tomcat-juli/7.0.59/tomcat-juli-7.0.59.jar
7f7c17a54000-7f7c17a56000 r--s 0001d000 08:01 519687                     /home/vagrant/.m2/repository/org/apache/tomcat/tomcat-jdbc/7.0.59/tomcat-jdbc-7.0.59.jar
7f7c17a56000-7f7c17a6f000 r--s 001ae000 08:01 519686                     /home/vagrant/.m2/repository/org/aspectj/aspectjweaver/1.8.6/aspectjweaver-1.8.6.jar
7f7c17a6f000-7f7c17a73000 r--s 00019000 08:01 519684                     /home/vagrant/.m2/repository/org/aspectj/aspectjrt/1.8.6/aspectjrt-1.8.6.jar
7f7c17a73000-7f7c17a78000 r--s 00027000 08:01 519680                     /home/vagrant/.m2/repository/org/springframework/spring-context-support/4.1.7.RELEASE/spring-context-support-4.1.7.RELEASE.jar
7f7c17a78000-7f7c17a88000 r--s 000a1000 08:01 519677                     /home/vagrant/.m2/repository/org/springframework/spring-web/4.1.7.RELEASE/spring-web-4.1.7.RELEASE.jar
7f7c17a88000-7f7c17a8d000 r--s 0003b000 08:01 519675                     /home/vagrant/.m2/repository/org/springframework/spring-expression/4.1.7.RELEASE/spring-expression-4.1.7.RELEASE.jar
7f7c17a8d000-7f7c17aa5000 r--s 000e3000 08:01 519673                     /home/vagrant/.m2/repository/org/springframework/spring-context/4.1.7.RELEASE/spring-context-4.1.7.RELEASE.jar
7f7c17aa5000-7f7c17ab5000 r--s 000b0000 08:01 519672                     /home/vagrant/.m2/repository/org/springframework/spring-webmvc/4.1.7.RELEASE/spring-webmvc-4.1.7.RELEASE.jar
7f7c17ab5000-7f7c17abc000 r--s 00037000 08:01 519669                     /home/vagrant/.m2/repository/org/springframework/spring-tx/4.1.7.RELEASE/spring-tx-4.1.7.RELEASE.jar
7f7c17abc000-7f7c17ac9000 r--s 000a1000 08:01 519667                     /home/vagrant/.m2/repository/org/springframework/spring-beans/4.1.7.RELEASE/spring-beans-4.1.7.RELEASE.jar
7f7c17ac9000-7f7c17ad3000 r--s 0005f000 08:01 519666                     /home/vagrant/.m2/repository/org/springframework/spring-jdbc/4.1.7.RELEASE/spring-jdbc-4.1.7.RELEASE.jar
7f7c17ad3000-7f7c17aea000 r-xp 00000000 08:01 267525                     /usr/lib/jvm/java-8-openjdk-amd64/jre/lib/amd64/libnet.so
7f7c17aea000-7f7c17cea000 ---p 00017000 08:01 267525                     /usr/lib/jvm/java-8-openjdk-amd64/jre/lib/amd64/libnet.so
7f7c17cea000-7f7c17ceb000 r--p 00017000 08:01 267525                     /usr/lib/jvm/java-8-openjdk-amd64/jre/lib/amd64/libnet.so
7f7c17ceb000-7f7c17cec000 rw-p 00018000 08:01 267525                     /usr/lib/jvm/java-8-openjdk-amd64/jre/lib/amd64/libnet.so
7f7c17cec000-7f7c17cfe000 r-xp 00000000 08:01 267521                     /usr/lib/jvm/java-8-openjdk-amd64/jre/lib/amd64/libnio.so
7f7c17cfe000-7f7c17efd000 ---p 00012000 08:01 267521                     /usr/lib/jvm/java-8-openjdk-amd64/jre/lib/amd64/libnio.so
7f7c17efd000-7f7c17efe000 r--p 00011000 08:01 267521                     /usr/lib/jvm/java-8-openjdk-amd64/jre/lib/amd64/libnio.so
7f7c17efe000-7f7c17eff000 rw-p 00012000 08:01 267521                     /usr/lib/jvm/java-8-openjdk-amd64/jre/lib/amd64/libnio.so
7f7c17eff000-7f7c17f00000 ---p 00000000 00:00 0 
7f7c17f00000-7f7c18000000 rw-p 00000000 00:00 0 
7f7c18000000-7f7c18021000 rw-p 00000000 00:00 0 
7f7c18021000-7f7c1c000000 ---p 00000000 00:00 0 
7f7c1c000000-7f7c1c003000 r--s 00012000 08:01 519681                     /home/vagrant/.m2/repository/org/springframework/spring-oxm/4.1.7.RELEASE/spring-oxm-4.1.7.RELEASE.jar
7f7c1c003000-7f7c1c007000 r--s 00017000 08:01 519664                     /home/vagrant/.m2/repository/org/springframework/retry/spring-retry/1.1.2.RELEASE/spring-retry-1.1.2.RELEASE.jar
7f7c1c007000-7f7c1c009000 r--s 00007000 08:01 519661                     /home/vagrant/.m2/repository/org/springframework/data/spring-data-jdbc-core/1.1.0.RELEASE/spring-data-jdbc-core-1.1.0.RELEASE.jar
7f7c1c009000-7f7c1c00b000 r--s 0000c000 08:01 519659                     /home/vagrant/.m2/repository/org/springframework/spring-aspects/4.1.7.RELEASE/spring-aspects-4.1.7.RELEASE.jar
7f7c1c00b000-7f7c1c018000 r--s 0006f000 08:01 519657                     /home/vagrant/.m2/repository/org/springframework/data/spring-data-commons/1.9.3.RELEASE/spring-data-commons-1.9.3.RELEASE.jar
7f7c1c018000-7f7c1c01e000 r--s 00032000 08:01 519656                     /home/vagrant/.m2/repository/org/springframework/data/spring-data-jpa/1.7.3.RELEASE/spring-data-jpa-1.7.3.RELEASE.jar
7f7c1c01e000-7f7c1c026000 r--s 00054000 08:01 519655                     /home/vagrant/.m2/repository/org/springframework/spring-orm/4.1.7.RELEASE/spring-orm-4.1.7.RELEASE.jar
7f7c1c026000-7f7c1c028000 r--s 00006000 08:01 519651                     /home/vagrant/.m2/repository/javax/transaction/javax.transaction-api/1.2/javax.transaction-api-1.2.jar
7f7c1c028000-7f7c1c029000 r--s 00000000 08:01 519650                     /home/vagrant/.m2/repository/org/springframework/boot/spring-boot-starter-jdbc/1.2.5.RELEASE/spring-boot-starter-jdbc-1.2.5.RELEASE.jar
7f7c1c029000-7f7c1c02b000 r--s 00000000 08:01 519647                     /home/vagrant/.m2/repository/aopalliance/aopalliance/1.0/aopalliance-1.0.jar
7f7c1c02b000-7f7c1c034000 r--s 0004f000 08:01 519646                     /home/vagrant/.m2/repository/org/springframework/spring-aop/4.1.7.RELEASE/spring-aop-4.1.7.RELEASE.jar
7f7c1c034000-7f7c1c035000 r--s 00000000 08:01 519643                     /home/vagrant/.m2/repository/org/springframework/boot/spring-boot-starter-aop/1.2.5.RELEASE/spring-boot-starter-aop-1.2.5.RELEASE.jar
7f7c1c035000-7f7c1c04a000 r--s 000e2000 08:01 519639                     /home/vagrant/.m2/repository/org/springframework/spring-core/4.1.7.RELEASE/spring-core-4.1.7.RELEASE.jar
7f7c1c04a000-7f7c1c05a000 r--s 0006b000 08:01 519628                     /home/vagrant/.m2/repository/org/springframework/boot/spring-boot-autoconfigure/1.2.5.RELEASE/spring-boot-autoconfigure-1.2.5.RELEASE.jar
7f7c1c05a000-7f7c1c05d000 ---p 00000000 00:00 0 
7f7c1c05d000-7f7c1c15b000 rw-p 00000000 00:00 0 
7f7c1c15b000-7f7c1c15e000 ---p 00000000 00:00 0 
7f7c1c15e000-7f7c1c25c000 rw-p 00000000 00:00 0 
7f7c1c25c000-7f7c1c25f000 ---p 00000000 00:00 0 
7f7c1c25f000-7f7c1c35d000 rw-p 00000000 00:00 0 
7f7c1c35d000-7f7c1c360000 ---p 00000000 00:00 0 
7f7c1c360000-7f7c1c45e000 rw-p 00000000 00:00 0 
7f7c1c45e000-7f7c1c461000 ---p 00000000 00:00 0 
7f7c1c461000-7f7c1c55f000 rw-p 00000000 00:00 0 
7f7c1c55f000-7f7c1c6f7000 r--p 00000000 08:01 29255                      /usr/lib/locale/locale-archive
7f7c1c6f7000-7f7c1c6fa000 ---p 00000000 00:00 0 
7f7c1c6fa000-7f7c1c7f8000 rw-p 00000000 00:00 0 
7f7c1c7f8000-7f7c1c7fb000 ---p 00000000 00:00 0 
7f7c1c7fb000-7f7c1c8f9000 rw-p 00000000 00:00 0 
7f7c1c8f9000-7f7c1c8fa000 ---p 00000000 00:00 0 
7f7c1c8fa000-7f7c1d000000 rw-p 00000000 00:00 0 
7f7c1d000000-7f7c1d670000 rwxp 00000000 00:00 0 
7f7c1d670000-7f7c2c000000 ---p 00000000 00:00 0 
7f7c2c000000-7f7c2cdd0000 rw-p 00000000 00:00 0 
7f7c2cdd0000-7f7c30000000 ---p 00000000 00:00 0 
7f7c30000000-7f7c30001000 r--s 00000000 08:01 519641                     /home/vagrant/.m2/repository/org/springframework/boot/spring-boot-starter-data-jpa/1.2.5.RELEASE/spring-boot-starter-data-jpa-1.2.5.RELEASE.jar
7f7c30001000-7f7c30008000 r--s 0003d000 08:01 519640                     /home/vagrant/.m2/repository/org/yaml/snakeyaml/1.14/snakeyaml-1.14.jar
7f7c30008000-7f7c30009000 r--s 00005000 08:01 519635                     /home/vagrant/.m2/repository/org/slf4j/log4j-over-slf4j/1.7.12/log4j-over-slf4j-1.7.12.jar
7f7c30009000-7f7c3000b000 r--s 00000000 08:01 519634                     /home/vagrant/.m2/repository/org/slf4j/jul-to-slf4j/1.7.12/jul-to-slf4j-1.7.12.jar
7f7c3000b000-7f7c3000d000 r--s 00003000 08:01 519633                     /home/vagrant/.m2/repository/org/slf4j/jcl-over-slf4j/1.7.12/jcl-over-slf4j-1.7.12.jar
7f7c3000d000-7f7c3000e000 r--s 00000000 08:01 519629                     /home/vagrant/.m2/repository/org/springframework/boot/spring-boot-starter-logging/1.2.5.RELEASE/spring-boot-starter-logging-1.2.5.RELEASE.jar
7f7c3000e000-7f7c30019000 r--s 0005f000 08:01 519627                     /home/vagrant/.m2/repository/org/springframework/boot/spring-boot/1.2.5.RELEASE/spring-boot-1.2.5.RELEASE.jar
7f7c30019000-7f7c3001a000 r--s 00000000 08:01 519623                     /home/vagrant/.m2/repository/org/springframework/boot/spring-boot-starter/1.2.5.RELEASE/spring-boot-starter-1.2.5.RELEASE.jar
7f7c3001a000-7f7c3001c000 r--s 0000c000 08:01 519621                     /home/vagrant/.m2/repository/net/minidev/json-smart/1.2/json-smart-1.2.jar
7f7c3001c000-7f7c3001f000 r--s 00015000 08:01 519620                     /home/vagrant/.m2/repository/com/jayway/jsonpath/json-path/0.9.1/json-path-0.9.1.jar
7f7c3001f000-7f7c30024000 r--s 0002e000 08:01 519619                     /home/vagrant/.m2/repository/org/apache/taglibs/taglibs-standard-impl/1.2.5/taglibs-standard-impl-1.2.5.jar
7f7c30024000-7f7c30026000 r--s 00008000 08:01 519618                     /home/vagrant/.m2/repository/org/apache/taglibs/taglibs-standard-spec/1.2.5/taglibs-standard-spec-1.2.5.jar
7f7c30026000-7f7c3002a000 r--s 00024000 08:01 519613                     /home/vagrant/.m2/repository/org/apache/taglibs/taglibs-standard-jstlel/1.2.5/taglibs-standard-jstlel-1.2.5.jar
7f7c3002a000-7f7c3002b000 r--s 00007000 08:01 519612                     /home/vagrant/.m2/repository/javax/servlet/jsp/jstl/javax.servlet.jsp.jstl-api/1.2.1/javax.servlet.jsp.jstl-api-1.2.1.jar
7f7c3002b000-7f7c3002d000 r--s 0000c000 08:01 519609                     /home/vagrant/.m2/repository/org/apache/tomcat/tomcat-el-api/7.0.59/tomcat-el-api-7.0.59.jar
7f7c3002d000-7f7c30030000 r--s 0001c000 08:01 519607                     /home/vagrant/.m2/repository/org/apache/tomcat/tomcat-jasper-el/7.0.59/tomcat-jasper-el-7.0.59.jar
7f7c30030000-7f7c30032000 r--s 0000b000 08:01 519605                     /home/vagrant/.m2/repository/javax/servlet/jsp/javax.servlet.jsp-api/2.2.1/javax.servlet.jsp-api-2.2.1.jar
7f7c30032000-7f7c30035000 r--s 0002e000 08:01 519603                     /home/vagrant/.m2/repository/org/apache/tomcat/tomcat-servlet-api/7.0.59/tomcat-servlet-api-7.0.59.jar
7f7c30035000-7f7c30038000 r--s 00012000 08:01 519601                     /home/vagrant/.m2/repository/org/jadira/usertype/usertype.spi/3.2.0.GA/usertype.spi-3.2.0.GA.jar
7f7c30038000-7f7c3003e000 r--s 0001e000 08:01 519599                     /home/vagrant/.m2/repository/org/jadira/usertype/usertype.core/3.2.0.GA/usertype.core-3.2.0.GA.jar
7f7c3003e000-7f7c30059000 r--s 00394000 08:01 267566                     /usr/lib/jvm/java-8-openjdk-amd64/jre/lib/ext/cldrdata.jar
7f7c30059000-7f7c309b0000 rw-p 00000000 00:00 0 
7f7c309b0000-7f7c30b82000 r--s 03ca5000 08:01 267544                     /usr/lib/jvm/java-8-openjdk-amd64/jre/lib/rt.jar
7f7c30b82000-7f7c324ed000 rw-p 00000000 00:00 0 
7f7c324ed000-7f7c324ee000 ---p 00000000 00:00 0 
7f7c324ee000-7f7c325ee000 rw-p 00000000 00:00 0 
7f7c325ee000-7f7c325ef000 ---p 00000000 00:00 0 
7f7c325ef000-7f7c326ef000 rw-p 00000000 00:00 0 
7f7c326ef000-7f7c326f0000 ---p 00000000 00:00 0 
7f7c326f0000-7f7c327f0000 rw-p 00000000 00:00 0 
7f7c327f0000-7f7c327f1000 ---p 00000000 00:00 0 
7f7c327f1000-7f7c328fc000 rw-p 00000000 00:00 0 
7f7c328fc000-7f7c32997000 ---p 00000000 00:00 0 
7f7c32997000-7f7c329bf000 rw-p 00000000 00:00 0 
7f7c329bf000-7f7c329eb000 ---p 00000000 00:00 0 
7f7c329eb000-7f7c32a06000 rw-p 00000000 00:00 0 
7f7c32a06000-7f7c32dac000 ---p 00000000 00:00 0 
7f7c32dac000-7f7c32db4000 r-xp 00000000 08:01 267514                     /usr/lib/jvm/java-8-openjdk-amd64/jre/lib/amd64/libzip.so
7f7c32db4000-7f7c32fb3000 ---p 00008000 08:01 267514                     /usr/lib/jvm/java-8-openjdk-amd64/jre/lib/amd64/libzip.so
7f7c32fb3000-7f7c32fb4000 r--p 00007000 08:01 267514                     /usr/lib/jvm/java-8-openjdk-amd64/jre/lib/amd64/libzip.so
7f7c32fb4000-7f7c32fb5000 rw-p 00008000 08:01 267514                     /usr/lib/jvm/java-8-openjdk-amd64/jre/lib/amd64/libzip.so
7f7c32fb5000-7f7c32fc0000 r-xp 00000000 08:01 2159                       /lib/x86_64-linux-gnu/libnss_files-2.23.so
7f7c32fc0000-7f7c331bf000 ---p 0000b000 08:01 2159                       /lib/x86_64-linux-gnu/libnss_files-2.23.so
7f7c331bf000-7f7c331c0000 r--p 0000a000 08:01 2159                       /lib/x86_64-linux-gnu/libnss_files-2.23.so
7f7c331c0000-7f7c331c1000 rw-p 0000b000 08:01 2159                       /lib/x86_64-linux-gnu/libnss_files-2.23.so
7f7c331c1000-7f7c331c7000 rw-p 00000000 00:00 0 
7f7c331c7000-7f7c331d2000 r-xp 00000000 08:01 2152                       /lib/x86_64-linux-gnu/libnss_nis-2.23.so
7f7c331d2000-7f7c333d1000 ---p 0000b000 08:01 2152                       /lib/x86_64-linux-gnu/libnss_nis-2.23.so
7f7c333d1000-7f7c333d2000 r--p 0000a000 08:01 2152                       /lib/x86_64-linux-gnu/libnss_nis-2.23.so
7f7c333d2000-7f7c333d3000 rw-p 0000b000 08:01 2152                       /lib/x86_64-linux-gnu/libnss_nis-2.23.so
7f7c333d3000-7f7c333e9000 r-xp 00000000 08:01 2157                       /lib/x86_64-linux-gnu/libnsl-2.23.so
7f7c333e9000-7f7c335e8000 ---p 00016000 08:01 2157                       /lib/x86_64-linux-gnu/libnsl-2.23.so
7f7c335e8000-7f7c335e9000 r--p 00015000 08:01 2157                       /lib/x86_64-linux-gnu/libnsl-2.23.so
7f7c335e9000-7f7c335ea000 rw-p 00016000 08:01 2157                       /lib/x86_64-linux-gnu/libnsl-2.23.so
7f7c335ea000-7f7c335ec000 rw-p 00000000 00:00 0 
7f7c335ec000-7f7c335f4000 r-xp 00000000 08:01 2163                       /lib/x86_64-linux-gnu/libnss_compat-2.23.so
7f7c335f4000-7f7c337f3000 ---p 00008000 08:01 2163                       /lib/x86_64-linux-gnu/libnss_compat-2.23.so
7f7c337f3000-7f7c337f4000 r--p 00007000 08:01 2163                       /lib/x86_64-linux-gnu/libnss_compat-2.23.so
7f7c337f4000-7f7c337f5000 rw-p 00008000 08:01 2163                       /lib/x86_64-linux-gnu/libnss_compat-2.23.so
7f7c337f5000-7f7c3381e000 r-xp 00000000 08:01 267506                     /usr/lib/jvm/java-8-openjdk-amd64/jre/lib/amd64/libjava.so
7f7c3381e000-7f7c33a1e000 ---p 00029000 08:01 267506                     /usr/lib/jvm/java-8-openjdk-amd64/jre/lib/amd64/libjava.so
7f7c33a1e000-7f7c33a1f000 r--p 00029000 08:01 267506                     /usr/lib/jvm/java-8-openjdk-amd64/jre/lib/amd64/libjava.so
7f7c33a1f000-7f7c33a21000 rw-p 0002a000 08:01 267506                     /usr/lib/jvm/java-8-openjdk-amd64/jre/lib/amd64/libjava.so
7f7c33a21000-7f7c33a30000 r-xp 00000000 08:01 267528                     /usr/lib/jvm/java-8-openjdk-amd64/jre/lib/amd64/libverify.so
7f7c33a30000-7f7c33c2f000 ---p 0000f000 08:01 267528                     /usr/lib/jvm/java-8-openjdk-amd64/jre/lib/amd64/libverify.so
7f7c33c2f000-7f7c33c31000 r--p 0000e000 08:01 267528                     /usr/lib/jvm/java-8-openjdk-amd64/jre/lib/amd64/libverify.so
7f7c33c31000-7f7c33c32000 rw-p 00010000 08:01 267528                     /usr/lib/jvm/java-8-openjdk-amd64/jre/lib/amd64/libverify.so
7f7c33c32000-7f7c33c39000 r-xp 00000000 08:01 2145                       /lib/x86_64-linux-gnu/librt-2.23.so
7f7c33c39000-7f7c33e38000 ---p 00007000 08:01 2145                       /lib/x86_64-linux-gnu/librt-2.23.so
7f7c33e38000-7f7c33e39000 r--p 00006000 08:01 2145                       /lib/x86_64-linux-gnu/librt-2.23.so
7f7c33e39000-7f7c33e3a000 rw-p 00007000 08:01 2145                       /lib/x86_64-linux-gnu/librt-2.23.so
7f7c33e3a000-7f7c33e50000 r-xp 00000000 08:01 1999                       /lib/x86_64-linux-gnu/libgcc_s.so.1
7f7c33e50000-7f7c3404f000 ---p 00016000 08:01 1999                       /lib/x86_64-linux-gnu/libgcc_s.so.1
7f7c3404f000-7f7c34050000 rw-p 00015000 08:01 1999                       /lib/x86_64-linux-gnu/libgcc_s.so.1
7f7c34050000-7f7c34158000 r-xp 00000000 08:01 2165                       /lib/x86_64-linux-gnu/libm-2.23.so
7f7c34158000-7f7c34357000 ---p 00108000 08:01 2165                       /lib/x86_64-linux-gnu/libm-2.23.so
7f7c34357000-7f7c34358000 r--p 00107000 08:01 2165                       /lib/x86_64-linux-gnu/libm-2.23.so
7f7c34358000-7f7c34359000 rw-p 00108000 08:01 2165                       /lib/x86_64-linux-gnu/libm-2.23.so
7f7c34359000-7f7c344cb000 r-xp 00000000 08:01 26018                      /usr/lib/x86_64-linux-gnu/libstdc++.so.6.0.21
7f7c344cb000-7f7c346cb000 ---p 00172000 08:01 26018                      /usr/lib/x86_64-linux-gnu/libstdc++.so.6.0.21
7f7c346cb000-7f7c346d5000 r--p 00172000 08:01 26018                      /usr/lib/x86_64-linux-gnu/libstdc++.so.6.0.21
7f7c346d5000-7f7c346d7000 rw-p 0017c000 08:01 26018                      /usr/lib/x86_64-linux-gnu/libstdc++.so.6.0.21
7f7c346d7000-7f7c346db000 rw-p 00000000 00:00 0 
7f7c346db000-7f7c35343000 r-xp 00000000 08:01 267508                     /usr/lib/jvm/java-8-openjdk-amd64/jre/lib/amd64/server/libjvm.so
7f7c35343000-7f7c35543000 ---p 00c68000 08:01 267508                     /usr/lib/jvm/java-8-openjdk-amd64/jre/lib/amd64/server/libjvm.so
7f7c35543000-7f7c355d7000 r--p 00c68000 08:01 267508                     /usr/lib/jvm/java-8-openjdk-amd64/jre/lib/amd64/server/libjvm.so
7f7c355d7000-7f7c35600000 rw-p 00cfc000 08:01 267508                     /usr/lib/jvm/java-8-openjdk-amd64/jre/lib/amd64/server/libjvm.so
7f7c35600000-7f7c35630000 rw-p 00000000 00:00 0 
7f7c35630000-7f7c35648000 r-xp 00000000 08:01 2149                       /lib/x86_64-linux-gnu/libpthread-2.23.so
7f7c35648000-7f7c35847000 ---p 00018000 08:01 2149                       /lib/x86_64-linux-gnu/libpthread-2.23.so
7f7c35847000-7f7c35848000 r--p 00017000 08:01 2149                       /lib/x86_64-linux-gnu/libpthread-2.23.so
7f7c35848000-7f7c35849000 rw-p 00018000 08:01 2149                       /lib/x86_64-linux-gnu/libpthread-2.23.so
7f7c35849000-7f7c3584d000 rw-p 00000000 00:00 0 
7f7c3584d000-7f7c35850000 r-xp 00000000 08:01 2147                       /lib/x86_64-linux-gnu/libdl-2.23.so
7f7c35850000-7f7c35a4f000 ---p 00003000 08:01 2147                       /lib/x86_64-linux-gnu/libdl-2.23.so
7f7c35a4f000-7f7c35a50000 r--p 00002000 08:01 2147                       /lib/x86_64-linux-gnu/libdl-2.23.so
7f7c35a50000-7f7c35a51000 rw-p 00003000 08:01 2147                       /lib/x86_64-linux-gnu/libdl-2.23.so
7f7c35a51000-7f7c35a6a000 r-xp 00000000 08:01 2114                       /lib/x86_64-linux-gnu/libz.so.1.2.8
7f7c35a6a000-7f7c35c69000 ---p 00019000 08:01 2114                       /lib/x86_64-linux-gnu/libz.so.1.2.8
7f7c35c69000-7f7c35c6a000 r--p 00018000 08:01 2114                       /lib/x86_64-linux-gnu/libz.so.1.2.8
7f7c35c6a000-7f7c35c6b000 rw-p 00019000 08:01 2114                       /lib/x86_64-linux-gnu/libz.so.1.2.8
7f7c35c6b000-7f7c35e2b000 r-xp 00000000 08:01 2162                       /lib/x86_64-linux-gnu/libc-2.23.so
7f7c35e2b000-7f7c3602b000 ---p 001c0000 08:01 2162                       /lib/x86_64-linux-gnu/libc-2.23.so
7f7c3602b000-7f7c3602f000 r--p 001c0000 08:01 2162                       /lib/x86_64-linux-gnu/libc-2.23.so
7f7c3602f000-7f7c36031000 rw-p 001c4000 08:01 2162                       /lib/x86_64-linux-gnu/libc-2.23.so
7f7c36031000-7f7c36035000 rw-p 00000000 00:00 0 
7f7c36035000-7f7c36042000 r-xp 00000000 08:01 267505                     /usr/lib/jvm/java-8-openjdk-amd64/jre/lib/amd64/jli/libjli.so
7f7c36042000-7f7c36242000 ---p 0000d000 08:01 267505                     /usr/lib/jvm/java-8-openjdk-amd64/jre/lib/amd64/jli/libjli.so
7f7c36242000-7f7c36243000 r--p 0000d000 08:01 267505                     /usr/lib/jvm/java-8-openjdk-amd64/jre/lib/amd64/jli/libjli.so
7f7c36243000-7f7c36244000 rw-p 0000e000 08:01 267505                     /usr/lib/jvm/java-8-openjdk-amd64/jre/lib/amd64/jli/libjli.so
7f7c36244000-7f7c3626a000 r-xp 00000000 08:01 2148                       /lib/x86_64-linux-gnu/ld-2.23.so
7f7c3626a000-7f7c3626e000 r--s 00022000 08:01 518845                     /home/vagrant/.m2/repository/org/apache/maven/surefire/surefire-api/2.13/surefire-api-2.13.jar
7f7c3626e000-7f7c36270000 r--s 00007000 08:01 518839                     /home/vagrant/.m2/repository/org/apache/maven/surefire/surefire-booter/2.13/surefire-booter-2.13.jar
7f7c36270000-7f7c36271000 r--s 00002000 08:01 518907                     /home/vagrant/devops/spring-petclinic/target/surefire/surefirebooter4593966466415973880.jar
7f7c36271000-7f7c36273000 r--s 00001000 08:01 267563                     /usr/lib/jvm/java-8-openjdk-amd64/jre/lib/ext/dnsns.jar
7f7c36273000-7f7c36274000 r--s 0000a000 08:01 267565                     /usr/lib/jvm/java-8-openjdk-amd64/jre/lib/ext/jaccess.jar
7f7c36274000-7f7c36275000 r--s 0000d000 08:01 267562                     /usr/lib/jvm/java-8-openjdk-amd64/jre/lib/ext/sunec.jar
7f7c36275000-7f7c36276000 r--s 00010000 08:01 267568                     /usr/lib/jvm/java-8-openjdk-amd64/jre/lib/ext/zipfs.jar
7f7c36276000-7f7c3627c000 r--s 0003d000 08:01 267560                     /usr/lib/jvm/java-8-openjdk-amd64/jre/lib/ext/sunjce_provider.jar
7f7c3627c000-7f7c36286000 r--s 00116000 08:01 267564                     /usr/lib/jvm/java-8-openjdk-amd64/jre/lib/ext/localedata.jar
7f7c36286000-7f7c362a1000 r--s 001d6000 08:01 267561                     /usr/lib/jvm/java-8-openjdk-amd64/jre/lib/ext/nashorn.jar
7f7c362a1000-7f7c362b6000 rw-p 00000000 00:00 0 
7f7c362b6000-7f7c36352000 ---p 00000000 00:00 0 
7f7c36352000-7f7c3635a000 rw-s 00000000 08:01 518908                     /tmp/hsperfdata_vagrant/3991
7f7c3635a000-7f7c3635d000 ---p 00000000 00:00 0 
7f7c3635d000-7f7c3645f000 rw-p 00000000 00:00 0 
7f7c3645f000-7f7c36462000 r--s 0000f000 08:01 267567                     /usr/lib/jvm/java-8-openjdk-amd64/jre/lib/ext/icedtea-sound.jar
7f7c36462000-7f7c36466000 r--s 0003a000 08:01 267569                     /usr/lib/jvm/java-8-openjdk-amd64/jre/lib/ext/sunpkcs11.jar
7f7c36466000-7f7c36467000 rw-p 00000000 00:00 0 
7f7c36467000-7f7c36468000 ---p 00000000 00:00 0 
7f7c36468000-7f7c36469000 rw-p 00000000 00:00 0 
7f7c36469000-7f7c3646a000 r--p 00025000 08:01 2148                       /lib/x86_64-linux-gnu/ld-2.23.so
7f7c3646a000-7f7c3646b000 rw-p 00026000 08:01 2148                       /lib/x86_64-linux-gnu/ld-2.23.so
7f7c3646b000-7f7c3646c000 rw-p 00000000 00:00 0 
7fffb1b32000-7fffb1b53000 rw-p 00000000 00:00 0                          [stack]
7fffb1b76000-7fffb1b78000 r--p 00000000 00:00 0                          [vvar]
7fffb1b78000-7fffb1b7a000 r-xp 00000000 00:00 0                          [vdso]
ffffffffff600000-ffffffffff601000 r-xp 00000000 00:00 0                  [vsyscall]

VM Arguments:
java_command: /home/vagrant/devops/spring-petclinic/target/surefire/surefirebooter4593966466415973880.jar /home/vagrant/devops/spring-petclinic/target/surefire/surefire1117610090106999757tmp /home/vagrant/devops/spring-petclinic/target/surefire/surefire_04650888417103787920tmp
java_class_path (initial): /home/vagrant/devops/spring-petclinic/target/surefire/surefirebooter4593966466415973880.jar
Launcher Type: SUN_STANDARD

Environment Variables:
JAVA_HOME=/usr/lib/jvm/java-8-openjdk-amd64
PATH=/home/vagrant/.rvm/gems/ruby-2.3.8/bin:/home/vagrant/.rvm/gems/ruby-2.3.8@global/bin:/home/vagrant/.rvm/rubies/ruby-2.3.8/bin:/home/vagrant/bin:/home/vagrant/.local/bin:/usr/local/sbin:/usr/local/bin:/usr/sbin:/usr/bin:/sbin:/bin:/usr/games:/usr/local/games:/snap/bin:/home/vagrant/.rvm/bin:/home/vagrant/.rvm/bin
SHELL=/bin/bash

Signal Handlers:
SIGSEGV: [libjvm.so+0xa7bb00], sa_mask[0]=11111111011111111101111111111110, sa_flags=SA_RESTART|SA_SIGINFO
SIGBUS: [libjvm.so+0xa7bb00], sa_mask[0]=11111111011111111101111111111110, sa_flags=SA_RESTART|SA_SIGINFO
SIGFPE: [libjvm.so+0x8c3d50], sa_mask[0]=11111111011111111101111111111110, sa_flags=SA_RESTART|SA_SIGINFO
SIGPIPE: [libjvm.so+0x8c3d50], sa_mask[0]=11111111011111111101111111111110, sa_flags=SA_RESTART|SA_SIGINFO
SIGXFSZ: [libjvm.so+0x8c3d50], sa_mask[0]=11111111011111111101111111111110, sa_flags=SA_RESTART|SA_SIGINFO
SIGILL: [libjvm.so+0x8c3d50], sa_mask[0]=11111111011111111101111111111110, sa_flags=SA_RESTART|SA_SIGINFO
SIGUSR1: SIG_DFL, sa_mask[0]=00000000000000000000000000000000, sa_flags=none
SIGUSR2: [libjvm.so+0x8c3c00], sa_mask[0]=00100000000000000000000000000000, sa_flags=SA_RESTART|SA_SIGINFO
SIGHUP: [libjvm.so+0x8c4290], sa_mask[0]=11111111011111111101111111111110, sa_flags=SA_RESTART|SA_SIGINFO
SIGINT: [libjvm.so+0x8c4290], sa_mask[0]=11111111011111111101111111111110, sa_flags=SA_RESTART|SA_SIGINFO
SIGTERM: [libjvm.so+0x8c4290], sa_mask[0]=11111111011111111101111111111110, sa_flags=SA_RESTART|SA_SIGINFO
SIGQUIT: [libjvm.so+0x8c4290], sa_mask[0]=11111111011111111101111111111110, sa_flags=SA_RESTART|SA_SIGINFO


---------------  S Y S T E M  ---------------

OS:DISTRIB_ID=Ubuntu
DISTRIB_RELEASE=16.04
DISTRIB_CODENAME=xenial
DISTRIB_DESCRIPTION="Ubuntu 16.04.6 LTS"

uname:Linux 4.4.0-179-generic #209-Ubuntu SMP Fri Apr 24 17:48:44 UTC 2020 x86_64
libc:glibc 2.23 NPTL 2.23 
rlimit: STACK 8192k, CORE 0k, NPROC 7928, NOFILE 1048576, AS infinity
load average:3.48 1.38 1.35

/proc/meminfo:
MemTotal:        2047664 kB
MemFree:           58896 kB
MemAvailable:          0 kB
Buffers:             268 kB
Cached:             7576 kB
SwapCached:            0 kB
Active:          1919416 kB
Inactive:           3748 kB
Active(anon):    1918736 kB
Inactive(anon):     2784 kB
Active(file):        680 kB
Inactive(file):      964 kB
Unevictable:        3652 kB
Mlocked:            3652 kB
SwapTotal:             0 kB
SwapFree:              0 kB
Dirty:                 4 kB
Writeback:             0 kB
AnonPages:       1919476 kB
Mapped:             4384 kB
Shmem:              3272 kB
Slab:              32364 kB
SReclaimable:      16148 kB
SUnreclaim:        16216 kB
KernelStack:        5104 kB
PageTables:         8412 kB
NFS_Unstable:          0 kB
Bounce:                0 kB
WritebackTmp:          0 kB
CommitLimit:     1023832 kB
Committed_AS:    2024800 kB
VmallocTotal:   34359738367 kB
VmallocUsed:           0 kB
VmallocChunk:          0 kB
HardwareCorrupted:     0 kB
AnonHugePages:         0 kB
CmaTotal:              0 kB
CmaFree:               0 kB
HugePages_Total:       0
HugePages_Free:        0
HugePages_Rsvd:        0
HugePages_Surp:        0
Hugepagesize:       2048 kB
DirectMap4k:       49088 kB
DirectMap2M:     2048000 kB

container (cgroup) information:
container_type: cgroupv1
cpu_cpuset_cpus: 0-3
cpu_memory_nodes: 0
active_processor_count: 4
cpu_quota: -1
cpu_period: 100000
cpu_shares: -1
memory_limit_in_bytes: -1
memory_and_swap_limit_in_bytes: -2
memory_soft_limit_in_bytes: -1
memory_usage_in_bytes: 1945206784
memory_max_usage_in_bytes: 1950736384


CPU:total 4 (initial active 4) (4 cores per cpu, 1 threads per core) family 6 model 142 stepping 10, cmov, cx8, fxsr, mmx, sse, sse2, sse3, ssse3, sse4.1, sse4.2, popcnt, avx, avx2, aes, clmul, 3dnowpref, lzcnt, tsc, tscinvbit

/proc/cpuinfo:
processor	: 0
vendor_id	: GenuineIntel
cpu family	: 6
model		: 142
model name	: Intel(R) Core(TM) i5-8350U CPU @ 1.70GHz
stepping	: 10
cpu MHz		: 1895.998
cache size	: 6144 KB
physical id	: 0
siblings	: 4
core id		: 0
cpu cores	: 4
apicid		: 0
initial apicid	: 0
fpu		: yes
fpu_exception	: yes
cpuid level	: 22
wp		: yes
flags		: fpu vme de pse tsc msr pae mce cx8 apic sep mtrr pge mca cmov pat pse36 clflush mmx fxsr sse sse2 ht syscall nx rdtscp lm constant_tsc rep_good nopl xtopology nonstop_tsc tsc_known_freq pni pclmulqdq ssse3 cx16 pcid sse4_1 sse4_2 x2apic movbe popcnt aes xsave avx rdrand hypervisor lahf_lm abm 3dnowprefetch invpcid_single kaiser fsgsbase avx2 invpcid rdseed clflushopt flush_l1d
bugs		: cpu_meltdown spectre_v1 spectre_v2 spec_store_bypass l1tf mds swapgs itlb_multihit
bogomips	: 3791.99
clflush size	: 64
cache_alignment	: 64
address sizes	: 39 bits physical, 48 bits virtual
power management:

processor	: 1
vendor_id	: GenuineIntel
cpu family	: 6
model		: 142
model name	: Intel(R) Core(TM) i5-8350U CPU @ 1.70GHz
stepping	: 10
cpu MHz		: 1895.998
cache size	: 6144 KB
physical id	: 0
siblings	: 4
core id		: 1
cpu cores	: 4
apicid		: 1
initial apicid	: 1
fpu		: yes
fpu_exception	: yes
cpuid level	: 22
wp		: yes
flags		: fpu vme de pse tsc msr pae mce cx8 apic sep mtrr pge mca cmov pat pse36 clflush mmx fxsr sse sse2 ht syscall nx rdtscp lm constant_tsc rep_good nopl xtopology nonstop_tsc tsc_known_freq pni pclmulqdq ssse3 cx16 pcid sse4_1 sse4_2 x2apic movbe popcnt aes xsave avx rdrand hypervisor lahf_lm abm 3dnowprefetch invpcid_single kaiser fsgsbase avx2 invpcid rdseed clflushopt flush_l1d
bugs		: cpu_meltdown spectre_v1 spectre_v2 spec_store_bypass l1tf mds swapgs itlb_multihit
bogomips	: 3791.99
clflush size	: 64
cache_alignment	: 64
address sizes	: 39 bits physical, 48 bits virtual
power management:

processor	: 2
vendor_id	: GenuineIntel
cpu family	: 6
model		: 142
model name	: Intel(R) Core(TM) i5-8350U CPU @ 1.70GHz
stepping	: 10
cpu MHz		: 1895.998
cache size	: 6144 KB
physical id	: 0
siblings	: 4
core id		: 2
cpu cores	: 4
apicid		: 2
initial apicid	: 2
fpu		: yes
fpu_exception	: yes
cpuid level	: 22
wp		: yes
flags		: fpu vme de pse tsc msr pae mce cx8 apic sep mtrr pge mca cmov pat pse36 clflush mmx fxsr sse sse2 ht syscall nx rdtscp lm constant_tsc rep_good nopl xtopology nonstop_tsc tsc_known_freq pni pclmulqdq ssse3 cx16 pcid sse4_1 sse4_2 x2apic movbe popcnt aes xsave avx rdrand hypervisor lahf_lm abm 3dnowprefetch invpcid_single kaiser fsgsbase avx2 invpcid rdseed clflushopt flush_l1d
bugs		: cpu_meltdown spectre_v1 spectre_v2 spec_store_bypass l1tf mds swapgs itlb_multihit
bogomips	: 3791.99
clflush size	: 64
cache_alignment	: 64
address sizes	: 39 bits physical, 48 bits virtual
power management:

processor	: 3
vendor_id	: GenuineIntel
cpu family	: 6
model		: 142
model name	: Intel(R) Core(TM) i5-8350U CPU @ 1.70GHz
stepping	: 10
cpu MHz		: 1895.998
cache size	: 6144 KB
physical id	: 0
siblings	: 4
core id		: 3
cpu cores	: 4
apicid		: 3
initial apicid	: 3
fpu		: yes
fpu_exception	: yes
cpuid level	: 22
wp		: yes
flags		: fpu vme de pse tsc msr pae mce cx8 apic sep mtrr pge mca cmov pat pse36 clflush mmx fxsr sse sse2 ht syscall nx rdtscp lm constant_tsc rep_good nopl xtopology nonstop_tsc tsc_known_freq pni pclmulqdq ssse3 cx16 pcid sse4_1 sse4_2 x2apic movbe popcnt aes xsave avx rdrand hypervisor lahf_lm abm 3dnowprefetch invpcid_single kaiser fsgsbase avx2 invpcid rdseed clflushopt flush_l1d
bugs		: cpu_meltdown spectre_v1 spectre_v2 spec_store_bypass l1tf mds swapgs itlb_multihit
bogomips	: 3791.99
clflush size	: 64
cache_alignment	: 64
address sizes	: 39 bits physical, 48 bits virtual
power management:



Memory: 4k page, physical 2047664k(58796k free), swap 0k(0k free)

vm_info: OpenJDK 64-Bit Server VM (25.252-b09) for linux-amd64 JRE (1.8.0_252-8u252-b09-1~16.04-b09), built on Apr 15 2020 21:06:51 by "buildd" with gcc 5.4.0 20160609

time: Sun May 31 17:38:17 2020
timezone: UTC
elapsed time: 33 seconds (0d 0h 0m 33s)

