#
# There is insufficient memory for the Java Runtime Environment to continue.
# Native memory allocation (mmap) failed to map 71303168 bytes for committing reserved memory.
# Possible reasons:
#   The system is out of physical RAM or swap space
#   The process is running with CompressedOops enabled, and the Java Heap may be blocking the growth of the native heap
# Possible solutions:
#   Reduce memory load on the system
#   Increase physical memory or swap space
#   Check if swap backing store is full
#   Decrease Java heap size (-Xmx/-Xms)
#   Decrease number of Java threads
#   Decrease Java thread stack sizes (-Xss)
#   Set larger code cache with -XX:ReservedCodeCacheSize=
#   JVM is running with Unscaled Compressed Oops mode in which the Java heap is
#     placed in the first 4GB address space. The Java Heap base address is the
#     maximum limit for the native heap growth. Please use -XX:HeapBaseMinAddress
#     to set the Java Heap base and to place the Java Heap above 4GB virtual address.
# This output file may be truncated or incomplete.
#
#  Out of Memory Error (os_linux.cpp:2757), pid=4114, tid=0x00007fd27bfff700
#
# JRE version: OpenJDK Runtime Environment (8.0_252-b09) (build 1.8.0_252-8u252-b09-1~16.04-b09)
# Java VM: OpenJDK 64-Bit Server VM (25.252-b09 mixed mode linux-amd64 compressed oops)
# Failed to write core dump. Core dumps have been disabled. To enable core dumping, try "ulimit -c unlimited" before starting Java again
#

---------------  T H R E A D  ---------------

Current thread (0x00007fd29013f800):  VMThread [stack: 0x00007fd27beff000,0x00007fd27c000000] [id=4123]

Stack: [0x00007fd27beff000,0x00007fd27c000000],  sp=0x00007fd27bffe370,  free space=1020k
Native frames: (J=compiled Java code, j=interpreted, Vv=VM code, C=native code)
V  [libjvm.so+0xa7af9b]
V  [libjvm.so+0x4ccc7c]
V  [libjvm.so+0x8c8ce8]
V  [libjvm.so+0x8c032e]
V  [libjvm.so+0x93e076]
V  [libjvm.so+0x93f3a3]
V  [libjvm.so+0x93ba84]
V  [libjvm.so+0x9348d9]
V  [libjvm.so+0x44efc3]
V  [libjvm.so+0xa7c5b9]
V  [libjvm.so+0xa81db7]
V  [libjvm.so+0xa7f5c7]
V  [libjvm.so+0xa80855]
V  [libjvm.so+0xa80e22]
V  [libjvm.so+0x8c6042]

VM_Operation (0x00007fd299b546a0): CollectForMetadataAllocation, mode: safepoint, requested by thread 0x00007fd29000b000


---------------  P R O C E S S  ---------------

Java Threads: ( => current thread )
  0x00007fd29018f800 JavaThread "Service Thread" daemon [_thread_blocked, id=4130, stack(0x00007fd27b660000,0x00007fd27b761000)]
  0x00007fd290184000 JavaThread "C1 CompilerThread2" daemon [_thread_blocked, id=4129, stack(0x00007fd27b761000,0x00007fd27b862000)]
  0x00007fd290182800 JavaThread "C2 CompilerThread1" daemon [_thread_blocked, id=4128, stack(0x00007fd27b862000,0x00007fd27b963000)]
  0x00007fd29017f800 JavaThread "C2 CompilerThread0" daemon [_thread_blocked, id=4127, stack(0x00007fd27b963000,0x00007fd27ba64000)]
  0x00007fd29017e000 JavaThread "Signal Dispatcher" daemon [_thread_blocked, id=4126, stack(0x00007fd27ba64000,0x00007fd27bb65000)]
  0x00007fd29014d800 JavaThread "Finalizer" daemon [_thread_blocked, id=4125, stack(0x00007fd27bcfd000,0x00007fd27bdfe000)]
  0x00007fd290149000 JavaThread "Reference Handler" daemon [_thread_blocked, id=4124, stack(0x00007fd27bdfe000,0x00007fd27beff000)]
  0x00007fd29000b000 JavaThread "main" [_thread_blocked, id=4115, stack(0x00007fd299a5a000,0x00007fd299b5b000)]

Other Threads:
=>0x00007fd29013f800 VMThread [stack: 0x00007fd27beff000,0x00007fd27c000000] [id=4123]
  0x00007fd290191800 WatcherThread [stack: 0x00007fd27b55f000,0x00007fd27b660000] [id=4131]

VM state:at safepoint (normal execution)

VM Mutex/Monitor currently owned by a thread:  ([mutex/lock_event])
[0x00007fd290007110] Threads_lock - owner thread: 0x00007fd29013f800
[0x00007fd290007610] Heap_lock - owner thread: 0x00007fd29000b000

heap address: 0x00000000e0c00000, size: 500 MB, Compressed Oops mode: 32-bit
Narrow klass base: 0x0000000000000000, Narrow klass shift: 3
Compressed class space size: 1073741824 Address: 0x0000000100000000

Heap:
 PSYoungGen      total 73216K, used 5102K [0x00000000f5980000, 0x00000000fa780000, 0x0000000100000000)
  eden space 68096K, 0% used [0x00000000f5980000,0x00000000f5980000,0x00000000f9c00000)
  from space 5120K, 99% used [0x00000000f9c00000,0x00000000fa0fb898,0x00000000fa100000)
  to   space 3584K, 0% used [0x00000000fa100000,0x00000000fa100000,0x00000000fa480000)
 ParOldGen       total 22016K, used 9428K [0x00000000e0c00000, 0x00000000e2180000, 0x00000000f5980000)
  object space 22016K, 42% used [0x00000000e0c00000,0x00000000e15350c8,0x00000000e2180000)
 Metaspace       used 20845K, capacity 20986K, committed 21248K, reserved 1067008K
  class space    used 2674K, capacity 2717K, committed 2816K, reserved 1048576K

Card table byte_map: [0x00007fd295ff1000,0x00007fd2960ec000] byte_map_base: 0x00007fd2958eb000

Marking Bits: (ParMarkBitMap*) 0x00007fd298d135a0
 Begin Bits: [0x00007fd294c4d000, 0x00007fd29541d000)
 End Bits:   [0x00007fd29541d000, 0x00007fd295bed000)

Polling page: 0x00007fd299b67000

CodeCache: size=245760Kb used=6581Kb max_used=6592Kb free=239178Kb
 bounds [0x00007fd281000000, 0x00007fd281680000, 0x00007fd290000000]
 total_blobs=2143 nmethods=1760 adapters=297
 compilation: enabled

Compilation events (10 events):
Event: 4.774 Thread 0x00007fd290182800 1753       4       java.util.concurrent.ConcurrentHashMap::addCount (292 bytes)
Event: 4.776 Thread 0x00007fd290184000 nmethod 1759 0x00007fd28166dfd0 code [0x00007fd28166e300, 0x00007fd28166f598]
Event: 4.779 Thread 0x00007fd290182800 nmethod 1753 0x00007fd28166d950 code [0x00007fd28166dac0, 0x00007fd28166dd08]
Event: 4.779 Thread 0x00007fd290182800 1750       4       java.util.regex.Pattern$BmpCharProperty::match (50 bytes)
Event: 4.792 Thread 0x00007fd29017f800 nmethod 1743 0x00007fd2816708d0 code [0x00007fd281670ac0, 0x00007fd281671900]
Event: 4.794 Thread 0x00007fd290182800 nmethod 1750 0x00007fd281675c90 code [0x00007fd281675ea0, 0x00007fd281676788]
Event: 4.805 Thread 0x00007fd29017f800 1760       4       java.util.regex.Pattern$Single::isSatisfiedBy (14 bytes)
Event: 4.806 Thread 0x00007fd290184000 1761       3       java.util.Formatter::ensureOpen (16 bytes)
Event: 4.806 Thread 0x00007fd29017f800 nmethod 1760 0x00007fd281659f50 code [0x00007fd28165a0a0, 0x00007fd28165a118]
Event: 4.806 Thread 0x00007fd290184000 nmethod 1761 0x00007fd28166d510 code [0x00007fd28166d680, 0x00007fd28166d888]

GC Heap History (10 events):
Event: 1.001 GC heap after
Heap after GC invocations=2 (full 0):
 PSYoungGen      total 18432K, used 995K [0x00000000f5980000, 0x00000000f6c80000, 0x0000000100000000)
  eden space 17408K, 0% used [0x00000000f5980000,0x00000000f5980000,0x00000000f6a80000)
  from space 1024K, 97% used [0x00000000f6b80000,0x00000000f6c78ca8,0x00000000f6c80000)
  to   space 1024K, 0% used [0x00000000f6a80000,0x00000000f6a80000,0x00000000f6b80000)
 ParOldGen       total 22016K, used 1191K [0x00000000e0c00000, 0x00000000e2180000, 0x00000000f5980000)
  object space 22016K, 5% used [0x00000000e0c00000,0x00000000e0d29cc0,0x00000000e2180000)
 Metaspace       used 5033K, capacity 5620K, committed 5760K, reserved 1056768K
  class space    used 583K, capacity 596K, committed 640K, reserved 1048576K
}
Event: 1.778 GC heap before
{Heap before GC invocations=3 (full 0):
 PSYoungGen      total 18432K, used 18403K [0x00000000f5980000, 0x00000000f6c80000, 0x0000000100000000)
  eden space 17408K, 100% used [0x00000000f5980000,0x00000000f6a80000,0x00000000f6a80000)
  from space 1024K, 97% used [0x00000000f6b80000,0x00000000f6c78ca8,0x00000000f6c80000)
  to   space 1024K, 0% used [0x00000000f6a80000,0x00000000f6a80000,0x00000000f6b80000)
 ParOldGen       total 22016K, used 1191K [0x00000000e0c00000, 0x00000000e2180000, 0x00000000f5980000)
  object space 22016K, 5% used [0x00000000e0c00000,0x00000000e0d29cc0,0x00000000e2180000)
 Metaspace       used 9842K, capacity 9956K, committed 10240K, reserved 1058816K
  class space    used 1184K, capacity 1204K, committed 1280K, reserved 1048576K
Event: 1.784 GC heap after
Heap after GC invocations=3 (full 0):
 PSYoungGen      total 18432K, used 1014K [0x00000000f5980000, 0x00000000f7d80000, 0x0000000100000000)
  eden space 17408K, 0% used [0x00000000f5980000,0x00000000f5980000,0x00000000f6a80000)
  from space 1024K, 99% used [0x00000000f6a80000,0x00000000f6b7db78,0x00000000f6b80000)
  to   space 1024K, 0% used [0x00000000f7c80000,0x00000000f7c80000,0x00000000f7d80000)
 ParOldGen       total 22016K, used 3221K [0x00000000e0c00000, 0x00000000e2180000, 0x00000000f5980000)
  object space 22016K, 14% used [0x00000000e0c00000,0x00000000e0f25798,0x00000000e2180000)
 Metaspace       used 9842K, capacity 9956K, committed 10240K, reserved 1058816K
  class space    used 1184K, capacity 1204K, committed 1280K, reserved 1048576K
}
Event: 2.102 GC heap before
{Heap before GC invocations=4 (full 0):
 PSYoungGen      total 18432K, used 18422K [0x00000000f5980000, 0x00000000f7d80000, 0x0000000100000000)
  eden space 17408K, 100% used [0x00000000f5980000,0x00000000f6a80000,0x00000000f6a80000)
  from space 1024K, 99% used [0x00000000f6a80000,0x00000000f6b7db78,0x00000000f6b80000)
  to   space 1024K, 0% used [0x00000000f7c80000,0x00000000f7c80000,0x00000000f7d80000)
 ParOldGen       total 22016K, used 3221K [0x00000000e0c00000, 0x00000000e2180000, 0x00000000f5980000)
  object space 22016K, 14% used [0x00000000e0c00000,0x00000000e0f25798,0x00000000e2180000)
 Metaspace       used 11079K, capacity 11248K, committed 11392K, reserved 1058816K
  class space    used 1353K, capacity 1398K, committed 1408K, reserved 1048576K
Event: 2.106 GC heap after
Heap after GC invocations=4 (full 0):
 PSYoungGen      total 35840K, used 1013K [0x00000000f5980000, 0x00000000f7d80000, 0x0000000100000000)
  eden space 34816K, 0% used [0x00000000f5980000,0x00000000f5980000,0x00000000f7b80000)
  from space 1024K, 98% used [0x00000000f7c80000,0x00000000f7d7d408,0x00000000f7d80000)
  to   space 1024K, 0% used [0x00000000f7b80000,0x00000000f7b80000,0x00000000f7c80000)
 ParOldGen       total 22016K, used 4562K [0x00000000e0c00000, 0x00000000e2180000, 0x00000000f5980000)
  object space 22016K, 20% used [0x00000000e0c00000,0x00000000e1074b20,0x00000000e2180000)
 Metaspace       used 11079K, capacity 11248K, committed 11392K, reserved 1058816K
  class space    used 1353K, capacity 1398K, committed 1408K, reserved 1048576K
}
Event: 2.476 GC heap before
{Heap before GC invocations=5 (full 0):
 PSYoungGen      total 35840K, used 35829K [0x00000000f5980000, 0x00000000f7d80000, 0x0000000100000000)
  eden space 34816K, 100% used [0x00000000f5980000,0x00000000f7b80000,0x00000000f7b80000)
  from space 1024K, 98% used [0x00000000f7c80000,0x00000000f7d7d408,0x00000000f7d80000)
  to   space 1024K, 0% used [0x00000000f7b80000,0x00000000f7b80000,0x00000000f7c80000)
 ParOldGen       total 22016K, used 4562K [0x00000000e0c00000, 0x00000000e2180000, 0x00000000f5980000)
  object space 22016K, 20% used [0x00000000e0c00000,0x00000000e1074b20,0x00000000e2180000)
 Metaspace       used 12724K, capacity 12848K, committed 12928K, reserved 1060864K
  class space    used 1610K, capacity 1654K, committed 1664K, reserved 1048576K
Event: 2.488 GC heap after
Heap after GC invocations=5 (full 0):
 PSYoungGen      total 35840K, used 1021K [0x00000000f5980000, 0x00000000fa480000, 0x0000000100000000)
  eden space 34816K, 0% used [0x00000000f5980000,0x00000000f5980000,0x00000000f7b80000)
  from space 1024K, 99% used [0x00000000f7b80000,0x00000000f7c7f6e0,0x00000000f7c80000)
  to   space 3584K, 0% used [0x00000000fa100000,0x00000000fa100000,0x00000000fa480000)
 ParOldGen       total 22016K, used 6426K [0x00000000e0c00000, 0x00000000e2180000, 0x00000000f5980000)
  object space 22016K, 29% used [0x00000000e0c00000,0x00000000e1246848,0x00000000e2180000)
 Metaspace       used 12724K, capacity 12848K, committed 12928K, reserved 1060864K
  class space    used 1610K, capacity 1654K, committed 1664K, reserved 1048576K
}
Event: 3.685 GC heap before
{Heap before GC invocations=6 (full 0):
 PSYoungGen      total 35840K, used 35837K [0x00000000f5980000, 0x00000000fa480000, 0x0000000100000000)
  eden space 34816K, 100% used [0x00000000f5980000,0x00000000f7b80000,0x00000000f7b80000)
  from space 1024K, 99% used [0x00000000f7b80000,0x00000000f7c7f6e0,0x00000000f7c80000)
  to   space 3584K, 0% used [0x00000000fa100000,0x00000000fa100000,0x00000000fa480000)
 ParOldGen       total 22016K, used 6426K [0x00000000e0c00000, 0x00000000e2180000, 0x00000000f5980000)
  object space 22016K, 29% used [0x00000000e0c00000,0x00000000e1246848,0x00000000e2180000)
 Metaspace       used 16994K, capacity 17154K, committed 17280K, reserved 1064960K
  class space    used 2119K, capacity 2169K, committed 2176K, reserved 1048576K
Event: 3.694 GC heap after
Heap after GC invocations=6 (full 0):
 PSYoungGen      total 71680K, used 3579K [0x00000000f5980000, 0x00000000fa780000, 0x0000000100000000)
  eden space 68096K, 0% used [0x00000000f5980000,0x00000000f5980000,0x00000000f9c00000)
  from space 3584K, 99% used [0x00000000fa100000,0x00000000fa47ec90,0x00000000fa480000)
  to   space 5120K, 0% used [0x00000000f9c00000,0x00000000f9c00000,0x00000000fa100000)
 ParOldGen       total 22016K, used 7648K [0x00000000e0c00000, 0x00000000e2180000, 0x00000000f5980000)
  object space 22016K, 34% used [0x00000000e0c00000,0x00000000e1378038,0x00000000e2180000)
 Metaspace       used 16994K, capacity 17154K, committed 17280K, reserved 1064960K
  class space    used 2119K, capacity 2169K, committed 2176K, reserved 1048576K
}
Event: 4.832 GC heap before
{Heap before GC invocations=7 (full 0):
 PSYoungGen      total 71680K, used 57994K [0x00000000f5980000, 0x00000000fa780000, 0x0000000100000000)
  eden space 68096K, 79% used [0x00000000f5980000,0x00000000f8ea3eb8,0x00000000f9c00000)
  from space 3584K, 99% used [0x00000000fa100000,0x00000000fa47ec90,0x00000000fa480000)
  to   space 5120K, 0% used [0x00000000f9c00000,0x00000000f9c00000,0x00000000fa100000)
 ParOldGen       total 22016K, used 7648K [0x00000000e0c00000, 0x00000000e2180000, 0x00000000f5980000)
  object space 22016K, 34% used [0x00000000e0c00000,0x00000000e1378038,0x00000000e2180000)
 Metaspace       used 20845K, capacity 20986K, committed 21248K, reserved 1067008K
  class space    used 2674K, capacity 2717K, committed 2816K, reserved 1048576K

Deoptimization events (10 events):
Event: 4.316 Thread 0x00007fd29000b000 Uncommon trap: reason=class_check action=maybe_recompile pc=0x00007fd281526ecc method=java.util.concurrent.ConcurrentHashMap.putVal(Ljava/lang/Object;Ljava/lang/Object;Z)Ljava/lang/Object; @ 192
Event: 4.317 Thread 0x00007fd29000b000 Uncommon trap: reason=class_check action=maybe_recompile pc=0x00007fd281526ecc method=java.util.concurrent.ConcurrentHashMap.putVal(Ljava/lang/Object;Ljava/lang/Object;Z)Ljava/lang/Object; @ 192
Event: 4.317 Thread 0x00007fd29000b000 Uncommon trap: reason=class_check action=maybe_recompile pc=0x00007fd281526ecc method=java.util.concurrent.ConcurrentHashMap.putVal(Ljava/lang/Object;Ljava/lang/Object;Z)Ljava/lang/Object; @ 192
Event: 4.385 Thread 0x00007fd29000b000 Uncommon trap: reason=class_check action=maybe_recompile pc=0x00007fd281526ecc method=java.util.concurrent.ConcurrentHashMap.putVal(Ljava/lang/Object;Ljava/lang/Object;Z)Ljava/lang/Object; @ 192
Event: 4.423 Thread 0x00007fd29000b000 Uncommon trap: reason=bimorphic action=maybe_recompile pc=0x00007fd2812fa574 method=java.util.HashMap.putVal(ILjava/lang/Object;Ljava/lang/Object;ZZ)Ljava/lang/Object; @ 253
Event: 4.423 Thread 0x00007fd29000b000 Uncommon trap: reason=bimorphic action=maybe_recompile pc=0x00007fd2812fa574 method=java.util.HashMap.putVal(ILjava/lang/Object;Ljava/lang/Object;ZZ)Ljava/lang/Object; @ 253
Event: 4.461 Thread 0x00007fd29000b000 Uncommon trap: reason=bimorphic action=maybe_recompile pc=0x00007fd2812f9290 method=java.util.HashMap.putVal(ILjava/lang/Object;Ljava/lang/Object;ZZ)Ljava/lang/Object; @ 253
Event: 4.468 Thread 0x00007fd29000b000 Uncommon trap: reason=unstable_if action=reinterpret pc=0x00007fd2811f0b60 method=java.util.zip.ZipCoder.getBytes(Ljava/lang/String;)[B @ 32
Event: 4.468 Thread 0x00007fd29000b000 Uncommon trap: reason=unstable_if action=reinterpret pc=0x00007fd2811a55d0 method=java.util.zip.ZipCoder.getBytes(Ljava/lang/String;)[B @ 32
Event: 4.468 Thread 0x00007fd29000b000 Uncommon trap: reason=unstable_if action=reinterpret pc=0x00007fd281365138 method=java.net.URLStreamHandler.parseURL(Ljava/net/URL;Ljava/lang/String;II)V @ 57

Classes redefined (0 events):
No events

Internal exceptions (10 events):
Event: 4.298 Thread 0x00007fd29000b000 Exception <a 'java/lang/ClassNotFoundException': org/springframework/aop/support/AbstractBeanFactoryPointcutAdvisorCustomizer> (0x00000000f771e200) thrown at [/build/openjdk-8-uwNjBd/openjdk-8-8u252-b09/src/hotspot/src/share/vm/classfile/systemDictionary.
Event: 4.300 Thread 0x00007fd29000b000 Exception <a 'java/lang/ClassNotFoundException': org/springframework/transaction/interceptor/BeanFactoryTransactionAttributeSourceAdvisorCustomizer> (0x00000000f7750dc0) thrown at [/build/openjdk-8-uwNjBd/openjdk-8-8u252-b09/src/hotspot/src/share/vm/class
Event: 4.305 Thread 0x00007fd29000b000 Exception <a 'java/lang/ClassNotFoundException': org/springframework/transaction/annotation/AnnotationTransactionAttributeSourceBeanInfo> (0x00000000f778f450) thrown at [/build/openjdk-8-uwNjBd/openjdk-8-8u252-b09/src/hotspot/src/share/vm/classfile/system
Event: 4.305 Thread 0x00007fd29000b000 Exception <a 'java/lang/ClassNotFoundException': org/springframework/transaction/interceptor/AbstractFallbackTransactionAttributeSourceBeanInfo> (0x00000000f77b8e98) thrown at [/build/openjdk-8-uwNjBd/openjdk-8-8u252-b09/src/hotspot/src/share/vm/classfile
Event: 4.306 Thread 0x00007fd29000b000 Exception <a 'java/lang/ClassNotFoundException': org/springframework/transaction/interceptor/AbstractFallbackTransactionAttributeSourceCustomizer> (0x00000000f77e3610) thrown at [/build/openjdk-8-uwNjBd/openjdk-8-8u252-b09/src/hotspot/src/share/vm/classfi
Event: 4.307 Thread 0x00007fd29000b000 Exception <a 'java/lang/ClassNotFoundException': org/springframework/transaction/annotation/AnnotationTransactionAttributeSourceCustomizer> (0x00000000f780e148) thrown at [/build/openjdk-8-uwNjBd/openjdk-8-8u252-b09/src/hotspot/src/share/vm/classfile/syst
Event: 4.360 Thread 0x00007fd29000b000 Exception <a 'java/lang/ClassNotFoundException': org/apache/tomcat/jdbc/pool/DataSourceBeanInfo> (0x00000000f7956928) thrown at [/build/openjdk-8-uwNjBd/openjdk-8-8u252-b09/src/hotspot/src/share/vm/classfile/systemDictionary.cpp, line 210]
Event: 4.361 Thread 0x00007fd29000b000 Exception <a 'java/lang/ClassNotFoundException': org/apache/tomcat/jdbc/pool/DataSourceProxyBeanInfo> (0x00000000f7971ba0) thrown at [/build/openjdk-8-uwNjBd/openjdk-8-8u252-b09/src/hotspot/src/share/vm/classfile/systemDictionary.cpp, line 210]
Event: 4.361 Thread 0x00007fd29000b000 Exception <a 'java/lang/ClassNotFoundException': org/apache/tomcat/jdbc/pool/DataSourceProxyCustomizer> (0x00000000f798d888) thrown at [/build/openjdk-8-uwNjBd/openjdk-8-8u252-b09/src/hotspot/src/share/vm/classfile/systemDictionary.cpp, line 210]
Event: 4.371 Thread 0x00007fd29000b000 Exception <a 'java/lang/ClassNotFoundException': org/apache/tomcat/jdbc/pool/DataSourceCustomizer> (0x00000000f7a38f48) thrown at [/build/openjdk-8-uwNjBd/openjdk-8-8u252-b09/src/hotspot/src/share/vm/classfile/systemDictionary.cpp, line 210]

Events (10 events):
Event: 4.821 loading class org/hibernate/persister/internal/PersisterClassResolverInitiator done
Event: 4.822 loading class org/hibernate/persister/spi/PersisterClassResolver
Event: 4.822 loading class org/hibernate/persister/spi/PersisterClassResolver done
Event: 4.823 loading class org/hibernate/persister/internal/PersisterFactoryInitiator
Event: 4.823 loading class org/hibernate/persister/internal/PersisterFactoryInitiator done
Event: 4.824 loading class org/hibernate/persister/spi/PersisterFactory
Event: 4.824 loading class org/hibernate/persister/spi/PersisterFactory done
Event: 4.826 loading class org/hibernate/engine/jdbc/connections/internal/ConnectionProviderInitiator
Event: 4.826 loading class org/hibernate/engine/jdbc/connections/internal/ConnectionProviderInitiator done
Event: 4.831 Executing VM operation: CollectForMetadataAllocation


Dynamic libraries:
e0c00000-e2180000 rw-p 00000000 00:00 0 
e2180000-f5980000 ---p 00000000 00:00 0 
f5980000-fa780000 rw-p 00000000 00:00 0 
feb80000-100000000 ---p 00000000 00:00 0 
100000000-1002c0000 rw-p 00000000 00:00 0 
1002c0000-140000000 ---p 00000000 00:00 0 
556d4bd12000-556d4bd13000 r-xp 00000000 08:01 267578                     /usr/lib/jvm/java-8-openjdk-amd64/jre/bin/java
556d4bf12000-556d4bf13000 r--p 00000000 08:01 267578                     /usr/lib/jvm/java-8-openjdk-amd64/jre/bin/java
556d4bf13000-556d4bf14000 rw-p 00001000 08:01 267578                     /usr/lib/jvm/java-8-openjdk-amd64/jre/bin/java
556d4d836000-556d4d857000 rw-p 00000000 00:00 0                          [heap]
7fd244000000-7fd244021000 rw-p 00000000 00:00 0 
7fd244021000-7fd248000000 ---p 00000000 00:00 0 
7fd24c000000-7fd24c55a000 rw-p 00000000 00:00 0 
7fd24c55a000-7fd250000000 ---p 00000000 00:00 0 
7fd250000000-7fd250021000 rw-p 00000000 00:00 0 
7fd250021000-7fd254000000 ---p 00000000 00:00 0 
7fd254000000-7fd25457e000 rw-p 00000000 00:00 0 
7fd25457e000-7fd258000000 ---p 00000000 00:00 0 
7fd258000000-7fd25865c000 rw-p 00000000 00:00 0 
7fd25865c000-7fd25c000000 ---p 00000000 00:00 0 
7fd25c000000-7fd25c021000 rw-p 00000000 00:00 0 
7fd25c021000-7fd260000000 ---p 00000000 00:00 0 
7fd260000000-7fd260021000 rw-p 00000000 00:00 0 
7fd260021000-7fd264000000 ---p 00000000 00:00 0 
7fd264000000-7fd264021000 rw-p 00000000 00:00 0 
7fd264021000-7fd268000000 ---p 00000000 00:00 0 
7fd268000000-7fd268021000 rw-p 00000000 00:00 0 
7fd268021000-7fd26c000000 ---p 00000000 00:00 0 
7fd26c000000-7fd26c021000 rw-p 00000000 00:00 0 
7fd26c021000-7fd270000000 ---p 00000000 00:00 0 
7fd270000000-7fd270021000 rw-p 00000000 00:00 0 
7fd270021000-7fd274000000 ---p 00000000 00:00 0 
7fd274000000-7fd274021000 rw-p 00000000 00:00 0 
7fd274021000-7fd278000000 ---p 00000000 00:00 0 
7fd27a369000-7fd27a569000 rw-p 00000000 00:00 0 
7fd27a569000-7fd27a769000 rw-p 00000000 00:00 0 
7fd27a769000-7fd27a969000 rw-p 00000000 00:00 0 
7fd27a969000-7fd27ab69000 rw-p 00000000 00:00 0 
7fd27ab69000-7fd27ad69000 rw-p 00000000 00:00 0 
7fd27ada9000-7fd27adbc000 r--s 00346000 08:01 267548                     /usr/lib/jvm/java-8-openjdk-amd64/jre/lib/resources.jar
7fd27adbc000-7fd27adc5000 r-xp 00000000 08:01 267523                     /usr/lib/jvm/java-8-openjdk-amd64/jre/lib/amd64/libmanagement.so
7fd27adc5000-7fd27afc4000 ---p 00009000 08:01 267523                     /usr/lib/jvm/java-8-openjdk-amd64/jre/lib/amd64/libmanagement.so
7fd27afc4000-7fd27afc5000 r--p 00008000 08:01 267523                     /usr/lib/jvm/java-8-openjdk-amd64/jre/lib/amd64/libmanagement.so
7fd27afc5000-7fd27afc6000 rw-p 00009000 08:01 267523                     /usr/lib/jvm/java-8-openjdk-amd64/jre/lib/amd64/libmanagement.so
7fd27afc6000-7fd27afc9000 r--s 00011000 08:01 518862                     /home/vagrant/.m2/repository/org/apache/maven/surefire/surefire-junit4/2.13/surefire-junit4-2.13.jar
7fd27afc9000-7fd27afca000 r--s 00005000 08:01 519778                     /home/vagrant/.m2/repository/com/googlecode/json-simple/json-simple/1.1.1/json-simple-1.1.1.jar
7fd27afca000-7fd27afe0000 r--s 001ec000 08:01 519776                     /home/vagrant/.m2/repository/com/itextpdf/itextpdf/5.4.5/itextpdf-5.4.5.jar
7fd27afe0000-7fd27afe1000 r--s 00001000 08:01 519773                     /home/vagrant/.m2/repository/com/github/dandelion/datatables-export-itext/1.1.0/datatables-export-itext-1.1.0.jar
7fd27afe1000-7fd27afef000 r--s 0007f000 08:01 519771                     /home/vagrant/.m2/repository/commons-collections/commons-collections/3.2.1/commons-collections-3.2.1.jar
7fd27afef000-7fd27aff4000 r--s 00035000 08:01 519770                     /home/vagrant/.m2/repository/commons-beanutils/commons-beanutils/1.9.2/commons-beanutils-1.9.2.jar
7fd27aff4000-7fd27b000000 r--s 0010d000 08:01 519767                     /home/vagrant/.m2/repository/com/github/dandelion/datatables-core/1.1.0/datatables-core-1.1.0.jar
7fd27b000000-7fd27b002000 r--s 00009000 08:01 519766                     /home/vagrant/.m2/repository/com/github/dandelion/datatables-jsp/1.1.0/datatables-jsp-1.1.0.jar
7fd27b002000-7fd27b013000 r--s 000f7000 08:01 519765                     /home/vagrant/.m2/repository/com/fasterxml/jackson/core/jackson-databind/2.4.6/jackson-databind-2.4.6.jar
7fd27b013000-7fd27b016000 r--s 00007000 08:01 519761                     /home/vagrant/.m2/repository/com/fasterxml/jackson/core/jackson-annotations/2.4.6/jackson-annotations-2.4.6.jar
7fd27b016000-7fd27b01a000 r--s 00034000 08:01 519759                     /home/vagrant/.m2/repository/com/fasterxml/jackson/core/jackson-core/2.4.6/jackson-core-2.4.6.jar
7fd27b01a000-7fd27b01e000 r--s 0002a000 08:01 519758                     /home/vagrant/.m2/repository/commons-io/commons-io/2.4/commons-io-2.4.jar
7fd27b01e000-7fd27b026000 r--s 00090000 08:01 519757                     /home/vagrant/.m2/repository/com/github/dandelion/dandelion-core/1.1.1/dandelion-core-1.1.1.jar
7fd27b026000-7fd27b027000 r--s 00001000 08:01 519753                     /home/vagrant/.m2/repository/com/github/dandelion/dandelion-jsp/1.1.1/dandelion-jsp-1.1.1.jar
7fd27b027000-7fd27b035000 r--s 0009d000 08:01 519752                     /home/vagrant/.m2/repository/org/assertj/assertj-core/2.2.0/assertj-core-2.2.0.jar
7fd27b035000-7fd27b037000 r--s 00009000 08:01 519749                     /home/vagrant/.m2/repository/org/hamcrest/hamcrest-core/1.3/hamcrest-core-1.3.jar
7fd27b037000-7fd27b03d000 r--s 00036000 08:01 519748                     /home/vagrant/.m2/repository/junit/junit/4.11/junit-4.11.jar
7fd27b03d000-7fd27b049000 r--s 0006f000 08:01 519746                     /home/vagrant/.m2/repository/org/springframework/spring-test/4.1.7.RELEASE/spring-test-4.1.7.RELEASE.jar
7fd27b049000-7fd27b04a000 r--s 00025000 08:01 519744                     /home/vagrant/.m2/repository/org/webjars/jquery/2.0.3-1/jquery-2.0.3-1.jar
7fd27b04a000-7fd27b055000 r--s 0008d000 08:01 519741                     /home/vagrant/.m2/repository/org/webjars/jquery-ui/1.10.3/jquery-ui-1.10.3.jar
7fd27b055000-7fd27b058000 r--s 00020000 08:01 519740                     /home/vagrant/.m2/repository/org/webjars/bootstrap/2.3.0/bootstrap-2.3.0.jar
7fd27b058000-7fd27b073000 r--s 0012e000 08:01 519739                     /home/vagrant/.m2/repository/net/sf/ehcache/ehcache-core/2.6.10/ehcache-core-2.6.10.jar
7fd27b073000-7fd27b077000 r--s 0001e000 08:01 519737                     /home/vagrant/.m2/repository/org/hibernate/hibernate-ehcache/4.3.10.Final/hibernate-ehcache-4.3.10.Final.jar
7fd27b077000-7fd27b079000 r--s 0000d000 08:01 519733                     /home/vagrant/.m2/repository/com/fasterxml/classmate/1.0.0/classmate-1.0.0.jar
7fd27b079000-7fd27b07d000 r--s 0000c000 08:01 519732                     /home/vagrant/.m2/repository/javax/validation/validation-api/1.1.0.Final/validation-api-1.1.0.Final.jar
7fd27b07d000-7fd27b08b000 r--s 0008d000 08:01 519729                     /home/vagrant/.m2/repository/org/hibernate/hibernate-validator/5.1.3.Final/hibernate-validator-5.1.3.Final.jar
7fd27b08b000-7fd27b095000 r--s 000a5000 08:01 519728                     /home/vagrant/.m2/repository/org/javassist/javassist/3.18.1-GA/javassist-3.18.1-GA.jar
7fd27b095000-7fd27b09a000 r--s 00017000 08:01 519724                     /home/vagrant/.m2/repository/org/hibernate/javax/persistence/hibernate-jpa-2.1-api/1.0.0.Final/hibernate-jpa-2.1-api-1.0.0.Final.jar
7fd27b09a000-7fd27b09d000 r--s 00010000 08:01 519722                     /home/vagrant/.m2/repository/org/hibernate/common/hibernate-commons-annotations/4.0.5.Final/hibernate-commons-annotations-4.0.5.Final.jar
7fd27b09d000-7fd27b0a2000 r--s 00016000 08:01 519719                     /home/vagrant/.m2/repository/xml-apis/xml-apis/1.0.b2/xml-apis-1.0.b2.jar
7fd27b0a2000-7fd27b0a7000 r--s 00048000 08:01 519718                     /home/vagrant/.m2/repository/dom4j/dom4j/1.6.1/dom4j-1.6.1.jar
7fd27b0a7000-7fd27b0a9000 r--s 00011000 08:01 519715                     /home/vagrant/.m2/repository/org/jboss/jandex/1.1.0.Final/jandex-1.1.0.Final.jar
7fd27b0a9000-7fd27b108000 r--s 004ab000 08:01 519713                     /home/vagrant/.m2/repository/org/hibernate/hibernate-core/4.3.10.Final/hibernate-core-4.3.10.Final.jar
7fd27b108000-7fd27b116000 r--s 00091000 08:01 519705                     /home/vagrant/.m2/repository/org/hibernate/hibernate-entitymanager/4.3.10.Final/hibernate-entitymanager-4.3.10.Final.jar
7fd27b116000-7fd27b124000 r--s 0015f000 08:01 519704                     /home/vagrant/.m2/repository/org/hsqldb/hsqldb/2.3.3/hsqldb-2.3.3.jar
7fd27b124000-7fd27b133000 r--s 00081000 08:01 519698                     /home/vagrant/.m2/repository/joda-time/joda-time/2.5/joda-time-2.5.jar
7fd27b133000-7fd27b14a000 r-xp 00000000 08:01 267525                     /usr/lib/jvm/java-8-openjdk-amd64/jre/lib/amd64/libnet.so
7fd27b14a000-7fd27b34a000 ---p 00017000 08:01 267525                     /usr/lib/jvm/java-8-openjdk-amd64/jre/lib/amd64/libnet.so
7fd27b34a000-7fd27b34b000 r--p 00017000 08:01 267525                     /usr/lib/jvm/java-8-openjdk-amd64/jre/lib/amd64/libnet.so
7fd27b34b000-7fd27b34c000 rw-p 00018000 08:01 267525                     /usr/lib/jvm/java-8-openjdk-amd64/jre/lib/amd64/libnet.so
7fd27b34c000-7fd27b35e000 r-xp 00000000 08:01 267521                     /usr/lib/jvm/java-8-openjdk-amd64/jre/lib/amd64/libnio.so
7fd27b35e000-7fd27b55d000 ---p 00012000 08:01 267521                     /usr/lib/jvm/java-8-openjdk-amd64/jre/lib/amd64/libnio.so
7fd27b55d000-7fd27b55e000 r--p 00011000 08:01 267521                     /usr/lib/jvm/java-8-openjdk-amd64/jre/lib/amd64/libnio.so
7fd27b55e000-7fd27b55f000 rw-p 00012000 08:01 267521                     /usr/lib/jvm/java-8-openjdk-amd64/jre/lib/amd64/libnio.so
7fd27b55f000-7fd27b560000 ---p 00000000 00:00 0 
7fd27b560000-7fd27b660000 rw-p 00000000 00:00 0 
7fd27b660000-7fd27b663000 ---p 00000000 00:00 0 
7fd27b663000-7fd27b761000 rw-p 00000000 00:00 0 
7fd27b761000-7fd27b764000 ---p 00000000 00:00 0 
7fd27b764000-7fd27b862000 rw-p 00000000 00:00 0 
7fd27b862000-7fd27b865000 ---p 00000000 00:00 0 
7fd27b865000-7fd27b963000 rw-p 00000000 00:00 0 
7fd27b963000-7fd27b966000 ---p 00000000 00:00 0 
7fd27b966000-7fd27ba64000 rw-p 00000000 00:00 0 
7fd27ba64000-7fd27ba67000 ---p 00000000 00:00 0 
7fd27ba67000-7fd27bb65000 rw-p 00000000 00:00 0 
7fd27bb65000-7fd27bcfd000 r--p 00000000 08:01 29255                      /usr/lib/locale/locale-archive
7fd27bcfd000-7fd27bd00000 ---p 00000000 00:00 0 
7fd27bd00000-7fd27bdfe000 rw-p 00000000 00:00 0 
7fd27bdfe000-7fd27be01000 ---p 00000000 00:00 0 
7fd27be01000-7fd27beff000 rw-p 00000000 00:00 0 
7fd27beff000-7fd27bf00000 ---p 00000000 00:00 0 
7fd27bf00000-7fd27c000000 rw-p 00000000 00:00 0 
7fd27c000000-7fd27c021000 rw-p 00000000 00:00 0 
7fd27c021000-7fd280000000 ---p 00000000 00:00 0 
7fd280000000-7fd280001000 r--s 00006000 08:01 519725                     /home/vagrant/.m2/repository/org/jboss/spec/javax/transaction/jboss-transaction-api_1.2_spec/1.0.0.Final/jboss-transaction-api_1.2_spec-1.0.0.Final.jar
7fd280001000-7fd280006000 r--s 00068000 08:01 519714                     /home/vagrant/.m2/repository/antlr/antlr/2.7.7/antlr-2.7.7.jar
7fd280006000-7fd280007000 r--s 00002000 08:01 519709                     /home/vagrant/.m2/repository/org/jboss/logging/jboss-logging-annotations/1.2.0.Beta1/jboss-logging-annotations-1.2.0.Beta1.jar
7fd280007000-7fd280009000 r--s 0000c000 08:01 519708                     /home/vagrant/.m2/repository/org/jboss/logging/jboss-logging/3.1.3.GA/jboss-logging-3.1.3.GA.jar
7fd280009000-7fd28000b000 r--s 00007000 08:01 519701                     /home/vagrant/.m2/repository/joda-time/joda-time-jsptags/1.1.1/joda-time-jsptags-1.1.1.jar
7fd28000b000-7fd28000d000 r--s 00007000 08:01 519699                     /home/vagrant/.m2/repository/joda-time/joda-time-hibernate/1.4/joda-time-hibernate-1.4.jar
7fd28000d000-7fd280018000 r--s 00065000 08:01 519697                     /home/vagrant/.m2/repository/ch/qos/logback/logback-core/1.1.3/logback-core-1.1.3.jar
7fd280018000-7fd28001e000 r--s 0003f000 08:01 519695                     /home/vagrant/.m2/repository/ch/qos/logback/logback-classic/1.1.3/logback-classic-1.1.3.jar
7fd28001e000-7fd28001f000 r--s 00007000 08:01 519692                     /home/vagrant/.m2/repository/org/slf4j/slf4j-api/1.7.12/slf4j-api-1.7.12.jar
7fd28001f000-7fd280021000 r--s 00008000 08:01 519690                     /home/vagrant/.m2/repository/org/apache/tomcat/tomcat-juli/7.0.59/tomcat-juli-7.0.59.jar
7fd280021000-7fd280023000 r--s 0001d000 08:01 519687                     /home/vagrant/.m2/repository/org/apache/tomcat/tomcat-jdbc/7.0.59/tomcat-jdbc-7.0.59.jar
7fd280023000-7fd28003c000 r--s 001ae000 08:01 519686                     /home/vagrant/.m2/repository/org/aspectj/aspectjweaver/1.8.6/aspectjweaver-1.8.6.jar
7fd28003c000-7fd280040000 r--s 00019000 08:01 519684                     /home/vagrant/.m2/repository/org/aspectj/aspectjrt/1.8.6/aspectjrt-1.8.6.jar
7fd280040000-7fd280043000 r--s 00012000 08:01 519681                     /home/vagrant/.m2/repository/org/springframework/spring-oxm/4.1.7.RELEASE/spring-oxm-4.1.7.RELEASE.jar
7fd280043000-7fd280048000 r--s 00027000 08:01 519680                     /home/vagrant/.m2/repository/org/springframework/spring-context-support/4.1.7.RELEASE/spring-context-support-4.1.7.RELEASE.jar
7fd280048000-7fd280058000 r--s 000a1000 08:01 519677                     /home/vagrant/.m2/repository/org/springframework/spring-web/4.1.7.RELEASE/spring-web-4.1.7.RELEASE.jar
7fd280058000-7fd28005d000 r--s 0003b000 08:01 519675                     /home/vagrant/.m2/repository/org/springframework/spring-expression/4.1.7.RELEASE/spring-expression-4.1.7.RELEASE.jar
7fd28005d000-7fd280075000 r--s 000e3000 08:01 519673                     /home/vagrant/.m2/repository/org/springframework/spring-context/4.1.7.RELEASE/spring-context-4.1.7.RELEASE.jar
7fd280075000-7fd280085000 r--s 000b0000 08:01 519672                     /home/vagrant/.m2/repository/org/springframework/spring-webmvc/4.1.7.RELEASE/spring-webmvc-4.1.7.RELEASE.jar
7fd280085000-7fd28008c000 r--s 00037000 08:01 519669                     /home/vagrant/.m2/repository/org/springframework/spring-tx/4.1.7.RELEASE/spring-tx-4.1.7.RELEASE.jar
7fd28008c000-7fd280099000 r--s 000a1000 08:01 519667                     /home/vagrant/.m2/repository/org/springframework/spring-beans/4.1.7.RELEASE/spring-beans-4.1.7.RELEASE.jar
7fd280099000-7fd2800a3000 r--s 0005f000 08:01 519666                     /home/vagrant/.m2/repository/org/springframework/spring-jdbc/4.1.7.RELEASE/spring-jdbc-4.1.7.RELEASE.jar
7fd2800a3000-7fd2800a7000 r--s 00017000 08:01 519664                     /home/vagrant/.m2/repository/org/springframework/retry/spring-retry/1.1.2.RELEASE/spring-retry-1.1.2.RELEASE.jar
7fd2800a7000-7fd2800a9000 r--s 00007000 08:01 519661                     /home/vagrant/.m2/repository/org/springframework/data/spring-data-jdbc-core/1.1.0.RELEASE/spring-data-jdbc-core-1.1.0.RELEASE.jar
7fd2800a9000-7fd2800ab000 r--s 0000c000 08:01 519659                     /home/vagrant/.m2/repository/org/springframework/spring-aspects/4.1.7.RELEASE/spring-aspects-4.1.7.RELEASE.jar
7fd2800ab000-7fd2800b8000 r--s 0006f000 08:01 519657                     /home/vagrant/.m2/repository/org/springframework/data/spring-data-commons/1.9.3.RELEASE/spring-data-commons-1.9.3.RELEASE.jar
7fd2800b8000-7fd2800be000 r--s 00032000 08:01 519656                     /home/vagrant/.m2/repository/org/springframework/data/spring-data-jpa/1.7.3.RELEASE/spring-data-jpa-1.7.3.RELEASE.jar
7fd2800be000-7fd2800c6000 r--s 00054000 08:01 519655                     /home/vagrant/.m2/repository/org/springframework/spring-orm/4.1.7.RELEASE/spring-orm-4.1.7.RELEASE.jar
7fd2800c6000-7fd2800c8000 r--s 00006000 08:01 519651                     /home/vagrant/.m2/repository/javax/transaction/javax.transaction-api/1.2/javax.transaction-api-1.2.jar
7fd2800c8000-7fd2800c9000 r--s 00000000 08:01 519650                     /home/vagrant/.m2/repository/org/springframework/boot/spring-boot-starter-jdbc/1.2.5.RELEASE/spring-boot-starter-jdbc-1.2.5.RELEASE.jar
7fd2800c9000-7fd2800cb000 r--s 00000000 08:01 519647                     /home/vagrant/.m2/repository/aopalliance/aopalliance/1.0/aopalliance-1.0.jar
7fd2800cb000-7fd2800d4000 r--s 0004f000 08:01 519646                     /home/vagrant/.m2/repository/org/springframework/spring-aop/4.1.7.RELEASE/spring-aop-4.1.7.RELEASE.jar
7fd2800d4000-7fd2800d5000 r--s 00000000 08:01 519643                     /home/vagrant/.m2/repository/org/springframework/boot/spring-boot-starter-aop/1.2.5.RELEASE/spring-boot-starter-aop-1.2.5.RELEASE.jar
7fd2800d5000-7fd2800dc000 r--s 0003d000 08:01 519640                     /home/vagrant/.m2/repository/org/yaml/snakeyaml/1.14/snakeyaml-1.14.jar
7fd2800dc000-7fd2800f1000 r--s 000e2000 08:01 519639                     /home/vagrant/.m2/repository/org/springframework/spring-core/4.1.7.RELEASE/spring-core-4.1.7.RELEASE.jar
7fd2800f1000-7fd281000000 rw-p 00000000 00:00 0 
7fd281000000-7fd281680000 rwxp 00000000 00:00 0 
7fd281680000-7fd290000000 ---p 00000000 00:00 0 
7fd290000000-7fd290ee1000 rw-p 00000000 00:00 0 
7fd290ee1000-7fd294000000 ---p 00000000 00:00 0 
7fd294000000-7fd294001000 r--s 00000000 08:01 519641                     /home/vagrant/.m2/repository/org/springframework/boot/spring-boot-starter-data-jpa/1.2.5.RELEASE/spring-boot-starter-data-jpa-1.2.5.RELEASE.jar
7fd294001000-7fd294002000 r--s 00005000 08:01 519635                     /home/vagrant/.m2/repository/org/slf4j/log4j-over-slf4j/1.7.12/log4j-over-slf4j-1.7.12.jar
7fd294002000-7fd294004000 r--s 00000000 08:01 519634                     /home/vagrant/.m2/repository/org/slf4j/jul-to-slf4j/1.7.12/jul-to-slf4j-1.7.12.jar
7fd294004000-7fd294006000 r--s 00003000 08:01 519633                     /home/vagrant/.m2/repository/org/slf4j/jcl-over-slf4j/1.7.12/jcl-over-slf4j-1.7.12.jar
7fd294006000-7fd294007000 r--s 00000000 08:01 519629                     /home/vagrant/.m2/repository/org/springframework/boot/spring-boot-starter-logging/1.2.5.RELEASE/spring-boot-starter-logging-1.2.5.RELEASE.jar
7fd294007000-7fd294017000 r--s 0006b000 08:01 519628                     /home/vagrant/.m2/repository/org/springframework/boot/spring-boot-autoconfigure/1.2.5.RELEASE/spring-boot-autoconfigure-1.2.5.RELEASE.jar
7fd294017000-7fd294022000 r--s 0005f000 08:01 519627                     /home/vagrant/.m2/repository/org/springframework/boot/spring-boot/1.2.5.RELEASE/spring-boot-1.2.5.RELEASE.jar
7fd294022000-7fd294023000 r--s 00000000 08:01 519623                     /home/vagrant/.m2/repository/org/springframework/boot/spring-boot-starter/1.2.5.RELEASE/spring-boot-starter-1.2.5.RELEASE.jar
7fd294023000-7fd294025000 r--s 0000c000 08:01 519621                     /home/vagrant/.m2/repository/net/minidev/json-smart/1.2/json-smart-1.2.jar
7fd294025000-7fd294028000 r--s 00015000 08:01 519620                     /home/vagrant/.m2/repository/com/jayway/jsonpath/json-path/0.9.1/json-path-0.9.1.jar
7fd294028000-7fd29402d000 r--s 0002e000 08:01 519619                     /home/vagrant/.m2/repository/org/apache/taglibs/taglibs-standard-impl/1.2.5/taglibs-standard-impl-1.2.5.jar
7fd29402d000-7fd29402f000 r--s 00008000 08:01 519618                     /home/vagrant/.m2/repository/org/apache/taglibs/taglibs-standard-spec/1.2.5/taglibs-standard-spec-1.2.5.jar
7fd29402f000-7fd294033000 r--s 00024000 08:01 519613                     /home/vagrant/.m2/repository/org/apache/taglibs/taglibs-standard-jstlel/1.2.5/taglibs-standard-jstlel-1.2.5.jar
7fd294033000-7fd294034000 r--s 00007000 08:01 519612                     /home/vagrant/.m2/repository/javax/servlet/jsp/jstl/javax.servlet.jsp.jstl-api/1.2.1/javax.servlet.jsp.jstl-api-1.2.1.jar
7fd294034000-7fd294036000 r--s 0000c000 08:01 519609                     /home/vagrant/.m2/repository/org/apache/tomcat/tomcat-el-api/7.0.59/tomcat-el-api-7.0.59.jar
7fd294036000-7fd294039000 r--s 0001c000 08:01 519607                     /home/vagrant/.m2/repository/org/apache/tomcat/tomcat-jasper-el/7.0.59/tomcat-jasper-el-7.0.59.jar
7fd294039000-7fd29403b000 r--s 0000b000 08:01 519605                     /home/vagrant/.m2/repository/javax/servlet/jsp/javax.servlet.jsp-api/2.2.1/javax.servlet.jsp-api-2.2.1.jar
7fd29403b000-7fd29403e000 r--s 0002e000 08:01 519603                     /home/vagrant/.m2/repository/org/apache/tomcat/tomcat-servlet-api/7.0.59/tomcat-servlet-api-7.0.59.jar
7fd29403e000-7fd294041000 r--s 00012000 08:01 519601                     /home/vagrant/.m2/repository/org/jadira/usertype/usertype.spi/3.2.0.GA/usertype.spi-3.2.0.GA.jar
7fd294041000-7fd294047000 r--s 0001e000 08:01 519599                     /home/vagrant/.m2/repository/org/jadira/usertype/usertype.core/3.2.0.GA/usertype.core-3.2.0.GA.jar
7fd294047000-7fd294062000 r--s 00394000 08:01 267566                     /usr/lib/jvm/java-8-openjdk-amd64/jre/lib/ext/cldrdata.jar
7fd294062000-7fd2940b0000 rw-p 00000000 00:00 0 
7fd2940b0000-7fd294282000 r--s 03ca5000 08:01 267544                     /usr/lib/jvm/java-8-openjdk-amd64/jre/lib/rt.jar
7fd294282000-7fd295bed000 rw-p 00000000 00:00 0 
7fd295bed000-7fd295bee000 ---p 00000000 00:00 0 
7fd295bee000-7fd295cee000 rw-p 00000000 00:00 0 
7fd295cee000-7fd295cef000 ---p 00000000 00:00 0 
7fd295cef000-7fd295def000 rw-p 00000000 00:00 0 
7fd295def000-7fd295df0000 ---p 00000000 00:00 0 
7fd295df0000-7fd295ef0000 rw-p 00000000 00:00 0 
7fd295ef0000-7fd295ef1000 ---p 00000000 00:00 0 
7fd295ef1000-7fd295ffc000 rw-p 00000000 00:00 0 
7fd295ffc000-7fd296097000 ---p 00000000 00:00 0 
7fd296097000-7fd2960bf000 rw-p 00000000 00:00 0 
7fd2960bf000-7fd2960eb000 ---p 00000000 00:00 0 
7fd2960eb000-7fd296106000 rw-p 00000000 00:00 0 
7fd296106000-7fd2964ac000 ---p 00000000 00:00 0 
7fd2964ac000-7fd2964b4000 r-xp 00000000 08:01 267514                     /usr/lib/jvm/java-8-openjdk-amd64/jre/lib/amd64/libzip.so
7fd2964b4000-7fd2966b3000 ---p 00008000 08:01 267514                     /usr/lib/jvm/java-8-openjdk-amd64/jre/lib/amd64/libzip.so
7fd2966b3000-7fd2966b4000 r--p 00007000 08:01 267514                     /usr/lib/jvm/java-8-openjdk-amd64/jre/lib/amd64/libzip.so
7fd2966b4000-7fd2966b5000 rw-p 00008000 08:01 267514                     /usr/lib/jvm/java-8-openjdk-amd64/jre/lib/amd64/libzip.so
7fd2966b5000-7fd2966c0000 r-xp 00000000 08:01 2159                       /lib/x86_64-linux-gnu/libnss_files-2.23.so
7fd2966c0000-7fd2968bf000 ---p 0000b000 08:01 2159                       /lib/x86_64-linux-gnu/libnss_files-2.23.so
7fd2968bf000-7fd2968c0000 r--p 0000a000 08:01 2159                       /lib/x86_64-linux-gnu/libnss_files-2.23.so
7fd2968c0000-7fd2968c1000 rw-p 0000b000 08:01 2159                       /lib/x86_64-linux-gnu/libnss_files-2.23.so
7fd2968c1000-7fd2968c7000 rw-p 00000000 00:00 0 
7fd2968c7000-7fd2968d2000 r-xp 00000000 08:01 2152                       /lib/x86_64-linux-gnu/libnss_nis-2.23.so
7fd2968d2000-7fd296ad1000 ---p 0000b000 08:01 2152                       /lib/x86_64-linux-gnu/libnss_nis-2.23.so
7fd296ad1000-7fd296ad2000 r--p 0000a000 08:01 2152                       /lib/x86_64-linux-gnu/libnss_nis-2.23.so
7fd296ad2000-7fd296ad3000 rw-p 0000b000 08:01 2152                       /lib/x86_64-linux-gnu/libnss_nis-2.23.so
7fd296ad3000-7fd296ae9000 r-xp 00000000 08:01 2157                       /lib/x86_64-linux-gnu/libnsl-2.23.so
7fd296ae9000-7fd296ce8000 ---p 00016000 08:01 2157                       /lib/x86_64-linux-gnu/libnsl-2.23.so
7fd296ce8000-7fd296ce9000 r--p 00015000 08:01 2157                       /lib/x86_64-linux-gnu/libnsl-2.23.so
7fd296ce9000-7fd296cea000 rw-p 00016000 08:01 2157                       /lib/x86_64-linux-gnu/libnsl-2.23.so
7fd296cea000-7fd296cec000 rw-p 00000000 00:00 0 
7fd296cec000-7fd296cf4000 r-xp 00000000 08:01 2163                       /lib/x86_64-linux-gnu/libnss_compat-2.23.so
7fd296cf4000-7fd296ef3000 ---p 00008000 08:01 2163                       /lib/x86_64-linux-gnu/libnss_compat-2.23.so
7fd296ef3000-7fd296ef4000 r--p 00007000 08:01 2163                       /lib/x86_64-linux-gnu/libnss_compat-2.23.so
7fd296ef4000-7fd296ef5000 rw-p 00008000 08:01 2163                       /lib/x86_64-linux-gnu/libnss_compat-2.23.so
7fd296ef5000-7fd296f1e000 r-xp 00000000 08:01 267506                     /usr/lib/jvm/java-8-openjdk-amd64/jre/lib/amd64/libjava.so
7fd296f1e000-7fd29711e000 ---p 00029000 08:01 267506                     /usr/lib/jvm/java-8-openjdk-amd64/jre/lib/amd64/libjava.so
7fd29711e000-7fd29711f000 r--p 00029000 08:01 267506                     /usr/lib/jvm/java-8-openjdk-amd64/jre/lib/amd64/libjava.so
7fd29711f000-7fd297121000 rw-p 0002a000 08:01 267506                     /usr/lib/jvm/java-8-openjdk-amd64/jre/lib/amd64/libjava.so
7fd297121000-7fd297130000 r-xp 00000000 08:01 267528                     /usr/lib/jvm/java-8-openjdk-amd64/jre/lib/amd64/libverify.so
7fd297130000-7fd29732f000 ---p 0000f000 08:01 267528                     /usr/lib/jvm/java-8-openjdk-amd64/jre/lib/amd64/libverify.so
7fd29732f000-7fd297331000 r--p 0000e000 08:01 267528                     /usr/lib/jvm/java-8-openjdk-amd64/jre/lib/amd64/libverify.so
7fd297331000-7fd297332000 rw-p 00010000 08:01 267528                     /usr/lib/jvm/java-8-openjdk-amd64/jre/lib/amd64/libverify.so
7fd297332000-7fd297339000 r-xp 00000000 08:01 2145                       /lib/x86_64-linux-gnu/librt-2.23.so
7fd297339000-7fd297538000 ---p 00007000 08:01 2145                       /lib/x86_64-linux-gnu/librt-2.23.so
7fd297538000-7fd297539000 r--p 00006000 08:01 2145                       /lib/x86_64-linux-gnu/librt-2.23.so
7fd297539000-7fd29753a000 rw-p 00007000 08:01 2145                       /lib/x86_64-linux-gnu/librt-2.23.so
7fd29753a000-7fd297550000 r-xp 00000000 08:01 1999                       /lib/x86_64-linux-gnu/libgcc_s.so.1
7fd297550000-7fd29774f000 ---p 00016000 08:01 1999                       /lib/x86_64-linux-gnu/libgcc_s.so.1
7fd29774f000-7fd297750000 rw-p 00015000 08:01 1999                       /lib/x86_64-linux-gnu/libgcc_s.so.1
7fd297750000-7fd297858000 r-xp 00000000 08:01 2165                       /lib/x86_64-linux-gnu/libm-2.23.so
7fd297858000-7fd297a57000 ---p 00108000 08:01 2165                       /lib/x86_64-linux-gnu/libm-2.23.so
7fd297a57000-7fd297a58000 r--p 00107000 08:01 2165                       /lib/x86_64-linux-gnu/libm-2.23.so
7fd297a58000-7fd297a59000 rw-p 00108000 08:01 2165                       /lib/x86_64-linux-gnu/libm-2.23.so
7fd297a59000-7fd297bcb000 r-xp 00000000 08:01 26018                      /usr/lib/x86_64-linux-gnu/libstdc++.so.6.0.21
7fd297bcb000-7fd297dcb000 ---p 00172000 08:01 26018                      /usr/lib/x86_64-linux-gnu/libstdc++.so.6.0.21
7fd297dcb000-7fd297dd5000 r--p 00172000 08:01 26018                      /usr/lib/x86_64-linux-gnu/libstdc++.so.6.0.21
7fd297dd5000-7fd297dd7000 rw-p 0017c000 08:01 26018                      /usr/lib/x86_64-linux-gnu/libstdc++.so.6.0.21
7fd297dd7000-7fd297ddb000 rw-p 00000000 00:00 0 
7fd297ddb000-7fd298a43000 r-xp 00000000 08:01 267508                     /usr/lib/jvm/java-8-openjdk-amd64/jre/lib/amd64/server/libjvm.so
7fd298a43000-7fd298c43000 ---p 00c68000 08:01 267508                     /usr/lib/jvm/java-8-openjdk-amd64/jre/lib/amd64/server/libjvm.so
7fd298c43000-7fd298cd7000 r--p 00c68000 08:01 267508                     /usr/lib/jvm/java-8-openjdk-amd64/jre/lib/amd64/server/libjvm.so
7fd298cd7000-7fd298d00000 rw-p 00cfc000 08:01 267508                     /usr/lib/jvm/java-8-openjdk-amd64/jre/lib/amd64/server/libjvm.so
7fd298d00000-7fd298d30000 rw-p 00000000 00:00 0 
7fd298d30000-7fd298d48000 r-xp 00000000 08:01 2149                       /lib/x86_64-linux-gnu/libpthread-2.23.so
7fd298d48000-7fd298f47000 ---p 00018000 08:01 2149                       /lib/x86_64-linux-gnu/libpthread-2.23.so
7fd298f47000-7fd298f48000 r--p 00017000 08:01 2149                       /lib/x86_64-linux-gnu/libpthread-2.23.so
7fd298f48000-7fd298f49000 rw-p 00018000 08:01 2149                       /lib/x86_64-linux-gnu/libpthread-2.23.so
7fd298f49000-7fd298f4d000 rw-p 00000000 00:00 0 
7fd298f4d000-7fd298f50000 r-xp 00000000 08:01 2147                       /lib/x86_64-linux-gnu/libdl-2.23.so
7fd298f50000-7fd29914f000 ---p 00003000 08:01 2147                       /lib/x86_64-linux-gnu/libdl-2.23.so
7fd29914f000-7fd299150000 r--p 00002000 08:01 2147                       /lib/x86_64-linux-gnu/libdl-2.23.so
7fd299150000-7fd299151000 rw-p 00003000 08:01 2147                       /lib/x86_64-linux-gnu/libdl-2.23.so
7fd299151000-7fd29916a000 r-xp 00000000 08:01 2114                       /lib/x86_64-linux-gnu/libz.so.1.2.8
7fd29916a000-7fd299369000 ---p 00019000 08:01 2114                       /lib/x86_64-linux-gnu/libz.so.1.2.8
7fd299369000-7fd29936a000 r--p 00018000 08:01 2114                       /lib/x86_64-linux-gnu/libz.so.1.2.8
7fd29936a000-7fd29936b000 rw-p 00019000 08:01 2114                       /lib/x86_64-linux-gnu/libz.so.1.2.8
7fd29936b000-7fd29952b000 r-xp 00000000 08:01 2162                       /lib/x86_64-linux-gnu/libc-2.23.so
7fd29952b000-7fd29972b000 ---p 001c0000 08:01 2162                       /lib/x86_64-linux-gnu/libc-2.23.so
7fd29972b000-7fd29972f000 r--p 001c0000 08:01 2162                       /lib/x86_64-linux-gnu/libc-2.23.so
7fd29972f000-7fd299731000 rw-p 001c4000 08:01 2162                       /lib/x86_64-linux-gnu/libc-2.23.so
7fd299731000-7fd299735000 rw-p 00000000 00:00 0 
7fd299735000-7fd299742000 r-xp 00000000 08:01 267505                     /usr/lib/jvm/java-8-openjdk-amd64/jre/lib/amd64/jli/libjli.so
7fd299742000-7fd299942000 ---p 0000d000 08:01 267505                     /usr/lib/jvm/java-8-openjdk-amd64/jre/lib/amd64/jli/libjli.so
7fd299942000-7fd299943000 r--p 0000d000 08:01 267505                     /usr/lib/jvm/java-8-openjdk-amd64/jre/lib/amd64/jli/libjli.so
7fd299943000-7fd299944000 rw-p 0000e000 08:01 267505                     /usr/lib/jvm/java-8-openjdk-amd64/jre/lib/amd64/jli/libjli.so
7fd299944000-7fd29996a000 r-xp 00000000 08:01 2148                       /lib/x86_64-linux-gnu/ld-2.23.so
7fd29996a000-7fd29996e000 r--s 00022000 08:01 518845                     /home/vagrant/.m2/repository/org/apache/maven/surefire/surefire-api/2.13/surefire-api-2.13.jar
7fd29996e000-7fd299970000 r--s 00007000 08:01 518839                     /home/vagrant/.m2/repository/org/apache/maven/surefire/surefire-booter/2.13/surefire-booter-2.13.jar
7fd299970000-7fd299971000 r--s 00002000 08:01 518907                     /home/vagrant/devops/spring-petclinic/target/surefire/surefirebooter7342031240141155374.jar
7fd299971000-7fd299973000 r--s 00001000 08:01 267563                     /usr/lib/jvm/java-8-openjdk-amd64/jre/lib/ext/dnsns.jar
7fd299973000-7fd299974000 r--s 0000a000 08:01 267565                     /usr/lib/jvm/java-8-openjdk-amd64/jre/lib/ext/jaccess.jar
7fd299974000-7fd299975000 r--s 0000d000 08:01 267562                     /usr/lib/jvm/java-8-openjdk-amd64/jre/lib/ext/sunec.jar
7fd299975000-7fd299976000 r--s 00010000 08:01 267568                     /usr/lib/jvm/java-8-openjdk-amd64/jre/lib/ext/zipfs.jar
7fd299976000-7fd29997c000 r--s 0003d000 08:01 267560                     /usr/lib/jvm/java-8-openjdk-amd64/jre/lib/ext/sunjce_provider.jar
7fd29997c000-7fd299986000 r--s 00116000 08:01 267564                     /usr/lib/jvm/java-8-openjdk-amd64/jre/lib/ext/localedata.jar
7fd299986000-7fd2999a1000 r--s 001d6000 08:01 267561                     /usr/lib/jvm/java-8-openjdk-amd64/jre/lib/ext/nashorn.jar
7fd2999a1000-7fd2999b6000 rw-p 00000000 00:00 0 
7fd2999b6000-7fd299a52000 ---p 00000000 00:00 0 
7fd299a52000-7fd299a5a000 rw-s 00000000 08:01 518908                     /tmp/hsperfdata_vagrant/4114
7fd299a5a000-7fd299a5d000 ---p 00000000 00:00 0 
7fd299a5d000-7fd299b5f000 rw-p 00000000 00:00 0 
7fd299b5f000-7fd299b62000 r--s 0000f000 08:01 267567                     /usr/lib/jvm/java-8-openjdk-amd64/jre/lib/ext/icedtea-sound.jar
7fd299b62000-7fd299b66000 r--s 0003a000 08:01 267569                     /usr/lib/jvm/java-8-openjdk-amd64/jre/lib/ext/sunpkcs11.jar
7fd299b66000-7fd299b67000 rw-p 00000000 00:00 0 
7fd299b67000-7fd299b68000 ---p 00000000 00:00 0 
7fd299b68000-7fd299b69000 rw-p 00000000 00:00 0 
7fd299b69000-7fd299b6a000 r--p 00025000 08:01 2148                       /lib/x86_64-linux-gnu/ld-2.23.so
7fd299b6a000-7fd299b6b000 rw-p 00026000 08:01 2148                       /lib/x86_64-linux-gnu/ld-2.23.so
7fd299b6b000-7fd299b6c000 rw-p 00000000 00:00 0 
7ffc3be77000-7ffc3be98000 rw-p 00000000 00:00 0                          [stack]
7ffc3bff3000-7ffc3bff5000 r--p 00000000 00:00 0                          [vvar]
7ffc3bff5000-7ffc3bff7000 r-xp 00000000 00:00 0                          [vdso]
ffffffffff600000-ffffffffff601000 r-xp 00000000 00:00 0                  [vsyscall]

VM Arguments:
java_command: /home/vagrant/devops/spring-petclinic/target/surefire/surefirebooter7342031240141155374.jar /home/vagrant/devops/spring-petclinic/target/surefire/surefire6040417882763274553tmp /home/vagrant/devops/spring-petclinic/target/surefire/surefire_03415706808073566881tmp
java_class_path (initial): /home/vagrant/devops/spring-petclinic/target/surefire/surefirebooter7342031240141155374.jar
Launcher Type: SUN_STANDARD

Environment Variables:
JAVA_HOME=/usr/lib/jvm/java-8-openjdk-amd64
PATH=/home/vagrant/.rvm/gems/ruby-2.3.8/bin:/home/vagrant/.rvm/gems/ruby-2.3.8@global/bin:/home/vagrant/.rvm/rubies/ruby-2.3.8/bin:/home/vagrant/bin:/home/vagrant/.local/bin:/usr/local/sbin:/usr/local/bin:/usr/sbin:/usr/bin:/sbin:/bin:/usr/games:/usr/local/games:/snap/bin:/home/vagrant/.rvm/bin:/home/vagrant/.rvm/bin
SHELL=/bin/bash

Signal Handlers:
SIGSEGV: [libjvm.so+0xa7bb00], sa_mask[0]=11111111011111111101111111111110, sa_flags=SA_RESTART|SA_SIGINFO
SIGBUS: [libjvm.so+0xa7bb00], sa_mask[0]=11111111011111111101111111111110, sa_flags=SA_RESTART|SA_SIGINFO
SIGFPE: [libjvm.so+0x8c3d50], sa_mask[0]=11111111011111111101111111111110, sa_flags=SA_RESTART|SA_SIGINFO
SIGPIPE: [libjvm.so+0x8c3d50], sa_mask[0]=11111111011111111101111111111110, sa_flags=SA_RESTART|SA_SIGINFO
SIGXFSZ: [libjvm.so+0x8c3d50], sa_mask[0]=11111111011111111101111111111110, sa_flags=SA_RESTART|SA_SIGINFO
SIGILL: [libjvm.so+0x8c3d50], sa_mask[0]=11111111011111111101111111111110, sa_flags=SA_RESTART|SA_SIGINFO
SIGUSR1: SIG_DFL, sa_mask[0]=00000000000000000000000000000000, sa_flags=none
SIGUSR2: [libjvm.so+0x8c3c00], sa_mask[0]=00100000000000000000000000000000, sa_flags=SA_RESTART|SA_SIGINFO
SIGHUP: [libjvm.so+0x8c4290], sa_mask[0]=11111111011111111101111111111110, sa_flags=SA_RESTART|SA_SIGINFO
SIGINT: [libjvm.so+0x8c4290], sa_mask[0]=11111111011111111101111111111110, sa_flags=SA_RESTART|SA_SIGINFO
SIGTERM: [libjvm.so+0x8c4290], sa_mask[0]=11111111011111111101111111111110, sa_flags=SA_RESTART|SA_SIGINFO
SIGQUIT: [libjvm.so+0x8c4290], sa_mask[0]=11111111011111111101111111111110, sa_flags=SA_RESTART|SA_SIGINFO


---------------  S Y S T E M  ---------------

OS:DISTRIB_ID=Ubuntu
DISTRIB_RELEASE=16.04
DISTRIB_CODENAME=xenial
DISTRIB_DESCRIPTION="Ubuntu 16.04.6 LTS"

uname:Linux 4.4.0-179-generic #209-Ubuntu SMP Fri Apr 24 17:48:44 UTC 2020 x86_64
libc:glibc 2.23 NPTL 2.23 
rlimit: STACK 8192k, CORE 0k, NPROC 7928, NOFILE 1048576, AS infinity
load average:0.90 0.77 1.08

/proc/meminfo:
MemTotal:        2047664 kB
MemFree:           69388 kB
MemAvailable:      18568 kB
Buffers:             884 kB
Cached:            37988 kB
SwapCached:            0 kB
Active:          1894200 kB
Inactive:          18920 kB
Active(anon):    1877336 kB
Inactive(anon):     2784 kB
Active(file):      16864 kB
Inactive(file):    16136 kB
Unevictable:        3652 kB
Mlocked:            3652 kB
SwapTotal:             0 kB
SwapFree:              0 kB
Dirty:               216 kB
Writeback:             0 kB
AnonPages:       1878192 kB
Mapped:            20480 kB
Shmem:              3272 kB
Slab:              32488 kB
SReclaimable:      16236 kB
SUnreclaim:        16252 kB
KernelStack:        5072 kB
PageTables:         8332 kB
NFS_Unstable:          0 kB
Bounce:                0 kB
WritebackTmp:          0 kB
CommitLimit:     1023832 kB
Committed_AS:    2014872 kB
VmallocTotal:   34359738367 kB
VmallocUsed:           0 kB
VmallocChunk:          0 kB
HardwareCorrupted:     0 kB
AnonHugePages:         0 kB
CmaTotal:              0 kB
CmaFree:               0 kB
HugePages_Total:       0
HugePages_Free:        0
HugePages_Rsvd:        0
HugePages_Surp:        0
Hugepagesize:       2048 kB
DirectMap4k:       49088 kB
DirectMap2M:     2048000 kB

container (cgroup) information:
container_type: cgroupv1
cpu_cpuset_cpus: 0-3
cpu_memory_nodes: 0
active_processor_count: 4
cpu_quota: -1
cpu_period: 100000
cpu_shares: -1
memory_limit_in_bytes: -1
memory_and_swap_limit_in_bytes: -2
memory_soft_limit_in_bytes: -1
memory_usage_in_bytes: 1931960320
memory_max_usage_in_bytes: 1950736384


CPU:total 4 (initial active 4) (4 cores per cpu, 1 threads per core) family 6 model 142 stepping 10, cmov, cx8, fxsr, mmx, sse, sse2, sse3, ssse3, sse4.1, sse4.2, popcnt, avx, avx2, aes, clmul, 3dnowpref, lzcnt, tsc, tscinvbit

/proc/cpuinfo:
processor	: 0
vendor_id	: GenuineIntel
cpu family	: 6
model		: 142
model name	: Intel(R) Core(TM) i5-8350U CPU @ 1.70GHz
stepping	: 10
cpu MHz		: 1895.998
cache size	: 6144 KB
physical id	: 0
siblings	: 4
core id		: 0
cpu cores	: 4
apicid		: 0
initial apicid	: 0
fpu		: yes
fpu_exception	: yes
cpuid level	: 22
wp		: yes
flags		: fpu vme de pse tsc msr pae mce cx8 apic sep mtrr pge mca cmov pat pse36 clflush mmx fxsr sse sse2 ht syscall nx rdtscp lm constant_tsc rep_good nopl xtopology nonstop_tsc tsc_known_freq pni pclmulqdq ssse3 cx16 pcid sse4_1 sse4_2 x2apic movbe popcnt aes xsave avx rdrand hypervisor lahf_lm abm 3dnowprefetch invpcid_single kaiser fsgsbase avx2 invpcid rdseed clflushopt flush_l1d
bugs		: cpu_meltdown spectre_v1 spectre_v2 spec_store_bypass l1tf mds swapgs itlb_multihit
bogomips	: 3791.99
clflush size	: 64
cache_alignment	: 64
address sizes	: 39 bits physical, 48 bits virtual
power management:

processor	: 1
vendor_id	: GenuineIntel
cpu family	: 6
model		: 142
model name	: Intel(R) Core(TM) i5-8350U CPU @ 1.70GHz
stepping	: 10
cpu MHz		: 1895.998
cache size	: 6144 KB
physical id	: 0
siblings	: 4
core id		: 1
cpu cores	: 4
apicid		: 1
initial apicid	: 1
fpu		: yes
fpu_exception	: yes
cpuid level	: 22
wp		: yes
flags		: fpu vme de pse tsc msr pae mce cx8 apic sep mtrr pge mca cmov pat pse36 clflush mmx fxsr sse sse2 ht syscall nx rdtscp lm constant_tsc rep_good nopl xtopology nonstop_tsc tsc_known_freq pni pclmulqdq ssse3 cx16 pcid sse4_1 sse4_2 x2apic movbe popcnt aes xsave avx rdrand hypervisor lahf_lm abm 3dnowprefetch invpcid_single kaiser fsgsbase avx2 invpcid rdseed clflushopt flush_l1d
bugs		: cpu_meltdown spectre_v1 spectre_v2 spec_store_bypass l1tf mds swapgs itlb_multihit
bogomips	: 3791.99
clflush size	: 64
cache_alignment	: 64
address sizes	: 39 bits physical, 48 bits virtual
power management:

processor	: 2
vendor_id	: GenuineIntel
cpu family	: 6
model		: 142
model name	: Intel(R) Core(TM) i5-8350U CPU @ 1.70GHz
stepping	: 10
cpu MHz		: 1895.998
cache size	: 6144 KB
physical id	: 0
siblings	: 4
core id		: 2
cpu cores	: 4
apicid		: 2
initial apicid	: 2
fpu		: yes
fpu_exception	: yes
cpuid level	: 22
wp		: yes
flags		: fpu vme de pse tsc msr pae mce cx8 apic sep mtrr pge mca cmov pat pse36 clflush mmx fxsr sse sse2 ht syscall nx rdtscp lm constant_tsc rep_good nopl xtopology nonstop_tsc tsc_known_freq pni pclmulqdq ssse3 cx16 pcid sse4_1 sse4_2 x2apic movbe popcnt aes xsave avx rdrand hypervisor lahf_lm abm 3dnowprefetch invpcid_single kaiser fsgsbase avx2 invpcid rdseed clflushopt flush_l1d
bugs		: cpu_meltdown spectre_v1 spectre_v2 spec_store_bypass l1tf mds swapgs itlb_multihit
bogomips	: 3791.99
clflush size	: 64
cache_alignment	: 64
address sizes	: 39 bits physical, 48 bits virtual
power management:

processor	: 3
vendor_id	: GenuineIntel
cpu family	: 6
model		: 142
model name	: Intel(R) Core(TM) i5-8350U CPU @ 1.70GHz
stepping	: 10
cpu MHz		: 1895.998
cache size	: 6144 KB
physical id	: 0
siblings	: 4
core id		: 3
cpu cores	: 4
apicid		: 3
initial apicid	: 3
fpu		: yes
fpu_exception	: yes
cpuid level	: 22
wp		: yes
flags		: fpu vme de pse tsc msr pae mce cx8 apic sep mtrr pge mca cmov pat pse36 clflush mmx fxsr sse sse2 ht syscall nx rdtscp lm constant_tsc rep_good nopl xtopology nonstop_tsc tsc_known_freq pni pclmulqdq ssse3 cx16 pcid sse4_1 sse4_2 x2apic movbe popcnt aes xsave avx rdrand hypervisor lahf_lm abm 3dnowprefetch invpcid_single kaiser fsgsbase avx2 invpcid rdseed clflushopt flush_l1d
bugs		: cpu_meltdown spectre_v1 spectre_v2 spec_store_bypass l1tf mds swapgs itlb_multihit
bogomips	: 3791.99
clflush size	: 64
cache_alignment	: 64
address sizes	: 39 bits physical, 48 bits virtual
power management:



Memory: 4k page, physical 2047664k(69388k free), swap 0k(0k free)

vm_info: OpenJDK 64-Bit Server VM (25.252-b09) for linux-amd64 JRE (1.8.0_252-8u252-b09-1~16.04-b09), built on Apr 15 2020 21:06:51 by "buildd" with gcc 5.4.0 20160609

time: Sun May 31 17:43:04 2020
timezone: UTC
elapsed time: 4 seconds (0d 0h 0m 4s)

