#
# There is insufficient memory for the Java Runtime Environment to continue.
# Native memory allocation (mmap) failed to map 9961472 bytes for committing reserved memory.
# Possible reasons:
#   The system is out of physical RAM or swap space
#   The process is running with CompressedOops enabled, and the Java Heap may be blocking the growth of the native heap
# Possible solutions:
#   Reduce memory load on the system
#   Increase physical memory or swap space
#   Check if swap backing store is full
#   Decrease Java heap size (-Xmx/-Xms)
#   Decrease number of Java threads
#   Decrease Java thread stack sizes (-Xss)
#   Set larger code cache with -XX:ReservedCodeCacheSize=
#   JVM is running with Unscaled Compressed Oops mode in which the Java heap is
#     placed in the first 4GB address space. The Java Heap base address is the
#     maximum limit for the native heap growth. Please use -XX:HeapBaseMinAddress
#     to set the Java Heap base and to place the Java Heap above 4GB virtual address.
# This output file may be truncated or incomplete.
#
#  Out of Memory Error (os_linux.cpp:2757), pid=27047, tid=0x00007f15770f0700
#
# JRE version: OpenJDK Runtime Environment (8.0_252-b09) (build 1.8.0_252-8u252-b09-1~16.04-b09)
# Java VM: OpenJDK 64-Bit Server VM (25.252-b09 mixed mode linux-amd64 compressed oops)
# Failed to write core dump. Core dumps have been disabled. To enable core dumping, try "ulimit -c unlimited" before starting Java again
#

---------------  T H R E A D  ---------------

Current thread (0x00007f158c078800):  VMThread [stack: 0x00007f1576ff0000,0x00007f15770f1000] [id=27071]

Stack: [0x00007f1576ff0000,0x00007f15770f1000],  sp=0x00007f15770ef390,  free space=1020k
Native frames: (J=compiled Java code, j=interpreted, Vv=VM code, C=native code)
V  [libjvm.so+0xa7af9b]
V  [libjvm.so+0x4ccc7c]
V  [libjvm.so+0x8c8ce8]
V  [libjvm.so+0x8c032e]
V  [libjvm.so+0x93e076]
V  [libjvm.so+0x93f3a3]
V  [libjvm.so+0x93ba84]
V  [libjvm.so+0x93bd1c]
V  [libjvm.so+0x8ed9e3]
V  [libjvm.so+0xa7ccd2]
V  [libjvm.so+0xa81db7]
V  [libjvm.so+0xa7f5c7]
V  [libjvm.so+0xa80855]
V  [libjvm.so+0xa80e22]
V  [libjvm.so+0x8c6042]

VM_Operation (0x00007f1594c007c0): ParallelGCFailedAllocation, mode: safepoint, requested by thread 0x00007f158c00b000


---------------  P R O C E S S  ---------------

Java Threads: ( => current thread )
  0x00007f158c0c8800 JavaThread "Service Thread" daemon [_thread_blocked, id=27078, stack(0x00007f1576751000,0x00007f1576852000)]
  0x00007f158c0bd000 JavaThread "C1 CompilerThread2" daemon [_thread_blocked, id=27077, stack(0x00007f1576852000,0x00007f1576953000)]
  0x00007f158c0bb800 JavaThread "C2 CompilerThread1" daemon [_thread_in_native, id=27076, stack(0x00007f1576953000,0x00007f1576a54000)]
  0x00007f158c0b8800 JavaThread "C2 CompilerThread0" daemon [_thread_blocked, id=27075, stack(0x00007f1576a54000,0x00007f1576b55000)]
  0x00007f158c0b7000 JavaThread "Signal Dispatcher" daemon [_thread_blocked, id=27074, stack(0x00007f1576b55000,0x00007f1576c56000)]
  0x00007f158c086800 JavaThread "Finalizer" daemon [_thread_blocked, id=27073, stack(0x00007f1576dee000,0x00007f1576eef000)]
  0x00007f158c082000 JavaThread "Reference Handler" daemon [_thread_blocked, id=27072, stack(0x00007f1576eef000,0x00007f1576ff0000)]
  0x00007f158c00b000 JavaThread "main" [_thread_blocked, id=27066, stack(0x00007f1594b03000,0x00007f1594c04000)]

Other Threads:
=>0x00007f158c078800 VMThread [stack: 0x00007f1576ff0000,0x00007f15770f1000] [id=27071]
  0x00007f158c0ca800 WatcherThread [stack: 0x00007f1576650000,0x00007f1576751000] [id=27079]

VM state:at safepoint (normal execution)

VM Mutex/Monitor currently owned by a thread:  ([mutex/lock_event])
[0x00007f158c007270] Threads_lock - owner thread: 0x00007f158c078800
[0x00007f158c007770] Heap_lock - owner thread: 0x00007f158c00b000

heap address: 0x00000000e0c00000, size: 500 MB, Compressed Oops mode: 32-bit
Narrow klass base: 0x0000000000000000, Narrow klass shift: 3
Compressed class space size: 1073741824 Address: 0x0000000100000000

Heap:
 PSYoungGen      total 142336K, used 8188K [0x00000000f5980000, 0x00000000ff680000, 0x0000000100000000)
  eden space 134144K, 0% used [0x00000000f5980000,0x00000000f5980000,0x00000000fdc80000)
  from space 8192K, 99% used [0x00000000fdc80000,0x00000000fe47f038,0x00000000fe480000)
  to   space 5632K, 0% used [0x00000000fe480000,0x00000000fe480000,0x00000000fea00000)
 ParOldGen       total 32768K, used 16094K [0x00000000e0c00000, 0x00000000e2c00000, 0x00000000f5980000)
  object space 32768K, 49% used [0x00000000e0c00000,0x00000000e1bb7870,0x00000000e2c00000)
 Metaspace       used 28889K, capacity 29484K, committed 29824K, reserved 1075200K
  class space    used 3216K, capacity 3392K, committed 3456K, reserved 1048576K

Card table byte_map: [0x00007f159109a000,0x00007f1591195000] byte_map_base: 0x00007f1590994000

Marking Bits: (ParMarkBitMap*) 0x00007f1593dbc5a0
 Begin Bits: [0x00007f157c060000, 0x00007f157c830000)
 End Bits:   [0x00007f157c830000, 0x00007f157d000000)

Polling page: 0x00007f1594c10000

CodeCache: size=245760Kb used=17986Kb max_used=18025Kb free=227773Kb
 bounds [0x00007f157d000000, 0x00007f157e1c0000, 0x00007f158c000000]
 total_blobs=5461 nmethods=5023 adapters=352
 compilation: enabled

Compilation events (10 events):
Event: 255.389 Thread 0x00007f158c0b8800 5828       4       sun.misc.URLClassPath::getResource (83 bytes)
Event: 255.429 Thread 0x00007f158c0bb800 5796       4       com.google.inject.internal.Errors::<init> (20 bytes)
Event: 256.072 Thread 0x00007f158c0bb800 nmethod 5796 0x00007f157ded0c90 code [0x00007f157ded0de0, 0x00007f157ded0e58]
Event: 257.179 Thread 0x00007f158c0b8800 nmethod 5828 0x00007f157e175410 code [0x00007f157e175580, 0x00007f157e175888]
Event: 257.182 Thread 0x00007f158c0bb800 5857       4       java.lang.String::checkBounds (46 bytes)
Event: 257.197 Thread 0x00007f158c0b8800 5858       4       sun.misc.ASCIICaseInsensitiveComparator::lowerCaseHashCode (36 bytes)
Event: 257.199 Thread 0x00007f158c0bb800 nmethod 5857 0x00007f157e167290 code [0x00007f157e1673e0, 0x00007f157e167498]
Event: 257.206 Thread 0x00007f158c0bb800 5859       4       java.util.jar.Manifest$FastInputStream::readLine (167 bytes)
Event: 257.208 Thread 0x00007f158c0b8800 nmethod 5858 0x00007f157e172050 code [0x00007f157e1721a0, 0x00007f157e172418]
Event: 258.059 Thread 0x00007f158c0bd000 5860       3       java.util.jar.Manifest$FastInputStream::peek (38 bytes)

GC Heap History (10 events):
Event: 5.323 GC heap after
Heap after GC invocations=7 (full 0):
 PSYoungGen      total 75264K, used 5618K [0x00000000f5980000, 0x00000000ff180000, 0x0000000100000000)
  eden space 69632K, 0% used [0x00000000f5980000,0x00000000f5980000,0x00000000f9d80000)
  from space 5632K, 99% used [0x00000000f9d80000,0x00000000fa2fc8e0,0x00000000fa300000)
  to   space 8192K, 0% used [0x00000000fe980000,0x00000000fe980000,0x00000000ff180000)
 ParOldGen       total 22016K, used 13469K [0x00000000e0c00000, 0x00000000e2180000, 0x00000000f5980000)
  object space 22016K, 61% used [0x00000000e0c00000,0x00000000e1927468,0x00000000e2180000)
 Metaspace       used 20896K, capacity 21158K, committed 21296K, reserved 1069056K
  class space    used 2441K, capacity 2558K, committed 2560K, reserved 1048576K
}
Event: 5.323 GC heap before
{Heap before GC invocations=8 (full 1):
 PSYoungGen      total 75264K, used 5618K [0x00000000f5980000, 0x00000000ff180000, 0x0000000100000000)
  eden space 69632K, 0% used [0x00000000f5980000,0x00000000f5980000,0x00000000f9d80000)
  from space 5632K, 99% used [0x00000000f9d80000,0x00000000fa2fc8e0,0x00000000fa300000)
  to   space 8192K, 0% used [0x00000000fe980000,0x00000000fe980000,0x00000000ff180000)
 ParOldGen       total 22016K, used 13469K [0x00000000e0c00000, 0x00000000e2180000, 0x00000000f5980000)
  object space 22016K, 61% used [0x00000000e0c00000,0x00000000e1927468,0x00000000e2180000)
 Metaspace       used 20896K, capacity 21158K, committed 21296K, reserved 1069056K
  class space    used 2441K, capacity 2558K, committed 2560K, reserved 1048576K
Event: 5.403 GC heap after
Heap after GC invocations=8 (full 1):
 PSYoungGen      total 75264K, used 0K [0x00000000f5980000, 0x00000000ff180000, 0x0000000100000000)
  eden space 69632K, 0% used [0x00000000f5980000,0x00000000f5980000,0x00000000f9d80000)
  from space 5632K, 0% used [0x00000000f9d80000,0x00000000f9d80000,0x00000000fa300000)
  to   space 8192K, 0% used [0x00000000fe980000,0x00000000fe980000,0x00000000ff180000)
 ParOldGen       total 32768K, used 14377K [0x00000000e0c00000, 0x00000000e2c00000, 0x00000000f5980000)
  object space 32768K, 43% used [0x00000000e0c00000,0x00000000e1a0a530,0x00000000e2c00000)
 Metaspace       used 20896K, capacity 21158K, committed 21296K, reserved 1069056K
  class space    used 2441K, capacity 2558K, committed 2560K, reserved 1048576K
}
Event: 70.439 GC heap before
{Heap before GC invocations=9 (full 1):
 PSYoungGen      total 75264K, used 69632K [0x00000000f5980000, 0x00000000ff180000, 0x0000000100000000)
  eden space 69632K, 100% used [0x00000000f5980000,0x00000000f9d80000,0x00000000f9d80000)
  from space 5632K, 0% used [0x00000000f9d80000,0x00000000f9d80000,0x00000000fa300000)
  to   space 8192K, 0% used [0x00000000fe980000,0x00000000fe980000,0x00000000ff180000)
 ParOldGen       total 32768K, used 14377K [0x00000000e0c00000, 0x00000000e2c00000, 0x00000000f5980000)
  object space 32768K, 43% used [0x00000000e0c00000,0x00000000e1a0a530,0x00000000e2c00000)
 Metaspace       used 23218K, capacity 23570K, committed 23808K, reserved 1071104K
  class space    used 2635K, capacity 2750K, committed 2816K, reserved 1048576K
Event: 70.451 GC heap after
Heap after GC invocations=9 (full 1):
 PSYoungGen      total 104448K, used 4314K [0x00000000f5980000, 0x00000000fee00000, 0x0000000100000000)
  eden space 99840K, 0% used [0x00000000f5980000,0x00000000f5980000,0x00000000fbb00000)
  from space 4608K, 93% used [0x00000000fe980000,0x00000000fedb6988,0x00000000fee00000)
  to   space 7680K, 0% used [0x00000000fdf00000,0x00000000fdf00000,0x00000000fe680000)
 ParOldGen       total 32768K, used 14385K [0x00000000e0c00000, 0x00000000e2c00000, 0x00000000f5980000)
  object space 32768K, 43% used [0x00000000e0c00000,0x00000000e1a0c530,0x00000000e2c00000)
 Metaspace       used 23218K, capacity 23570K, committed 23808K, reserved 1071104K
  class space    used 2635K, capacity 2750K, committed 2816K, reserved 1048576K
}
Event: 135.448 GC heap before
{Heap before GC invocations=10 (full 1):
 PSYoungGen      total 104448K, used 104154K [0x00000000f5980000, 0x00000000fee00000, 0x0000000100000000)
  eden space 99840K, 100% used [0x00000000f5980000,0x00000000fbb00000,0x00000000fbb00000)
  from space 4608K, 93% used [0x00000000fe980000,0x00000000fedb6988,0x00000000fee00000)
  to   space 7680K, 0% used [0x00000000fdf00000,0x00000000fdf00000,0x00000000fe680000)
 ParOldGen       total 32768K, used 14385K [0x00000000e0c00000, 0x00000000e2c00000, 0x00000000f5980000)
  object space 32768K, 43% used [0x00000000e0c00000,0x00000000e1a0c530,0x00000000e2c00000)
 Metaspace       used 23783K, capacity 24164K, committed 24448K, reserved 1071104K
  class space    used 2651K, capacity 2817K, committed 2944K, reserved 1048576K
Event: 135.467 GC heap after
Heap after GC invocations=10 (full 1):
 PSYoungGen      total 127488K, used 5429K [0x00000000f5980000, 0x00000000fea00000, 0x0000000100000000)
  eden space 121856K, 0% used [0x00000000f5980000,0x00000000f5980000,0x00000000fd080000)
  from space 5632K, 96% used [0x00000000fdf00000,0x00000000fe44d610,0x00000000fe480000)
  to   space 5632K, 0% used [0x00000000fe480000,0x00000000fe480000,0x00000000fea00000)
 ParOldGen       total 32768K, used 14393K [0x00000000e0c00000, 0x00000000e2c00000, 0x00000000f5980000)
  object space 32768K, 43% used [0x00000000e0c00000,0x00000000e1a0e530,0x00000000e2c00000)
 Metaspace       used 23783K, capacity 24164K, committed 24448K, reserved 1071104K
  class space    used 2651K, capacity 2817K, committed 2944K, reserved 1048576K
}
Event: 170.297 GC heap before
{Heap before GC invocations=11 (full 1):
 PSYoungGen      total 127488K, used 127285K [0x00000000f5980000, 0x00000000fea00000, 0x0000000100000000)
  eden space 121856K, 100% used [0x00000000f5980000,0x00000000fd080000,0x00000000fd080000)
  from space 5632K, 96% used [0x00000000fdf00000,0x00000000fe44d610,0x00000000fe480000)
  to   space 5632K, 0% used [0x00000000fe480000,0x00000000fe480000,0x00000000fea00000)
 ParOldGen       total 32768K, used 14393K [0x00000000e0c00000, 0x00000000e2c00000, 0x00000000f5980000)
  object space 32768K, 43% used [0x00000000e0c00000,0x00000000e1a0e530,0x00000000e2c00000)
 Metaspace       used 23944K, capacity 24292K, committed 24704K, reserved 1071104K
  class space    used 2654K, capacity 2817K, committed 2944K, reserved 1048576K
Event: 170.319 GC heap after
Heap after GC invocations=11 (full 1):
 PSYoungGen      total 139776K, used 5028K [0x00000000f5980000, 0x00000000ff680000, 0x0000000100000000)
  eden space 134144K, 0% used [0x00000000f5980000,0x00000000f5980000,0x00000000fdc80000)
  from space 5632K, 89% used [0x00000000fe480000,0x00000000fe9691a0,0x00000000fea00000)
  to   space 8192K, 0% used [0x00000000fdc80000,0x00000000fdc80000,0x00000000fe480000)
 ParOldGen       total 32768K, used 14401K [0x00000000e0c00000, 0x00000000e2c00000, 0x00000000f5980000)
  object space 32768K, 43% used [0x00000000e0c00000,0x00000000e1a10530,0x00000000e2c00000)
 Metaspace       used 23944K, capacity 24292K, committed 24704K, reserved 1071104K
  class space    used 2654K, capacity 2817K, committed 2944K, reserved 1048576K
}
Event: 258.373 GC heap before
{Heap before GC invocations=12 (full 1):
 PSYoungGen      total 139776K, used 139172K [0x00000000f5980000, 0x00000000ff680000, 0x0000000100000000)
  eden space 134144K, 100% used [0x00000000f5980000,0x00000000fdc80000,0x00000000fdc80000)
  from space 5632K, 89% used [0x00000000fe480000,0x00000000fe9691a0,0x00000000fea00000)
  to   space 8192K, 0% used [0x00000000fdc80000,0x00000000fdc80000,0x00000000fe480000)
 ParOldGen       total 32768K, used 14401K [0x00000000e0c00000, 0x00000000e2c00000, 0x00000000f5980000)
  object space 32768K, 43% used [0x00000000e0c00000,0x00000000e1a10530,0x00000000e2c00000)
 Metaspace       used 28889K, capacity 29484K, committed 29824K, reserved 1075200K
  class space    used 3216K, capacity 3392K, committed 3456K, reserved 1048576K

Deoptimization events (10 events):
Event: 196.063 Thread 0x00007f158c00b000 Uncommon trap: reason=class_check action=maybe_recompile pc=0x00007f157d919788 method=com.google.inject.internal.LinkedBindingImpl.acceptTargetVisitor(Lcom/google/inject/spi/BindingTargetVisitor;)Ljava/lang/Object; @ 2
Event: 196.068 Thread 0x00007f158c00b000 Uncommon trap: reason=class_check action=maybe_recompile pc=0x00007f157ddbddb4 method=com.google.inject.internal.InjectorImpl.callInContext(Lcom/google/inject/internal/ContextualCallable;)Ljava/lang/Object; @ 75
Event: 196.068 Thread 0x00007f158c00b000 Uncommon trap: reason=class_check action=maybe_recompile pc=0x00007f157ddbddb4 method=com.google.inject.internal.InjectorImpl.callInContext(Lcom/google/inject/internal/ContextualCallable;)Ljava/lang/Object; @ 75
Event: 196.068 Thread 0x00007f158c00b000 Uncommon trap: reason=class_check action=maybe_recompile pc=0x00007f157ddbddb4 method=com.google.inject.internal.InjectorImpl.callInContext(Lcom/google/inject/internal/ContextualCallable;)Ljava/lang/Object; @ 75
Event: 196.068 Thread 0x00007f158c00b000 Uncommon trap: reason=class_check action=maybe_recompile pc=0x00007f157ddbddb4 method=com.google.inject.internal.InjectorImpl.callInContext(Lcom/google/inject/internal/ContextualCallable;)Ljava/lang/Object; @ 75
Event: 196.223 Thread 0x00007f158c00b000 Uncommon trap: reason=unstable_if action=reinterpret pc=0x00007f157ddb9850 method=org.apache.maven.model.ConfigurationContainer.clone()Lorg/apache/maven/model/ConfigurationContainer; @ 37
Event: 249.407 Thread 0x00007f158c00b000 Uncommon trap: reason=unstable_if action=reinterpret pc=0x00007f157dee44d4 method=com.google.inject.internal.InjectorImpl.callInContext(Lcom/google/inject/internal/ContextualCallable;)Ljava/lang/Object; @ 161
Event: 249.607 Thread 0x00007f158c00b000 Uncommon trap: reason=unstable_if action=reinterpret pc=0x00007f157d6c3670 method=java.util.Locale.hashCode()I @ 6
Event: 254.208 Thread 0x00007f158c00b000 Uncommon trap: reason=unstable_if action=reinterpret pc=0x00007f157d7fb068 method=java.util.zip.InflaterInputStream.read([BII)I @ 41
Event: 254.217 Thread 0x00007f158c00b000 Uncommon trap: reason=unstable_if action=reinterpret pc=0x00007f157d99dd64 method=java.util.jar.Manifest$FastInputStream.readLine([BII)I @ 87

Classes redefined (0 events):
No events

Internal exceptions (10 events):
Event: 242.293 Thread 0x00007f158c00b000 Implicit null exception at 0x00007f157d44c381 to 0x00007f157d44f790
Event: 242.293 Thread 0x00007f158c00b000 Exception <a 'java/lang/NullPointerException'> (0x00000000faee16d0) thrown at [/build/openjdk-8-uwNjBd/openjdk-8-8u252-b09/src/hotspot/src/share/vm/runtime/sharedRuntime.cpp, line 605]
Event: 242.293 Thread 0x00007f158c00b000 Implicit null exception at 0x00007f157d44c381 to 0x00007f157d44f790
Event: 242.293 Thread 0x00007f158c00b000 Exception <a 'java/lang/NullPointerException'> (0x00000000faee1ad0) thrown at [/build/openjdk-8-uwNjBd/openjdk-8-8u252-b09/src/hotspot/src/share/vm/runtime/sharedRuntime.cpp, line 605]
Event: 242.315 Thread 0x00007f158c972000 Exception <a 'java/net/SocketTimeoutException': Read timed out> (0x00000000fb10b800) thrown at [/build/openjdk-8-uwNjBd/openjdk-8-8u252-b09/src/hotspot/src/share/vm/prims/jni.cpp, line 737]
Event: 242.318 Thread 0x00007f158c971800 Exception <a 'java/net/SocketTimeoutException': Read timed out> (0x00000000fb1b3310) thrown at [/build/openjdk-8-uwNjBd/openjdk-8-8u252-b09/src/hotspot/src/share/vm/prims/jni.cpp, line 737]
Event: 242.323 Thread 0x00007f158c16f000 Exception <a 'java/net/SocketTimeoutException': Read timed out> (0x00000000fb25add0) thrown at [/build/openjdk-8-uwNjBd/openjdk-8-8u252-b09/src/hotspot/src/share/vm/prims/jni.cpp, line 737]
Event: 242.336 Thread 0x00007f158c973000 Exception <a 'java/net/SocketTimeoutException': Read timed out> (0x00000000fb302748) thrown at [/build/openjdk-8-uwNjBd/openjdk-8-8u252-b09/src/hotspot/src/share/vm/prims/jni.cpp, line 737]
Event: 249.407 Thread 0x00007f158c00b000 Implicit null exception at 0x00007f157dee30f5 to 0x00007f157dee44c5
Event: 249.521 Thread 0x00007f158c00b000 Exception <a 'java/lang/ClassNotFoundException': com/sun/tools/javac/api/JavacTool> (0x00000000fc8c7b90) thrown at [/build/openjdk-8-uwNjBd/openjdk-8-8u252-b09/src/hotspot/src/share/vm/classfile/systemDictionary.cpp, line 210]

Events (10 events):
Event: 250.197 loading class com/sun/tools/javac/util/ListBuffer$1 done
Event: 250.214 loading class com/sun/tools/javac/util/StringUtils
Event: 250.214 loading class com/sun/tools/javac/util/StringUtils done
Event: 254.203 Thread 0x00007f158c00b000 Uncommon trap: trap_request=0xffffff65 fr.pc=0x00007f157d7fb068
Event: 254.211 Thread 0x00007f158c00b000 DEOPT PACKING pc=0x00007f157d7fb068 sp=0x00007f1594c00a60
Event: 254.211 Thread 0x00007f158c00b000 DEOPT UNPACKING pc=0x00007f157d04547a sp=0x00007f1594c00a98 mode 2
Event: 254.216 Thread 0x00007f158c00b000 Uncommon trap: trap_request=0xffffff65 fr.pc=0x00007f157d99dd64
Event: 254.217 Thread 0x00007f158c00b000 DEOPT PACKING pc=0x00007f157d99dd64 sp=0x00007f1594c00aa0
Event: 254.217 Thread 0x00007f158c00b000 DEOPT UNPACKING pc=0x00007f157d04547a sp=0x00007f1594c00a30 mode 2
Event: 258.186 Executing VM operation: ParallelGCFailedAllocation


Dynamic libraries:
e0c00000-e2c00000 rw-p 00000000 00:00 0 
e2c00000-f5980000 ---p 00000000 00:00 0 
f5980000-ff680000 rw-p 00000000 00:00 0 
100000000-100360000 rw-p 00000000 00:00 0 
100360000-140000000 ---p 00000000 00:00 0 
5594c3be1000-5594c3be2000 r-xp 00000000 08:01 267578                     /usr/lib/jvm/java-8-openjdk-amd64/jre/bin/java
5594c3de1000-5594c3de2000 r--p 00000000 08:01 267578                     /usr/lib/jvm/java-8-openjdk-amd64/jre/bin/java
5594c3de2000-5594c3de3000 rw-p 00001000 08:01 267578                     /usr/lib/jvm/java-8-openjdk-amd64/jre/bin/java
5594c4509000-5594c452a000 rw-p 00000000 00:00 0                          [heap]
7f1530000000-7f1530021000 rw-p 00000000 00:00 0 
7f1530021000-7f1534000000 ---p 00000000 00:00 0 
7f1534000000-7f1534021000 rw-p 00000000 00:00 0 
7f1534021000-7f1538000000 ---p 00000000 00:00 0 
7f1538000000-7f1538021000 rw-p 00000000 00:00 0 
7f1538021000-7f153c000000 ---p 00000000 00:00 0 
7f153c000000-7f153c021000 rw-p 00000000 00:00 0 
7f153c021000-7f1540000000 ---p 00000000 00:00 0 
7f1540000000-7f1540021000 rw-p 00000000 00:00 0 
7f1540021000-7f1544000000 ---p 00000000 00:00 0 
7f1544000000-7f1544021000 rw-p 00000000 00:00 0 
7f1544021000-7f1548000000 ---p 00000000 00:00 0 
7f1548000000-7f1548a8b000 rw-p 00000000 00:00 0 
7f1548a8b000-7f154c000000 ---p 00000000 00:00 0 
7f154c000000-7f154c021000 rw-p 00000000 00:00 0 
7f154c021000-7f1550000000 ---p 00000000 00:00 0 
7f1550000000-7f1551bea000 rw-p 00000000 00:00 0 
7f1551bea000-7f1554000000 ---p 00000000 00:00 0 
7f1554000000-7f155600a000 rw-p 00000000 00:00 0 
7f155600a000-7f1558000000 ---p 00000000 00:00 0 
7f1558000000-7f1558021000 rw-p 00000000 00:00 0 
7f1558021000-7f155c000000 ---p 00000000 00:00 0 
7f155c000000-7f155c021000 rw-p 00000000 00:00 0 
7f155c021000-7f1560000000 ---p 00000000 00:00 0 
7f1560000000-7f1560032000 rw-p 00000000 00:00 0 
7f1560032000-7f1564000000 ---p 00000000 00:00 0 
7f1564000000-7f1564021000 rw-p 00000000 00:00 0 
7f1564021000-7f1568000000 ---p 00000000 00:00 0 
7f1568000000-7f1568021000 rw-p 00000000 00:00 0 
7f1568021000-7f156c000000 ---p 00000000 00:00 0 
7f156c000000-7f156c021000 rw-p 00000000 00:00 0 
7f156c021000-7f1570000000 ---p 00000000 00:00 0 
7f1570000000-7f1570021000 rw-p 00000000 00:00 0 
7f1570021000-7f1574000000 ---p 00000000 00:00 0 
7f15742a4000-7f1574464000 rw-p 00000000 00:00 0 
7f1574464000-7f15744a4000 ---p 00000000 00:00 0 
7f15744a4000-7f157451e000 r--s 01103000 08:01 269098                     /usr/lib/jvm/java-8-openjdk-amd64/lib/tools.jar
7f157451e000-7f157471e000 rw-p 00000000 00:00 0 
7f157471e000-7f1574721000 ---p 00000000 00:00 0 
7f1574721000-7f157481f000 rw-p 00000000 00:00 0 
7f157481f000-7f1574822000 ---p 00000000 00:00 0 
7f1574822000-7f1574920000 rw-p 00000000 00:00 0 
7f1574920000-7f1574923000 ---p 00000000 00:00 0 
7f1574923000-7f1574a21000 rw-p 00000000 00:00 0 
7f1574a21000-7f1574a24000 ---p 00000000 00:00 0 
7f1574a24000-7f1574b22000 rw-p 00000000 00:00 0 
7f1574b22000-7f1574b25000 ---p 00000000 00:00 0 
7f1574b25000-7f1574e23000 rw-p 00000000 00:00 0 
7f1574e23000-7f1575023000 rw-p 00000000 00:00 0 
7f1575023000-7f157503a000 r-xp 00000000 08:01 2155                       /lib/x86_64-linux-gnu/libresolv-2.23.so
7f157503a000-7f157523a000 ---p 00017000 08:01 2155                       /lib/x86_64-linux-gnu/libresolv-2.23.so
7f157523a000-7f157523b000 r--p 00017000 08:01 2155                       /lib/x86_64-linux-gnu/libresolv-2.23.so
7f157523b000-7f157523c000 rw-p 00018000 08:01 2155                       /lib/x86_64-linux-gnu/libresolv-2.23.so
7f157523c000-7f157543e000 rw-p 00000000 00:00 0 
7f157543e000-7f157549d000 r--s 004ab000 08:01 519713                     /home/vagrant/.m2/repository/org/hibernate/hibernate-core/4.3.10.Final/hibernate-core-4.3.10.Final.jar
7f157549d000-7f15754a0000 r--s 0001b000 08:01 520475                     /home/vagrant/.m2/repository/junit/junit/3.8.2/junit-3.8.2.jar
7f15754a0000-7f15754ae000 r--s 0008f000 08:01 520473                     /home/vagrant/.m2/repository/com/google/collections/google-collections/1.0/google-collections-1.0.jar
7f15754ae000-7f15754af000 r--s 0000a000 08:01 520471                     /home/vagrant/.m2/repository/commons-logging/commons-logging-api/1.1/commons-logging-api-1.1.jar
7f15754af000-7f15754b6000 r--s 00051000 08:01 520469                     /home/vagrant/.m2/repository/log4j/log4j/1.2.12/log4j-1.2.12.jar
7f15754b6000-7f15754ba000 r--s 0001d000 08:01 520468                     /home/vagrant/.m2/repository/org/apache/xbean/xbean-reflect/3.4/xbean-reflect-3.4.jar
7f15754ba000-7f15754bb000 r--s 00004000 08:01 520462                     /home/vagrant/.m2/repository/org/codehaus/plexus/plexus-compiler-javac/2.0/plexus-compiler-javac-2.0.jar
7f15754bb000-7f15754bd000 r--s 00000000 08:01 520461                     /home/vagrant/.m2/repository/org/codehaus/plexus/plexus-compiler-manager/2.0/plexus-compiler-manager-2.0.jar
7f15754bd000-7f15754bf000 r--s 00005000 08:01 520456                     /home/vagrant/.m2/repository/org/codehaus/plexus/plexus-compiler-api/2.0/plexus-compiler-api-2.0.jar
7f15754bf000-7f15754c1000 r--s 00000000 08:01 520455                     /home/vagrant/.m2/repository/org/codehaus/plexus/plexus-component-annotations/1.5.5/plexus-component-annotations-1.5.5.jar
7f15754c1000-7f15754c3000 r--s 00002000 08:01 520454                     /home/vagrant/.m2/repository/org/apache/maven/shared/maven-shared-incremental/1.0/maven-shared-incremental-1.0.jar
7f15754c3000-7f15754c5000 r--s 00006000 08:01 520452                     /home/vagrant/.m2/repository/com/google/code/findbugs/jsr305/2.0.1/jsr305-2.0.1.jar
7f15754c5000-7f15754c8000 r--s 00023000 08:01 520451                     /home/vagrant/.m2/repository/org/apache/maven/shared/maven-shared-utils/0.1/maven-shared-utils-0.1.jar
7f15754c8000-7f15754cc000 r--s 00030000 08:01 520418                     /home/vagrant/.m2/repository/org/codehaus/plexus/plexus-utils/1.5.1/plexus-utils-1.5.1.jar
7f15754cc000-7f15754ce000 r--s 00009000 08:01 516014                     /home/vagrant/.m2/repository/org/apache/maven/plugins/maven-compiler-plugin/3.0/maven-compiler-plugin-3.0.jar
7f15754ce000-7f15754d0000 r--s 0000d000 08:01 520064                     /home/vagrant/.m2/repository/org/codehaus/plexus/plexus-interpolation/1.13/plexus-interpolation-1.13.jar
7f15754d0000-7f15754d2000 r--s 00009000 08:01 520058                     /home/vagrant/.m2/repository/org/apache/maven/shared/maven-filtering/1.1/maven-filtering-1.1.jar
7f15754d2000-7f15754d6000 r--s 00033000 08:01 520057                     /home/vagrant/.m2/repository/org/codehaus/plexus/plexus-utils/2.0.5/plexus-utils-2.0.5.jar
7f15754d6000-7f15754d9000 r--s 0001b000 08:01 520056                     /home/vagrant/.m2/repository/junit/junit/3.8.1/junit-3.8.1.jar
7f15754d9000-7f15754ec000 r--s 00346000 08:01 267548                     /usr/lib/jvm/java-8-openjdk-amd64/jre/lib/resources.jar
7f15754ec000-7f15754f1000 r-xp 00000000 08:01 2151                       /lib/x86_64-linux-gnu/libnss_dns-2.23.so
7f15754f1000-7f15756f1000 ---p 00005000 08:01 2151                       /lib/x86_64-linux-gnu/libnss_dns-2.23.so
7f15756f1000-7f15756f2000 r--p 00005000 08:01 2151                       /lib/x86_64-linux-gnu/libnss_dns-2.23.so
7f15756f2000-7f15756f3000 rw-p 00006000 08:01 2151                       /lib/x86_64-linux-gnu/libnss_dns-2.23.so
7f15756f3000-7f15756f4000 r--s 00001000 08:01 520059                     /home/vagrant/.m2/repository/org/sonatype/plexus/plexus-build-api/0.0.4/plexus-build-api-0.0.4.jar
7f15756f4000-7f15756f6000 r--s 00002000 08:01 520040                     /home/vagrant/.m2/repository/org/codehaus/plexus/plexus-interactivity-api/1.0-alpha-4/plexus-interactivity-api-1.0-alpha-4.jar
7f15756f6000-7f15756f8000 r--s 00006000 08:01 520036                     /home/vagrant/.m2/repository/commons-cli/commons-cli/1.0/commons-cli-1.0.jar
7f15756f8000-7f15756f9000 r--s 00001000 08:01 520030                     /home/vagrant/.m2/repository/org/apache/maven/doxia/doxia-sink-api/1.0-alpha-7/doxia-sink-api-1.0-alpha-7.jar
7f15756f9000-7f15756fa000 r--s 00002000 08:01 520029                     /home/vagrant/.m2/repository/org/apache/maven/reporting/maven-reporting-api/2.0.6/maven-reporting-api-2.0.6.jar
7f15756fa000-7f15756fc000 r--s 00006000 08:01 516007                     /home/vagrant/.m2/repository/org/apache/maven/plugins/maven-resources-plugin/2.6/maven-resources-plugin-2.6.jar
7f15756fc000-7f1575724000 r-xp 00000000 08:01 267519                     /usr/lib/jvm/java-8-openjdk-amd64/jre/lib/amd64/libsunec.so
7f1575724000-7f1575924000 ---p 00028000 08:01 267519                     /usr/lib/jvm/java-8-openjdk-amd64/jre/lib/amd64/libsunec.so
7f1575924000-7f1575928000 r--p 00028000 08:01 267519                     /usr/lib/jvm/java-8-openjdk-amd64/jre/lib/amd64/libsunec.so
7f1575928000-7f1575929000 rw-p 0002c000 08:01 267519                     /usr/lib/jvm/java-8-openjdk-amd64/jre/lib/amd64/libsunec.so
7f1575929000-7f157592b000 r--s 00016000 08:01 267486                     /usr/lib/jvm/java-8-openjdk-amd64/jre/lib/jce.jar
7f157592b000-7f1575b2b000 rw-p 00000000 00:00 0 
7f1575b2b000-7f1575b30000 r--s 000a7000 08:01 267547                     /usr/lib/jvm/java-8-openjdk-amd64/jre/lib/jsse.jar
7f1575b30000-7f1575d30000 rw-p 00000000 00:00 0 
7f1575d30000-7f1575f30000 rw-p 00000000 00:00 0 
7f1575f30000-7f1576130000 rw-p 00000000 00:00 0 
7f1576130000-7f1576135000 r--s 00040000 08:01 61307                      /usr/share/java/commons-lang-2.6.jar
7f1576135000-7f157613c000 r--s 0002c000 08:01 61802                      /usr/share/java/sisu-plexus.jar
7f157613c000-7f157613e000 r--s 00013000 08:01 61835                      /usr/share/java/maven3-embedder-3.3.9.jar
7f157613e000-7f1576140000 r--s 0000a000 08:01 61269                      /usr/share/java/commons-cli-1.3.1.jar
7f1576140000-7f1576142000 r--s 0000d000 08:01 61837                      /usr/share/java/maven3-aether-provider-3.3.9.jar
7f1576142000-7f1576143000 r--s 00002000 08:01 61454                      /usr/share/java/slf4j-simple.jar
7f1576143000-7f1576151000 r--s 00095000 08:01 61603                      /usr/share/java/guice.jar
7f1576151000-7f157617d000 r--s 00208000 08:01 61494                      /usr/share/java/guava.jar
7f157617d000-7f157617f000 r--s 00007000 08:01 61457                      /usr/share/java/slf4j-api.jar
7f157617f000-7f15761b0000 r--s 00207000 08:01 61812                      /usr/share/java/wagon-http-shaded-2.x.jar
7f15761b0000-7f15761b7000 r--s 00041000 08:01 61831                      /usr/share/java/maven3-compat-3.3.9.jar
7f15761b7000-7f15761b9000 r--s 0000e000 08:01 61416                      /usr/share/java/plexus-interpolation.jar
7f15761b9000-7f15761ba000 r--s 00008000 08:01 61574                      /usr/share/java/eclipse-aether-connector-basic.jar
7f15761ba000-7f15761bf000 r--s 0001d000 08:01 61578                      /usr/share/java/eclipse-aether-api.jar
7f15761bf000-7f15761c1000 r--s 0000a000 08:01 61809                      /usr/share/java/wagon-provider-api-2.x.jar
7f15761c1000-7f15761c9000 r--s 00054000 08:01 61796                      /usr/share/java/sisu-inject.jar
7f15761c9000-7f15761d6000 r--s 0008d000 08:01 61832                      /usr/share/java/maven3-core-3.3.9.jar
7f15761d6000-7f15761d8000 r--s 00005000 08:01 61577                      /usr/share/java/eclipse-aether-transport-wagon.jar
7f15761d8000-7f15761db000 r--s 00007000 08:01 61838                      /usr/share/java/maven3-settings-builder-3.3.9.jar
7f15761db000-7f15761df000 r--s 00027000 08:01 61571                      /usr/share/java/eclipse-aether-impl.jar
7f15761df000-7f15761e1000 r--s 00000000 08:01 61767                      /usr/share/java/plexus-component-annotations-1.5.jar
7f15761e1000-7f15761e3000 r--s 00001000 08:01 61839                      /usr/share/java/maven3-builder-support-3.3.9.jar
7f15761e3000-7f15761e4000 r--s 00006000 08:01 61699                      /usr/share/java/plexus-sec-dispatcher.jar
7f15761e4000-7f15761e6000 r--s 00001000 08:01 61594                      /usr/share/java/aopalliance-1.0.jar
7f15761e6000-7f15761e7000 r--s 00000000 08:01 61234                      /usr/share/java/geronimo-interceptor-3.0-spec-1.0.1.jar
7f15761e7000-7f15761e9000 r--s 00012000 08:01 61242                      /usr/share/java/el-api-3.0.jar
7f15761e9000-7f15761ea000 r--s 00000000 08:01 61221                      /usr/share/java/atinject-jsr330-api-1.0.jar
7f15761ea000-7f15761ed000 r--s 00008000 08:01 61249                      /usr/share/java/cdi-api-1.0.jar
7f15761ed000-7f15761f3000 r--s 00048000 08:01 61481                      /usr/share/java/jsoup.jar
7f15761f3000-7f1576224000 rw-p 00000000 00:00 0 
7f1576224000-7f157623b000 r-xp 00000000 08:01 267525                     /usr/lib/jvm/java-8-openjdk-amd64/jre/lib/amd64/libnet.so
7f157623b000-7f157643b000 ---p 00017000 08:01 267525                     /usr/lib/jvm/java-8-openjdk-amd64/jre/lib/amd64/libnet.so
7f157643b000-7f157643c000 r--p 00017000 08:01 267525                     /usr/lib/jvm/java-8-openjdk-amd64/jre/lib/amd64/libnet.so
7f157643c000-7f157643d000 rw-p 00018000 08:01 267525                     /usr/lib/jvm/java-8-openjdk-amd64/jre/lib/amd64/libnet.so
7f157643d000-7f157644f000 r-xp 00000000 08:01 267521                     /usr/lib/jvm/java-8-openjdk-amd64/jre/lib/amd64/libnio.so
7f157644f000-7f157664e000 ---p 00012000 08:01 267521                     /usr/lib/jvm/java-8-openjdk-amd64/jre/lib/amd64/libnio.so
7f157664e000-7f157664f000 r--p 00011000 08:01 267521                     /usr/lib/jvm/java-8-openjdk-amd64/jre/lib/amd64/libnio.so
7f157664f000-7f1576650000 rw-p 00012000 08:01 267521                     /usr/lib/jvm/java-8-openjdk-amd64/jre/lib/amd64/libnio.so
7f1576650000-7f1576651000 ---p 00000000 00:00 0 
7f1576651000-7f1576751000 rw-p 00000000 00:00 0 
7f1576751000-7f1576754000 ---p 00000000 00:00 0 
7f1576754000-7f1576852000 rw-p 00000000 00:00 0 
7f1576852000-7f1576855000 ---p 00000000 00:00 0 
7f1576855000-7f1576953000 rw-p 00000000 00:00 0 
7f1576953000-7f1576956000 ---p 00000000 00:00 0 
7f1576956000-7f1576a54000 rw-p 00000000 00:00 0 
7f1576a54000-7f1576a57000 ---p 00000000 00:00 0 
7f1576a57000-7f1576b55000 rw-p 00000000 00:00 0 
7f1576b55000-7f1576b58000 ---p 00000000 00:00 0 
7f1576b58000-7f1576c56000 rw-p 00000000 00:00 0 
7f1576c56000-7f1576dee000 r--p 00000000 08:01 29255                      /usr/lib/locale/locale-archive
7f1576dee000-7f1576df1000 ---p 00000000 00:00 0 
7f1576df1000-7f1576eef000 rw-p 00000000 00:00 0 
7f1576eef000-7f1576ef2000 ---p 00000000 00:00 0 
7f1576ef2000-7f1576ff0000 rw-p 00000000 00:00 0 
7f1576ff0000-7f1576ff1000 ---p 00000000 00:00 0 
7f1576ff1000-7f1578000000 rw-p 00000000 00:00 0 
7f1578000000-7f1578022000 rw-p 00000000 00:00 0 
7f1578022000-7f157c000000 ---p 00000000 00:00 0 
7f157c000000-7f157c001000 r--s 00006000 08:01 61833                      /usr/share/java/maven3-repository-metadata-3.3.9.jar
7f157c001000-7f157c002000 r--s 00004000 08:01 61220                      /usr/share/java/atinject-jsr330-tck-1.0.jar
7f157c002000-7f157c009000 r--s 0005d000 08:01 61313                      /usr/share/java/commons-lang3.jar
7f157c009000-7f157c00d000 r--s 00020000 08:01 61579                      /usr/share/java/eclipse-aether-util.jar
7f157c00d000-7f157c00f000 r--s 0000a000 08:01 61830                      /usr/share/java/maven3-plugin-api-3.3.9.jar
7f157c00f000-7f157c014000 r--s 00025000 08:01 61834                      /usr/share/java/maven3-model-builder-3.3.9.jar
7f157c014000-7f157c015000 r--s 00001000 08:01 61815                      /usr/share/java/wagon-http-shared-2.x.jar
7f157c015000-7f157c017000 r--s 00027000 08:01 61836                      /usr/share/java/maven3-model-3.3.9.jar
7f157c017000-7f157c018000 r--s 00001000 08:01 61808                      /usr/share/java/wagon-file-2.x.jar
7f157c018000-7f157c01c000 r--s 00038000 08:01 61755                      /usr/share/java/plexus-utils2.jar
7f157c01c000-7f157c01d000 r--s 0000a000 08:01 61829                      /usr/share/java/maven3-settings-3.3.9.jar
7f157c01d000-7f157c021000 r--s 00027000 08:01 61301                      /usr/share/java/commons-io-2.4.jar
7f157c021000-7f157c023000 r--s 00002000 08:01 61693                      /usr/share/java/plexus-cipher.jar
7f157c023000-7f157c026000 r--s 0000a000 08:01 61840                      /usr/share/java/maven3-artifact-3.3.9.jar
7f157c026000-7f157c028000 r--s 00006000 08:01 61576                      /usr/share/java/eclipse-aether-spi.jar
7f157c028000-7f157c02a000 r--s 0000a000 08:01 61749                      /usr/share/java/plexus-classworlds2-2.5.2.jar
7f157c02a000-7f157c045000 r--s 00394000 08:01 267566                     /usr/lib/jvm/java-8-openjdk-amd64/jre/lib/ext/cldrdata.jar
7f157c045000-7f157c060000 r--s 001d6000 08:01 267561                     /usr/lib/jvm/java-8-openjdk-amd64/jre/lib/ext/nashorn.jar
7f157c060000-7f157d000000 rw-p 00000000 00:00 0 
7f157d000000-7f157e1c0000 rwxp 00000000 00:00 0 
7f157e1c0000-7f158c000000 ---p 00000000 00:00 0 
7f158c000000-7f158d25b000 rw-p 00000000 00:00 0 
7f158d25b000-7f1590000000 ---p 00000000 00:00 0 
7f1590000000-7f1590006000 r--s 0003d000 08:01 267560                     /usr/lib/jvm/java-8-openjdk-amd64/jre/lib/ext/sunjce_provider.jar
7f1590006000-7f15900f9000 rw-p 00000000 00:00 0 
7f15900f9000-7f15902cb000 r--s 03ca5000 08:01 267544                     /usr/lib/jvm/java-8-openjdk-amd64/jre/lib/rt.jar
7f15902cb000-7f1590c96000 rw-p 00000000 00:00 0 
7f1590c96000-7f1590c97000 ---p 00000000 00:00 0 
7f1590c97000-7f1590d97000 rw-p 00000000 00:00 0 
7f1590d97000-7f1590d98000 ---p 00000000 00:00 0 
7f1590d98000-7f1590e98000 rw-p 00000000 00:00 0 
7f1590e98000-7f1590e99000 ---p 00000000 00:00 0 
7f1590e99000-7f1590f99000 rw-p 00000000 00:00 0 
7f1590f99000-7f1590f9a000 ---p 00000000 00:00 0 
7f1590f9a000-7f15910aa000 rw-p 00000000 00:00 0 
7f15910aa000-7f1591140000 ---p 00000000 00:00 0 
7f1591140000-7f1591190000 rw-p 00000000 00:00 0 
7f1591190000-7f1591194000 ---p 00000000 00:00 0 
7f1591194000-7f15911dc000 rw-p 00000000 00:00 0 
7f15911dc000-7f1591555000 ---p 00000000 00:00 0 
7f1591555000-7f159155d000 r-xp 00000000 08:01 267514                     /usr/lib/jvm/java-8-openjdk-amd64/jre/lib/amd64/libzip.so
7f159155d000-7f159175c000 ---p 00008000 08:01 267514                     /usr/lib/jvm/java-8-openjdk-amd64/jre/lib/amd64/libzip.so
7f159175c000-7f159175d000 r--p 00007000 08:01 267514                     /usr/lib/jvm/java-8-openjdk-amd64/jre/lib/amd64/libzip.so
7f159175d000-7f159175e000 rw-p 00008000 08:01 267514                     /usr/lib/jvm/java-8-openjdk-amd64/jre/lib/amd64/libzip.so
7f159175e000-7f1591769000 r-xp 00000000 08:01 2159                       /lib/x86_64-linux-gnu/libnss_files-2.23.so
7f1591769000-7f1591968000 ---p 0000b000 08:01 2159                       /lib/x86_64-linux-gnu/libnss_files-2.23.so
7f1591968000-7f1591969000 r--p 0000a000 08:01 2159                       /lib/x86_64-linux-gnu/libnss_files-2.23.so
7f1591969000-7f159196a000 rw-p 0000b000 08:01 2159                       /lib/x86_64-linux-gnu/libnss_files-2.23.so
7f159196a000-7f1591970000 rw-p 00000000 00:00 0 
7f1591970000-7f159197b000 r-xp 00000000 08:01 2152                       /lib/x86_64-linux-gnu/libnss_nis-2.23.so
7f159197b000-7f1591b7a000 ---p 0000b000 08:01 2152                       /lib/x86_64-linux-gnu/libnss_nis-2.23.so
7f1591b7a000-7f1591b7b000 r--p 0000a000 08:01 2152                       /lib/x86_64-linux-gnu/libnss_nis-2.23.so
7f1591b7b000-7f1591b7c000 rw-p 0000b000 08:01 2152                       /lib/x86_64-linux-gnu/libnss_nis-2.23.so
7f1591b7c000-7f1591b92000 r-xp 00000000 08:01 2157                       /lib/x86_64-linux-gnu/libnsl-2.23.so
7f1591b92000-7f1591d91000 ---p 00016000 08:01 2157                       /lib/x86_64-linux-gnu/libnsl-2.23.so
7f1591d91000-7f1591d92000 r--p 00015000 08:01 2157                       /lib/x86_64-linux-gnu/libnsl-2.23.so
7f1591d92000-7f1591d93000 rw-p 00016000 08:01 2157                       /lib/x86_64-linux-gnu/libnsl-2.23.so
7f1591d93000-7f1591d95000 rw-p 00000000 00:00 0 
7f1591d95000-7f1591d9d000 r-xp 00000000 08:01 2163                       /lib/x86_64-linux-gnu/libnss_compat-2.23.so
7f1591d9d000-7f1591f9c000 ---p 00008000 08:01 2163                       /lib/x86_64-linux-gnu/libnss_compat-2.23.so
7f1591f9c000-7f1591f9d000 r--p 00007000 08:01 2163                       /lib/x86_64-linux-gnu/libnss_compat-2.23.so
7f1591f9d000-7f1591f9e000 rw-p 00008000 08:01 2163                       /lib/x86_64-linux-gnu/libnss_compat-2.23.so
7f1591f9e000-7f1591fc7000 r-xp 00000000 08:01 267506                     /usr/lib/jvm/java-8-openjdk-amd64/jre/lib/amd64/libjava.so
7f1591fc7000-7f15921c7000 ---p 00029000 08:01 267506                     /usr/lib/jvm/java-8-openjdk-amd64/jre/lib/amd64/libjava.so
7f15921c7000-7f15921c8000 r--p 00029000 08:01 267506                     /usr/lib/jvm/java-8-openjdk-amd64/jre/lib/amd64/libjava.so
7f15921c8000-7f15921ca000 rw-p 0002a000 08:01 267506                     /usr/lib/jvm/java-8-openjdk-amd64/jre/lib/amd64/libjava.so
7f15921ca000-7f15921d9000 r-xp 00000000 08:01 267528                     /usr/lib/jvm/java-8-openjdk-amd64/jre/lib/amd64/libverify.so
7f15921d9000-7f15923d8000 ---p 0000f000 08:01 267528                     /usr/lib/jvm/java-8-openjdk-amd64/jre/lib/amd64/libverify.so
7f15923d8000-7f15923da000 r--p 0000e000 08:01 267528                     /usr/lib/jvm/java-8-openjdk-amd64/jre/lib/amd64/libverify.so
7f15923da000-7f15923db000 rw-p 00010000 08:01 267528                     /usr/lib/jvm/java-8-openjdk-amd64/jre/lib/amd64/libverify.so
7f15923db000-7f15923e2000 r-xp 00000000 08:01 2145                       /lib/x86_64-linux-gnu/librt-2.23.so
7f15923e2000-7f15925e1000 ---p 00007000 08:01 2145                       /lib/x86_64-linux-gnu/librt-2.23.so
7f15925e1000-7f15925e2000 r--p 00006000 08:01 2145                       /lib/x86_64-linux-gnu/librt-2.23.so
7f15925e2000-7f15925e3000 rw-p 00007000 08:01 2145                       /lib/x86_64-linux-gnu/librt-2.23.so
7f15925e3000-7f15925f9000 r-xp 00000000 08:01 1999                       /lib/x86_64-linux-gnu/libgcc_s.so.1
7f15925f9000-7f15927f8000 ---p 00016000 08:01 1999                       /lib/x86_64-linux-gnu/libgcc_s.so.1
7f15927f8000-7f15927f9000 rw-p 00015000 08:01 1999                       /lib/x86_64-linux-gnu/libgcc_s.so.1
7f15927f9000-7f1592901000 r-xp 00000000 08:01 2165                       /lib/x86_64-linux-gnu/libm-2.23.so
7f1592901000-7f1592b00000 ---p 00108000 08:01 2165                       /lib/x86_64-linux-gnu/libm-2.23.so
7f1592b00000-7f1592b01000 r--p 00107000 08:01 2165                       /lib/x86_64-linux-gnu/libm-2.23.so
7f1592b01000-7f1592b02000 rw-p 00108000 08:01 2165                       /lib/x86_64-linux-gnu/libm-2.23.so
7f1592b02000-7f1592c74000 r-xp 00000000 08:01 26018                      /usr/lib/x86_64-linux-gnu/libstdc++.so.6.0.21
7f1592c74000-7f1592e74000 ---p 00172000 08:01 26018                      /usr/lib/x86_64-linux-gnu/libstdc++.so.6.0.21
7f1592e74000-7f1592e7e000 r--p 00172000 08:01 26018                      /usr/lib/x86_64-linux-gnu/libstdc++.so.6.0.21
7f1592e7e000-7f1592e80000 rw-p 0017c000 08:01 26018                      /usr/lib/x86_64-linux-gnu/libstdc++.so.6.0.21
7f1592e80000-7f1592e84000 rw-p 00000000 00:00 0 
7f1592e84000-7f1593aec000 r-xp 00000000 08:01 267508                     /usr/lib/jvm/java-8-openjdk-amd64/jre/lib/amd64/server/libjvm.so
7f1593aec000-7f1593cec000 ---p 00c68000 08:01 267508                     /usr/lib/jvm/java-8-openjdk-amd64/jre/lib/amd64/server/libjvm.so
7f1593cec000-7f1593d80000 r--p 00c68000 08:01 267508                     /usr/lib/jvm/java-8-openjdk-amd64/jre/lib/amd64/server/libjvm.so
7f1593d80000-7f1593da9000 rw-p 00cfc000 08:01 267508                     /usr/lib/jvm/java-8-openjdk-amd64/jre/lib/amd64/server/libjvm.so
7f1593da9000-7f1593dd9000 rw-p 00000000 00:00 0 
7f1593dd9000-7f1593df1000 r-xp 00000000 08:01 2149                       /lib/x86_64-linux-gnu/libpthread-2.23.so
7f1593df1000-7f1593ff0000 ---p 00018000 08:01 2149                       /lib/x86_64-linux-gnu/libpthread-2.23.so
7f1593ff0000-7f1593ff1000 r--p 00017000 08:01 2149                       /lib/x86_64-linux-gnu/libpthread-2.23.so
7f1593ff1000-7f1593ff2000 rw-p 00018000 08:01 2149                       /lib/x86_64-linux-gnu/libpthread-2.23.so
7f1593ff2000-7f1593ff6000 rw-p 00000000 00:00 0 
7f1593ff6000-7f1593ff9000 r-xp 00000000 08:01 2147                       /lib/x86_64-linux-gnu/libdl-2.23.so
7f1593ff9000-7f15941f8000 ---p 00003000 08:01 2147                       /lib/x86_64-linux-gnu/libdl-2.23.so
7f15941f8000-7f15941f9000 r--p 00002000 08:01 2147                       /lib/x86_64-linux-gnu/libdl-2.23.so
7f15941f9000-7f15941fa000 rw-p 00003000 08:01 2147                       /lib/x86_64-linux-gnu/libdl-2.23.so
7f15941fa000-7f1594213000 r-xp 00000000 08:01 2114                       /lib/x86_64-linux-gnu/libz.so.1.2.8
7f1594213000-7f1594412000 ---p 00019000 08:01 2114                       /lib/x86_64-linux-gnu/libz.so.1.2.8
7f1594412000-7f1594413000 r--p 00018000 08:01 2114                       /lib/x86_64-linux-gnu/libz.so.1.2.8
7f1594413000-7f1594414000 rw-p 00019000 08:01 2114                       /lib/x86_64-linux-gnu/libz.so.1.2.8
7f1594414000-7f15945d4000 r-xp 00000000 08:01 2162                       /lib/x86_64-linux-gnu/libc-2.23.so
7f15945d4000-7f15947d4000 ---p 001c0000 08:01 2162                       /lib/x86_64-linux-gnu/libc-2.23.so
7f15947d4000-7f15947d8000 r--p 001c0000 08:01 2162                       /lib/x86_64-linux-gnu/libc-2.23.so
7f15947d8000-7f15947da000 rw-p 001c4000 08:01 2162                       /lib/x86_64-linux-gnu/libc-2.23.so
7f15947da000-7f15947de000 rw-p 00000000 00:00 0 
7f15947de000-7f15947eb000 r-xp 00000000 08:01 267505                     /usr/lib/jvm/java-8-openjdk-amd64/jre/lib/amd64/jli/libjli.so
7f15947eb000-7f15949eb000 ---p 0000d000 08:01 267505                     /usr/lib/jvm/java-8-openjdk-amd64/jre/lib/amd64/jli/libjli.so
7f15949eb000-7f15949ec000 r--p 0000d000 08:01 267505                     /usr/lib/jvm/java-8-openjdk-amd64/jre/lib/amd64/jli/libjli.so
7f15949ec000-7f15949ed000 rw-p 0000e000 08:01 267505                     /usr/lib/jvm/java-8-openjdk-amd64/jre/lib/amd64/jli/libjli.so
7f15949ed000-7f1594a13000 r-xp 00000000 08:01 2148                       /lib/x86_64-linux-gnu/ld-2.23.so
7f1594a13000-7f1594a15000 r--s 00001000 08:01 267563                     /usr/lib/jvm/java-8-openjdk-amd64/jre/lib/ext/dnsns.jar
7f1594a15000-7f1594a16000 r--s 0000a000 08:01 267565                     /usr/lib/jvm/java-8-openjdk-amd64/jre/lib/ext/jaccess.jar
7f1594a16000-7f1594a17000 r--s 0000d000 08:01 267562                     /usr/lib/jvm/java-8-openjdk-amd64/jre/lib/ext/sunec.jar
7f1594a17000-7f1594a18000 r--s 00010000 08:01 267568                     /usr/lib/jvm/java-8-openjdk-amd64/jre/lib/ext/zipfs.jar
7f1594a18000-7f1594a22000 r--s 00116000 08:01 267564                     /usr/lib/jvm/java-8-openjdk-amd64/jre/lib/ext/localedata.jar
7f1594a22000-7f1594a64000 rw-p 00000000 00:00 0 
7f1594a64000-7f1594afb000 ---p 00000000 00:00 0 
7f1594afb000-7f1594b03000 rw-s 00000000 08:01 274810                     /tmp/hsperfdata_vagrant/27047
7f1594b03000-7f1594b06000 ---p 00000000 00:00 0 
7f1594b06000-7f1594c08000 rw-p 00000000 00:00 0 
7f1594c08000-7f1594c0b000 r--s 0000f000 08:01 267567                     /usr/lib/jvm/java-8-openjdk-amd64/jre/lib/ext/icedtea-sound.jar
7f1594c0b000-7f1594c0f000 r--s 0003a000 08:01 267569                     /usr/lib/jvm/java-8-openjdk-amd64/jre/lib/ext/sunpkcs11.jar
7f1594c0f000-7f1594c10000 rw-p 00000000 00:00 0 
7f1594c10000-7f1594c11000 ---p 00000000 00:00 0 
7f1594c11000-7f1594c12000 rw-p 00000000 00:00 0 
7f1594c12000-7f1594c13000 r--p 00025000 08:01 2148                       /lib/x86_64-linux-gnu/ld-2.23.so
7f1594c13000-7f1594c14000 rw-p 00026000 08:01 2148                       /lib/x86_64-linux-gnu/ld-2.23.so
7f1594c14000-7f1594c15000 rw-p 00000000 00:00 0 
7ffc0b6d6000-7ffc0b6f7000 rw-p 00000000 00:00 0                          [stack]
7ffc0b740000-7ffc0b742000 r--p 00000000 00:00 0                          [vvar]
7ffc0b742000-7ffc0b744000 r-xp 00000000 00:00 0                          [vdso]
ffffffffff600000-ffffffffff601000 r-xp 00000000 00:00 0                  [vsyscall]

VM Arguments:
jvm_args: -Dclassworlds.conf=/usr/share/maven/bin/m2.conf -Dmaven.home=/usr/share/maven -Dmaven.multiModuleProjectDirectory=/home/vagrant/devops/spring-petclinic 
java_command: org.codehaus.plexus.classworlds.launcher.Launcher test
java_class_path (initial): /usr/share/maven/boot/plexus-classworlds-2.x.jar
Launcher Type: SUN_STANDARD

Environment Variables:
JAVA_HOME=/usr/lib/jvm/java-8-openjdk-amd64
PATH=/home/vagrant/.rvm/gems/ruby-2.3.8/bin:/home/vagrant/.rvm/gems/ruby-2.3.8@global/bin:/home/vagrant/.rvm/rubies/ruby-2.3.8/bin:/home/vagrant/bin:/home/vagrant/.local/bin:/usr/local/sbin:/usr/local/bin:/usr/sbin:/usr/bin:/sbin:/bin:/usr/games:/usr/local/games:/snap/bin:/home/vagrant/.rvm/bin:/home/vagrant/.rvm/bin
SHELL=/bin/bash

Signal Handlers:
SIGSEGV: [libjvm.so+0xa7bb00], sa_mask[0]=11111111011111111101111111111110, sa_flags=SA_RESTART|SA_SIGINFO
SIGBUS: [libjvm.so+0xa7bb00], sa_mask[0]=11111111011111111101111111111110, sa_flags=SA_RESTART|SA_SIGINFO
SIGFPE: [libjvm.so+0x8c3d50], sa_mask[0]=11111111011111111101111111111110, sa_flags=SA_RESTART|SA_SIGINFO
SIGPIPE: [libjvm.so+0x8c3d50], sa_mask[0]=11111111011111111101111111111110, sa_flags=SA_RESTART|SA_SIGINFO
SIGXFSZ: [libjvm.so+0x8c3d50], sa_mask[0]=11111111011111111101111111111110, sa_flags=SA_RESTART|SA_SIGINFO
SIGILL: [libjvm.so+0x8c3d50], sa_mask[0]=11111111011111111101111111111110, sa_flags=SA_RESTART|SA_SIGINFO
SIGUSR1: SIG_DFL, sa_mask[0]=00000000000000000000000000000000, sa_flags=none
SIGUSR2: [libjvm.so+0x8c3c00], sa_mask[0]=00000000000000000000000000000000, sa_flags=SA_RESTART|SA_SIGINFO
SIGHUP: [libjvm.so+0x8c4290], sa_mask[0]=11111111011111111101111111111110, sa_flags=SA_RESTART|SA_SIGINFO
SIGINT: [libjvm.so+0x8c4290], sa_mask[0]=11111111011111111101111111111110, sa_flags=SA_RESTART|SA_SIGINFO
SIGTERM: [libjvm.so+0x8c4290], sa_mask[0]=11111111011111111101111111111110, sa_flags=SA_RESTART|SA_SIGINFO
SIGQUIT: [libjvm.so+0x8c4290], sa_mask[0]=11111111011111111101111111111110, sa_flags=SA_RESTART|SA_SIGINFO


---------------  S Y S T E M  ---------------

OS:DISTRIB_ID=Ubuntu
DISTRIB_RELEASE=16.04
DISTRIB_CODENAME=xenial
DISTRIB_DESCRIPTION="Ubuntu 16.04.6 LTS"

uname:Linux 4.4.0-179-generic #209-Ubuntu SMP Fri Apr 24 17:48:44 UTC 2020 x86_64
libc:glibc 2.23 NPTL 2.23 
rlimit: STACK 8192k, CORE 0k, NPROC 7928, NOFILE 1048576, AS infinity
load average:1.41 0.49 0.34

/proc/meminfo:
MemTotal:        2047664 kB
MemFree:           64008 kB
MemAvailable:          0 kB
Buffers:             424 kB
Cached:            15520 kB
SwapCached:            0 kB
Active:          1899824 kB
Inactive:          11440 kB
Active(anon):    1898788 kB
Inactive(anon):    10452 kB
Active(file):       1036 kB
Inactive(file):      988 kB
Unevictable:        3652 kB
Mlocked:            3652 kB
SwapTotal:             0 kB
SwapFree:              0 kB
Dirty:                 0 kB
Writeback:             0 kB
AnonPages:       1899508 kB
Mapped:             5360 kB
Shmem:             10960 kB
Slab:              39432 kB
SReclaimable:      20816 kB
SUnreclaim:        18616 kB
KernelStack:        4800 kB
PageTables:         8048 kB
NFS_Unstable:          0 kB
Bounce:                0 kB
WritebackTmp:          0 kB
CommitLimit:     1023832 kB
Committed_AS:    1924924 kB
VmallocTotal:   34359738367 kB
VmallocUsed:           0 kB
VmallocChunk:          0 kB
HardwareCorrupted:     0 kB
AnonHugePages:         0 kB
CmaTotal:              0 kB
CmaFree:               0 kB
HugePages_Total:       0
HugePages_Free:        0
HugePages_Rsvd:        0
HugePages_Surp:        0
Hugepagesize:       2048 kB
DirectMap4k:       53184 kB
DirectMap2M:     2043904 kB

container (cgroup) information:
container_type: cgroupv1
cpu_cpuset_cpus: 0-3
cpu_memory_nodes: 0
active_processor_count: 4
cpu_quota: -1
cpu_period: 100000
cpu_shares: -1
memory_limit_in_bytes: -1
memory_and_swap_limit_in_bytes: -2
memory_soft_limit_in_bytes: -1
memory_usage_in_bytes: 1919881216
memory_max_usage_in_bytes: 1936818176


CPU:total 4 (initial active 4) (4 cores per cpu, 1 threads per core) family 6 model 142 stepping 10, cmov, cx8, fxsr, mmx, sse, sse2, sse3, ssse3, sse4.1, sse4.2, popcnt, avx, avx2, aes, clmul, 3dnowpref, lzcnt, tsc, tscinvbit

/proc/cpuinfo:
processor	: 0
vendor_id	: GenuineIntel
cpu family	: 6
model		: 142
model name	: Intel(R) Core(TM) i5-8350U CPU @ 1.70GHz
stepping	: 10
cpu MHz		: 1895.998
cache size	: 6144 KB
physical id	: 0
siblings	: 4
core id		: 0
cpu cores	: 4
apicid		: 0
initial apicid	: 0
fpu		: yes
fpu_exception	: yes
cpuid level	: 22
wp		: yes
flags		: fpu vme de pse tsc msr pae mce cx8 apic sep mtrr pge mca cmov pat pse36 clflush mmx fxsr sse sse2 ht syscall nx rdtscp lm constant_tsc rep_good nopl xtopology nonstop_tsc tsc_known_freq pni pclmulqdq ssse3 cx16 pcid sse4_1 sse4_2 x2apic movbe popcnt aes xsave avx rdrand hypervisor lahf_lm abm 3dnowprefetch invpcid_single kaiser fsgsbase avx2 invpcid rdseed clflushopt flush_l1d
bugs		: cpu_meltdown spectre_v1 spectre_v2 spec_store_bypass l1tf mds swapgs itlb_multihit
bogomips	: 3791.99
clflush size	: 64
cache_alignment	: 64
address sizes	: 39 bits physical, 48 bits virtual
power management:

processor	: 1
vendor_id	: GenuineIntel
cpu family	: 6
model		: 142
model name	: Intel(R) Core(TM) i5-8350U CPU @ 1.70GHz
stepping	: 10
cpu MHz		: 1895.998
cache size	: 6144 KB
physical id	: 0
siblings	: 4
core id		: 1
cpu cores	: 4
apicid		: 1
initial apicid	: 1
fpu		: yes
fpu_exception	: yes
cpuid level	: 22
wp		: yes
flags		: fpu vme de pse tsc msr pae mce cx8 apic sep mtrr pge mca cmov pat pse36 clflush mmx fxsr sse sse2 ht syscall nx rdtscp lm constant_tsc rep_good nopl xtopology nonstop_tsc tsc_known_freq pni pclmulqdq ssse3 cx16 pcid sse4_1 sse4_2 x2apic movbe popcnt aes xsave avx rdrand hypervisor lahf_lm abm 3dnowprefetch invpcid_single kaiser fsgsbase avx2 invpcid rdseed clflushopt flush_l1d
bugs		: cpu_meltdown spectre_v1 spectre_v2 spec_store_bypass l1tf mds swapgs itlb_multihit
bogomips	: 3791.99
clflush size	: 64
cache_alignment	: 64
address sizes	: 39 bits physical, 48 bits virtual
power management:

processor	: 2
vendor_id	: GenuineIntel
cpu family	: 6
model		: 142
model name	: Intel(R) Core(TM) i5-8350U CPU @ 1.70GHz
stepping	: 10
cpu MHz		: 1895.998
cache size	: 6144 KB
physical id	: 0
siblings	: 4
core id		: 2
cpu cores	: 4
apicid		: 2
initial apicid	: 2
fpu		: yes
fpu_exception	: yes
cpuid level	: 22
wp		: yes
flags		: fpu vme de pse tsc msr pae mce cx8 apic sep mtrr pge mca cmov pat pse36 clflush mmx fxsr sse sse2 ht syscall nx rdtscp lm constant_tsc rep_good nopl xtopology nonstop_tsc tsc_known_freq pni pclmulqdq ssse3 cx16 pcid sse4_1 sse4_2 x2apic movbe popcnt aes xsave avx rdrand hypervisor lahf_lm abm 3dnowprefetch invpcid_single kaiser fsgsbase avx2 invpcid rdseed clflushopt flush_l1d
bugs		: cpu_meltdown spectre_v1 spectre_v2 spec_store_bypass l1tf mds swapgs itlb_multihit
bogomips	: 3791.99
clflush size	: 64
cache_alignment	: 64
address sizes	: 39 bits physical, 48 bits virtual
power management:

processor	: 3
vendor_id	: GenuineIntel
cpu family	: 6
model		: 142
model name	: Intel(R) Core(TM) i5-8350U CPU @ 1.70GHz
stepping	: 10
cpu MHz		: 1895.998
cache size	: 6144 KB
physical id	: 0
siblings	: 4
core id		: 3
cpu cores	: 4
apicid		: 3
initial apicid	: 3
fpu		: yes
fpu_exception	: yes
cpuid level	: 22
wp		: yes
flags		: fpu vme de pse tsc msr pae mce cx8 apic sep mtrr pge mca cmov pat pse36 clflush mmx fxsr sse sse2 ht syscall nx rdtscp lm constant_tsc rep_good nopl xtopology nonstop_tsc tsc_known_freq pni pclmulqdq ssse3 cx16 pcid sse4_1 sse4_2 x2apic movbe popcnt aes xsave avx rdrand hypervisor lahf_lm abm 3dnowprefetch invpcid_single kaiser fsgsbase avx2 invpcid rdseed clflushopt flush_l1d
bugs		: cpu_meltdown spectre_v1 spectre_v2 spec_store_bypass l1tf mds swapgs itlb_multihit
bogomips	: 3791.99
clflush size	: 64
cache_alignment	: 64
address sizes	: 39 bits physical, 48 bits virtual
power management:



Memory: 4k page, physical 2047664k(64380k free), swap 0k(0k free)

vm_info: OpenJDK 64-Bit Server VM (25.252-b09) for linux-amd64 JRE (1.8.0_252-8u252-b09-1~16.04-b09), built on Apr 15 2020 21:06:51 by "buildd" with gcc 5.4.0 20160609

time: Sun May 31 16:27:55 2020
timezone: UTC
elapsed time: 260 seconds (0d 0h 4m 20s)

